#
# A fatal error has been detected by the Java Runtime Environment:
#
#  EXCEPTION_ACCESS_VIOLATION (0xc0000005) at pc=0x00007fffa2e4ce40, pid=20756, tid=21588
#
# JRE version: OpenJDK Runtime Environment Temurin-21.0.7+6 (21.0.7+6) (build 21.0.7+6-LTS)
# Java VM: OpenJDK 64-Bit Server VM Temurin-21.0.7+6 (21.0.7+6-LTS, mixed mode, sharing, tiered, compressed oops, compressed class ptrs, parallel gc, windows-amd64)
# Problematic frame:
# V  [jvm.dll+0x2fce40]
#
# No core dump will be written. Minidumps are not enabled by default on client versions of Windows
#
# If you would like to submit a bug report, please visit:
#   https://github.com/adoptium/adoptium-support/issues
#

---------------  S U M M A R Y ------------

Command Line: --add-modules=ALL-SYSTEM --add-opens=java.base/java.util=ALL-UNNAMED --add-opens=java.base/java.lang=ALL-UNNAMED --add-opens=java.base/sun.nio.fs=ALL-UNNAMED -Declipse.application=org.eclipse.jdt.ls.core.id1 -Dosgi.bundles.defaultStartLevel=4 -Declipse.product=org.eclipse.jdt.ls.core.product -Djava.import.generatesMetadataFilesAtProjectRoot=false -DDetectVMInstallationsJob.disabled=true -Dfile.encoding=utf8 -XX:+UseParallelGC -XX:GCTimeRatio=4 -XX:AdaptiveSizePolicyWeight=90 -Dsun.zip.disableMemoryMapping=true -Xmx2G -Xms100m -Xlog:disable -javaagent:c:\Users\izzir\.vscode\extensions\redhat.java-1.42.0-win32-x64\lombok\lombok-1.18.36.jar -XX:+HeapDumpOnOutOfMemoryError -XX:HeapDumpPath=c:\Users\izzir\AppData\Roaming\Code\User\workspaceStorage\671d1b66211e74113c779bc18f7f62ec\redhat.java -Daether.dependencyCollector.impl=bf c:\Users\izzir\.vscode\extensions\redhat.java-1.42.0-win32-x64\server\plugins\org.eclipse.equinox.launcher_1.7.0.v20250424-1814.jar -configuration c:\Users\izzir\AppData\Roaming\Code\User\globalStorage\redhat.java\1.42.0\config_win -data c:\Users\izzir\AppData\Roaming\Code\User\workspaceStorage\671d1b66211e74113c779bc18f7f62ec\redhat.java\jdt_ws --pipe=\\.\pipe\lsp-81f9a7543ffd016be2d5fd2ceaafcf84-sock

Host: Intel(R) Core(TM) i9-14900HX, 32 cores, 15G,  Windows 11 , 64 bit Build 26100 (10.0.26100.3912)
Time: Fri May 23 19:21:59 2025 ora legale Europa occidentale elapsed time: 4846.966236 seconds (0d 1h 20m 46s)

---------------  T H R E A D  ---------------

Current thread (0x000002286ff9ac30):  JavaThread "C2 CompilerThread0" daemon [_thread_in_native, id=21588, stack(0x000000d936100000,0x000000d936200000) (1024K)]


Current CompileTask:
C2:4846966 36482       4       org.eclipse.jdt.internal.core.BinaryType::isInterface (44 bytes)

Stack: [0x000000d936100000,0x000000d936200000],  sp=0x000000d9361fbc10,  free space=1007k
Native frames: (J=compiled Java code, j=interpreted, Vv=VM code, C=native code)
V  [jvm.dll+0x2fce40]
V  [jvm.dll+0x2fe31a]
V  [jvm.dll+0x24924f]
V  [jvm.dll+0x246fc4]
V  [jvm.dll+0x1c760e]
V  [jvm.dll+0x25695a]
V  [jvm.dll+0x254efa]
V  [jvm.dll+0x3f03f6]
V  [jvm.dll+0x851f6b]
V  [jvm.dll+0x6cc7dd]
C  [ucrtbase.dll+0x37b0]
C  [KERNEL32.DLL+0x2e8d7]
C  [ntdll.dll+0x9c5dc]


siginfo: EXCEPTION_ACCESS_VIOLATION (0xc0000005), data execution prevention violation at address 0x00007fff22e4ce40


Registers:
RAX=0x0000000000000cf1, RBX=0x0000000000000000, RCX=0x0000000083ffffbd, RDX=0x00000228737fdf50
RSP=0x000000d9361fbc10, RBP=0x000000d9361fbd10, RSI=0x0000000000000008, RDI=0x000002287da58800
R8 =0x0000000080000000, R9 =0x000000d9361fbda0, R10=0x00007fffa354d1b0, R11=0x000000d9361fb9c0
R12=0x0000022873a6aca0, R13=0x000002287da58870, R14=0x0000000000000100, R15=0x0000000000000080
RIP=0x00007fffa2e4ce40, EFLAGS=0x0000000000010287

XMM[0]=0x0000000000000000 0x0000000000000000
XMM[1]=0x0000000000000000 0x0000000000000000
XMM[2]=0x0000000000000000 0x0000000000000000
XMM[3]=0x0000000000000000 0x0000000000000000
XMM[4]=0x0000000000000000 0x0000000000000000
XMM[5]=0x0000000000000000 0x0000000000000000
XMM[6]=0x0000000000000000 0x0000000000000000
XMM[7]=0x0000000000000000 0x0000000000000000
XMM[8]=0x0000000000000000 0x0000000000000000
XMM[9]=0x0000000000000000 0x0000000000000000
XMM[10]=0x0000000000000000 0x0000000000000000
XMM[11]=0x0000000000000000 0x0000000000000000
XMM[12]=0x0000000000000000 0x0000000000000000
XMM[13]=0x0000000000000000 0x0000000000000000
XMM[14]=0x0000000000000000 0x0000000000000000
XMM[15]=0x0000000000000000 0x0000000000000000
  MXCSR=0x00001fb2


Register to memory mapping:

RAX=0x0000000000000cf1 is an unknown value
RBX=0x0 is null
RCX=0x0000000083ffffbd is pointing into object: [B 
{0x0000000083ffff98} - klass: {type array byte}
 - length: 57
RDX=0x00000228737fdf50 points into unknown readable memory: 0x000007ff83ffffbd | bd ff ff 83 ff 07 00 00
RSP=0x000000d9361fbc10 is pointing into the stack for thread: 0x000002286ff9ac30
RBP=0x000000d9361fbd10 is pointing into the stack for thread: 0x000002286ff9ac30
RSI=0x0000000000000008 is an unknown value
RDI=0x000002287da58800 points into unknown readable memory: 0x0000112e0000112e | 2e 11 00 00 2e 11 00 00
R8 =0x0000000080000000 is an oop: jdk.internal.util.Preconditions$4 
{0x0000000080000000} - klass: 'jdk/internal/util/Preconditions$4'
 - ---- fields (total size 2 words):
 - final synthetic 'val$f' 'Ljava/util/function/Function;' @12  a 'jdk/internal/util/Preconditions$1'{0x00000000802d30e0} (0x802d30e0)
R9 =0x000000d9361fbda0 is pointing into the stack for thread: 0x000002286ff9ac30
R10=0x00007fffa354d1b0 jvm.dll
R11=0x000000d9361fb9c0 is pointing into the stack for thread: 0x000002286ff9ac30
R12=0x0000022873a6aca0 points into unknown readable memory: 0x00000228789428b0 | b0 28 94 78 28 02 00 00
R13=0x000002287da58870 points into unknown readable memory: 0x000002286ff831d0 | d0 31 f8 6f 28 02 00 00
R14=0x0000000000000100 is an unknown value
R15=0x0000000000000080 is an unknown value

Top of Stack: (sp=0x000000d9361fbc10)
0x000000d9361fbc10:   000000d9361fc150 0000022879fa1100
0x000000d9361fbc20:   000000d9361fbd10 0000022879fa1200
0x000000d9361fbc30:   0000000000000000 00007ff869f2d1df
0x000000d9361fbc40:   0000000000000400 0000000000000cf1
0x000000d9361fbc50:   00000228794a6200 0000008000000100
0x000000d9361fbc60:   0000000200000002 0000008000000100
0x000000d9361fbc70:   00000000000000bf 00000228737ff0d0
0x000000d9361fbc80:   0000004000000034 00000228737fe710
0x000000d9361fbc90:   0000000000000000 000004000000021f
0x000000d9361fbca0:   000002280999aa90 0000000000000000
0x000000d9361fbcb0:   0000000800000007 00000228737ff0d0
0x000000d9361fbcc0:   0000000000000000 0000022873800fd0
0x000000d9361fbcd0:   0000000200000000 00000228794a6200
0x000000d9361fbce0:   0000000000000000 00000228738023d0
0x000000d9361fbcf0:   00000228738033b0 00000228738017d0
0x000000d9361fbd00:   00000228794a6220 00000228794a6230
0x000000d9361fbd10:   000000d9361fe140 0000022873a6ac50
0x000000d9361fbd20:   000000800000005a 00000228738023d0
0x000000d9361fbd30:   0000000000000000 0000000200000000
0x000000d9361fbd40:   00000228794a6220 0000000000000000
0x000000d9361fbd50:   000000800000006b 00000228738017d0
0x000000d9361fbd60:   0000000000000000 0000010000000086
0x000000d9361fbd70:   00000228738033b0 0000000000000000
0x000000d9361fbd80:   0000000200000000 00000228794a6230
0x000000d9361fbd90:   0000000000000000 00007fffa2c155b3
0x000000d9361fbda0:   000002286ff831d0 000000d900000200
0x000000d9361fbdb0:   0000022873804bb0 0000000000000119
0x000000d9361fbdc0:   000000d900000100 00000228738027d0
0x000000d9361fbdd0:   0000022800000100 000002286ff831d0
0x000000d9361fbde0:   0000000000000000 000002287da58830
0x000000d9361fbdf0:   000000d9361f0000 0000000000000000
0x000000d9361fbe00:   000002286ff874c0 00007fffa2e4a300 

Instructions: (pc=0x00007fffa2e4ce40)
0x00007fffa2e4cd40:   18 48 89 5d 20 e8 36 1e 0a 00 0f 57 c0 48 89 45
0x00007fffa2e4cd50:   b8 8d 53 08 89 5c 24 60 8b ce 89 74 24 58 0f 11
0x00007fffa2e4cd60:   00 44 8b f6 e8 17 1e 0a 00 8b ce 48 89 45 e0 89
0x00007fffa2e4cd70:   4c 24 48 4c 8d 05 be 5c 9b 00 89 4d 5c 48 8d 15
0x00007fffa2e4cd80:   54 33 72 00 0f 57 c0 89 5d 58 48 8d 8d e0 00 00
0x00007fffa2e4cd90:   00 48 89 45 60 0f 11 00 48 89 5d 68 e8 7f a8 f4
0x00007fffa2e4cda0:   ff 41 8b 9c 24 50 02 00 00 4c 8d 6f 70 41 2b 9c
0x00007fffa2e4cdb0:   24 78 02 00 00 41 3b 5d 08 72 0a 8b d3 49 8b cd
0x00007fffa2e4cdc0:   e8 db c8 3a 00 49 8b 45 10 48 c7 04 d8 00 00 00
0x00007fffa2e4cdd0:   00 49 8b 94 24 e0 02 00 00 48 85 d2 74 08 49 8b
0x00007fffa2e4cde0:   cd e8 1a 52 dd ff 48 8b 87 c8 00 00 00 48 8d 95
0x00007fffa2e4cdf0:   a8 01 00 00 48 8d 4d 88 48 89 85 a8 01 00 00 e8
0x00007fffa2e4ce00:   3c ca d0 ff 48 8d 97 c8 00 00 00 48 8d 4c 24 70
0x00007fffa2e4ce10:   e8 2b ca d0 ff 33 c0 89 44 24 38 39 87 88 00 00
0x00007fffa2e4ce20:   00 0f 86 b9 0f 00 00 8b 4d 8c 48 8b 5d 80 89 4c
0x00007fffa2e4ce30:   24 30 8b 4c 24 74 89 8d a8 01 00 00 0f 1f 40 00
0x00007fffa2e4ce40:   8b c8 4c 8d 85 90 00 00 00 48 8b 87 80 00 00 00
0x00007fffa2e4ce50:   4c 8b 24 c8 48 8b cf 49 8b d4 4c 89 65 08 e8 bd
0x00007fffa2e4ce60:   eb ff ff 49 63 4c 24 28 48 8b 47 08 48 8b 3c c8
0x00007fffa2e4ce70:   48 85 ff 0f 84 9d 03 00 00 48 8b 85 90 01 00 00
0x00007fffa2e4ce80:   48 3b b8 c8 00 00 00 0f 84 89 03 00 00 8b 45 88
0x00007fffa2e4ce90:   3b 44 24 30 0f 85 da 00 00 00 44 8d 48 01 44 89
0x00007fffa2e4cea0:   4c 24 30 45 85 c9 7e 09 41 8d 41 ff 41 85 c1 74
0x00007fffa2e4ceb0:   14 41 0f bd c9 41 b9 01 00 00 00 ff c1 41 d3 e1
0x00007fffa2e4cec0:   44 89 4c 24 30 48 8b 45 98 ba 08 00 00 00 44 89
0x00007fffa2e4ced0:   4d 8c 41 8b c9 48 85 c0 75 07 e8 a1 1c 0a 00 eb
0x00007fffa2e4cee0:   18 f6 45 98 01 4c 8b c0 74 0a 49 d1 e8 e8 6e 1c
0x00007fffa2e4cef0:   0a 00 eb 05 e8 27 1c 0a 00 48 8b d8 45 33 c9 8b
0x00007fffa2e4cf00:   45 88 85 c0 7e 2b 4c 8b 45 90 48 8b cb 4c 2b c3
0x00007fffa2e4cf10:   44 8b c8 8b d0 66 66 66 0f 1f 84 00 00 00 00 00
0x00007fffa2e4cf20:   49 8b 04 08 48 89 01 48 8d 49 08 48 83 ea 01 75
0x00007fffa2e4cf30:   ef 8b 54 24 30 44 3b ca 7d 18 44 8b c2 49 63 c1 


Stack slot to memory mapping:

stack at sp + 0 slots: 0x000000d9361fc150 is pointing into the stack for thread: 0x000002286ff9ac30
stack at sp + 1 slots: 0x0000022879fa1100 points into unknown readable memory: 0x00007fffa35c4d18 | 18 4d 5c a3 ff 7f 00 00
stack at sp + 2 slots: 0x000000d9361fbd10 is pointing into the stack for thread: 0x000002286ff9ac30
stack at sp + 3 slots: 0x0000022879fa1200 points into unknown readable memory: 0x00007fffa34bd218 | 18 d2 4b a3 ff 7f 00 00
stack at sp + 4 slots: 0x0 is null
stack at sp + 5 slots: 0x00007ff869f2d1df KERNELBASE.dll
stack at sp + 6 slots: 0x0000000000000400 is an unknown value
stack at sp + 7 slots: 0x0000000000000cf1 is an unknown value


---------------  P R O C E S S  ---------------

Threads class SMR info:
_java_thread_list=0x000002287bf57d80, length=108, elements={
0x0000022816d9c420, 0x000002286ff823d0, 0x000002282d83cf00, 0x000002286ff8b190,
0x000002286ff8ab00, 0x000002286ff8cbd0, 0x000002286ff89750, 0x000002286ff9ac30,
0x000002286ffa7040, 0x000002286ff8a470, 0x000002286ff89de0, 0x000002286ff8b820,
0x000002286ff8beb0, 0x000002286ff8c540, 0x000002287836ce60, 0x000002287836c7d0,
0x000002287836d4f0, 0x000002287836db80, 0x000002287836a700, 0x000002287836ef30,
0x000002287836f5c0, 0x000002287836c140, 0x00000228783702e0, 0x0000022878371000,
0x0000022878371690, 0x0000022878371d20, 0x0000022878370970, 0x000002287836fc50,
0x000002287b9dc330, 0x000002287b9ddd70, 0x000002287b9de400, 0x000002287b9db610,
0x000002287b9dd050, 0x000002287b9dd6e0, 0x000002287b9dea90, 0x000002287b9df120,
0x000002287b9dbca0, 0x000002287b9df7b0, 0x000002287b9dfe40, 0x000002287b9dc9c0,
0x000002287b9e04d0, 0x000002287b9e1f10, 0x000002287b9e25a0, 0x000002287b9e2c30,
0x000002287b9e0b60, 0x000002287b9e11f0, 0x000002287b9e1880, 0x000002287b6cd630,
0x000002287b6ccfa0, 0x000002287b6d0420, 0x000002287b6ce9e0, 0x000002287b6cdcc0,
0x000002287b6cfd90, 0x000002287b6ce350, 0x000002287b6d0ab0, 0x000002287b6d1140,
0x000002287e09a8b0, 0x000002287e09af40, 0x000002287e09d010, 0x000002287ce724c0,
0x000002287da234e0, 0x000002287e099b90, 0x000002287e09a220, 0x000002287e09c2f0,
0x000002280d8f77d0, 0x000002280d8fd3b0, 0x000002280d8fe0d0, 0x000002280d8fe760,
0x000002280d8fedf0, 0x000002287ce72b50, 0x000002287ce70a80, 0x000002287ce73870,
0x000002287ce703f0, 0x000002287ce73f00, 0x000002287ce717a0, 0x000002287ce71110,
0x000002287ce76cf0, 0x000002287ce74590, 0x000002287da227c0, 0x000002287da26ff0,
0x000002287e098150, 0x000002287e096da0, 0x000002287e096710, 0x000002287e097ac0,
0x000002287e09b5d0, 0x000002287e09bc60, 0x000002287e0987e0, 0x000002287e098e70,
0x000002287e09c980, 0x000002287e09d6a0, 0x000002287c1e2210, 0x000002287c1e14f0,
0x000002287c1e28a0, 0x000002287c1e3c50, 0x000002287c1e0e60, 0x000002287c1e63b0,
0x000002287c1e8480, 0x000002287c1e70d0, 0x000002287c1e7760, 0x000002287b6cf070,
0x000002287b6d17d0, 0x000002287b6d24f0, 0x000002287b6d2b80, 0x000002280d8f8b80,
0x000002287da20d80, 0x000002280d8fb2e0, 0x000002280d8f84f0, 0x000002280d8f7e60
}

Java Threads: ( => current thread )
  0x0000022816d9c420 JavaThread "main"                              [_thread_blocked, id=20824, stack(0x000000d935700000,0x000000d935800000) (1024K)]
  0x000002286ff823d0 JavaThread "Reference Handler"          daemon [_thread_blocked, id=21564, stack(0x000000d935b00000,0x000000d935c00000) (1024K)]
  0x000002282d83cf00 JavaThread "Finalizer"                  daemon [_thread_blocked, id=21556, stack(0x000000d935c00000,0x000000d935d00000) (1024K)]
  0x000002286ff8b190 JavaThread "Signal Dispatcher"          daemon [_thread_blocked, id=21608, stack(0x000000d935d00000,0x000000d935e00000) (1024K)]
  0x000002286ff8ab00 JavaThread "Attach Listener"            daemon [_thread_blocked, id=21604, stack(0x000000d935e00000,0x000000d935f00000) (1024K)]
  0x000002286ff8cbd0 JavaThread "Service Thread"             daemon [_thread_blocked, id=21600, stack(0x000000d935f00000,0x000000d936000000) (1024K)]
  0x000002286ff89750 JavaThread "Monitor Deflation Thread"   daemon [_thread_blocked, id=21596, stack(0x000000d936000000,0x000000d936100000) (1024K)]
=>0x000002286ff9ac30 JavaThread "C2 CompilerThread0"         daemon [_thread_in_native, id=21588, stack(0x000000d936100000,0x000000d936200000) (1024K)]
  0x000002286ffa7040 JavaThread "C1 CompilerThread0"         daemon [_thread_blocked, id=21584, stack(0x000000d936200000,0x000000d936300000) (1024K)]
  0x000002286ff8a470 JavaThread "Common-Cleaner"             daemon [_thread_blocked, id=21612, stack(0x000000d936400000,0x000000d936500000) (1024K)]
  0x000002286ff89de0 JavaThread "Notification Thread"        daemon [_thread_blocked, id=22168, stack(0x000000d936900000,0x000000d936a00000) (1024K)]
  0x000002286ff8b820 JavaThread "Active Thread: Equinox Container: 3e9d095b-c18a-47f8-b4a8-7f8ef9d494a7"        [_thread_blocked, id=22284, stack(0x000000d937400000,0x000000d937500000) (1024K)]
  0x000002286ff8beb0 JavaThread "Refresh Thread: Equinox Container: 3e9d095b-c18a-47f8-b4a8-7f8ef9d494a7" daemon [_thread_blocked, id=22452, stack(0x000000d936500000,0x000000d936600000) (1024K)]
  0x000002286ff8c540 JavaThread "Framework Event Dispatcher: Equinox Container: 3e9d095b-c18a-47f8-b4a8-7f8ef9d494a7" daemon [_thread_blocked, id=22116, stack(0x000000d936700000,0x000000d936800000) (1024K)]
  0x000002287836ce60 JavaThread "Start Level: Equinox Container: 3e9d095b-c18a-47f8-b4a8-7f8ef9d494a7" daemon [_thread_blocked, id=22436, stack(0x000000d936800000,0x000000d936900000) (1024K)]
  0x000002287836c7d0 JavaThread "Bundle File Closer"         daemon [_thread_blocked, id=23272, stack(0x000000d937300000,0x000000d937400000) (1024K)]
  0x000002287836d4f0 JavaThread "SCR Component Actor"        daemon [_thread_blocked, id=23304, stack(0x000000d936300000,0x000000d936400000) (1024K)]
  0x000002287836db80 JavaThread "Worker-JM"                         [_thread_blocked, id=12108, stack(0x000000d937a00000,0x000000d937b00000) (1024K)]
  0x000002287836a700 JavaThread "JNA Cleaner"                daemon [_thread_blocked, id=23444, stack(0x000000d937f00000,0x000000d938000000) (1024K)]
  0x000002287836ef30 JavaThread "Java indexing"              daemon [_thread_blocked, id=21068, stack(0x000000d938b00000,0x000000d938c00000) (1024K)]
  0x000002287836f5c0 JavaThread "Thread-2"                   daemon [_thread_in_native, id=21148, stack(0x000000d939100000,0x000000d939200000) (1024K)]
  0x000002287836c140 JavaThread "Thread-3"                   daemon [_thread_in_native, id=13344, stack(0x000000d939200000,0x000000d939300000) (1024K)]
  0x00000228783702e0 JavaThread "Thread-4"                   daemon [_thread_in_native, id=23492, stack(0x000000d939300000,0x000000d939400000) (1024K)]
  0x0000022878371000 JavaThread "Thread-5"                   daemon [_thread_in_native, id=21284, stack(0x000000d939400000,0x000000d939500000) (1024K)]
  0x0000022878371690 JavaThread "Thread-6"                   daemon [_thread_in_native, id=21288, stack(0x000000d939500000,0x000000d939600000) (1024K)]
  0x0000022878371d20 JavaThread "Thread-7"                   daemon [_thread_in_native, id=21212, stack(0x000000d939600000,0x000000d939700000) (1024K)]
  0x0000022878370970 JavaThread "Thread-8"                   daemon [_thread_in_native, id=23472, stack(0x000000d939700000,0x000000d939800000) (1024K)]
  0x000002287836fc50 JavaThread "Thread-9"                   daemon [_thread_in_native, id=23468, stack(0x000000d939800000,0x000000d939900000) (1024K)]
  0x000002287b9dc330 JavaThread "Thread-10"                  daemon [_thread_in_native, id=23464, stack(0x000000d939900000,0x000000d939a00000) (1024K)]
  0x000002287b9ddd70 JavaThread "Thread-11"                  daemon [_thread_in_native, id=23496, stack(0x000000d939a00000,0x000000d939b00000) (1024K)]
  0x000002287b9de400 JavaThread "Thread-12"                  daemon [_thread_in_native, id=23500, stack(0x000000d939b00000,0x000000d939c00000) (1024K)]
  0x000002287b9db610 JavaThread "Thread-13"                  daemon [_thread_in_native, id=23216, stack(0x000000d939c00000,0x000000d939d00000) (1024K)]
  0x000002287b9dd050 JavaThread "Thread-14"                  daemon [_thread_in_native, id=23220, stack(0x000000d939d00000,0x000000d939e00000) (1024K)]
  0x000002287b9dd6e0 JavaThread "Thread-15"                  daemon [_thread_in_native, id=23460, stack(0x000000d939e00000,0x000000d939f00000) (1024K)]
  0x000002287b9dea90 JavaThread "Thread-16"                  daemon [_thread_in_native, id=23456, stack(0x000000d939f00000,0x000000d93a000000) (1024K)]
  0x000002287b9df120 JavaThread "Thread-17"                  daemon [_thread_in_native, id=21380, stack(0x000000d93a000000,0x000000d93a100000) (1024K)]
  0x000002287b9dbca0 JavaThread "Thread-18"                  daemon [_thread_in_native, id=21360, stack(0x000000d93a100000,0x000000d93a200000) (1024K)]
  0x000002287b9df7b0 JavaThread "Thread-19"                  daemon [_thread_in_native, id=21268, stack(0x000000d93a200000,0x000000d93a300000) (1024K)]
  0x000002287b9dfe40 JavaThread "Thread-20"                  daemon [_thread_in_native, id=21236, stack(0x000000d93a300000,0x000000d93a400000) (1024K)]
  0x000002287b9dc9c0 JavaThread "Thread-21"                  daemon [_thread_in_native, id=21252, stack(0x000000d93a400000,0x000000d93a500000) (1024K)]
  0x000002287b9e04d0 JavaThread "Thread-22"                  daemon [_thread_in_native, id=21240, stack(0x000000d93a500000,0x000000d93a600000) (1024K)]
  0x000002287b9e1f10 JavaThread "Thread-23"                  daemon [_thread_in_native, id=13496, stack(0x000000d93a600000,0x000000d93a700000) (1024K)]
  0x000002287b9e25a0 JavaThread "Thread-24"                  daemon [_thread_in_native, id=13544, stack(0x000000d93a700000,0x000000d93a800000) (1024K)]
  0x000002287b9e2c30 JavaThread "Thread-25"                  daemon [_thread_in_native, id=13524, stack(0x000000d93a800000,0x000000d93a900000) (1024K)]
  0x000002287b9e0b60 JavaThread "Thread-26"                  daemon [_thread_in_native, id=23308, stack(0x000000d93a900000,0x000000d93aa00000) (1024K)]
  0x000002287b9e11f0 JavaThread "Thread-27"                  daemon [_thread_in_native, id=5096, stack(0x000000d93aa00000,0x000000d93ab00000) (1024K)]
  0x000002287b9e1880 JavaThread "Thread-28"                  daemon [_thread_in_native, id=21400, stack(0x000000d93ab00000,0x000000d93ac00000) (1024K)]
  0x000002287b6cd630 JavaThread "Thread-29"                  daemon [_thread_in_native, id=20044, stack(0x000000d93ac00000,0x000000d93ad00000) (1024K)]
  0x000002287b6ccfa0 JavaThread "Thread-30"                  daemon [_thread_in_native, id=21272, stack(0x000000d93ad00000,0x000000d93ae00000) (1024K)]
  0x000002287b6d0420 JavaThread "Thread-31"                  daemon [_thread_in_native, id=9576, stack(0x000000d93ae00000,0x000000d93af00000) (1024K)]
  0x000002287b6ce9e0 JavaThread "Thread-32"                  daemon [_thread_in_native, id=19468, stack(0x000000d93af00000,0x000000d93b000000) (1024K)]
  0x000002287b6cdcc0 JavaThread "Thread-33"                  daemon [_thread_in_native, id=20616, stack(0x000000d93b000000,0x000000d93b100000) (1024K)]
  0x000002287b6cfd90 JavaThread "Thread-34"                  daemon [_thread_in_native, id=6520, stack(0x000000d93b100000,0x000000d93b200000) (1024K)]
  0x000002287b6ce350 JavaThread "pool-2-thread-1"                   [_thread_blocked, id=20272, stack(0x000000d93b400000,0x000000d93b500000) (1024K)]
  0x000002287b6d0ab0 JavaThread "WorkspaceEventsHandler"            [_thread_blocked, id=12600, stack(0x000000d93b700000,0x000000d93b800000) (1024K)]
  0x000002287b6d1140 JavaThread "pool-1-thread-1"                   [_thread_blocked, id=6628, stack(0x000000d93b800000,0x000000d93b900000) (1024K)]
  0x000002287e09a8b0 JavaThread "ForkJoinPool.commonPool-worker-2" daemon [_thread_blocked, id=9048, stack(0x000000d93f300000,0x000000d93f400000) (1024K)]
  0x000002287e09af40 JavaThread "ForkJoinPool.commonPool-worker-3" daemon [_thread_blocked, id=10124, stack(0x000000d93f400000,0x000000d93f500000) (1024K)]
  0x000002287e09d010 JavaThread "ForkJoinPool.commonPool-worker-7" daemon [_thread_blocked, id=23064, stack(0x000000d93f800000,0x000000d93f900000) (1024K)]
  0x000002287ce724c0 JavaThread "Cleaner-0"                  daemon [_thread_blocked, id=3888, stack(0x000000d93ba00000,0x000000d93bb00000) (1024K)]
  0x000002287da234e0 JavaThread "ForkJoinPool.commonPool-worker-10" daemon [_thread_blocked, id=13640, stack(0x000000d938500000,0x000000d938600000) (1024K)]
  0x000002287e099b90 JavaThread "ForkJoinPool.commonPool-worker-11" daemon [_thread_blocked, id=17284, stack(0x000000d937e00000,0x000000d937f00000) (1024K)]
  0x000002287e09a220 JavaThread "ForkJoinPool.commonPool-worker-12" daemon [_thread_blocked, id=9660, stack(0x000000d93b900000,0x000000d93ba00000) (1024K)]
  0x000002287e09c2f0 JavaThread "ForkJoinPool.commonPool-worker-14" daemon [_thread_blocked, id=21140, stack(0x000000d93be00000,0x000000d93bf00000) (1024K)]
  0x000002280d8f77d0 JavaThread "Compiler Source File Reader" daemon [_thread_blocked, id=7388, stack(0x000000d935400000,0x000000d935500000) (1024K)]
  0x000002280d8fd3b0 JavaThread "Compiler Source File Reader" daemon [_thread_blocked, id=13868, stack(0x000000d935600000,0x000000d935700000) (1024K)]
  0x000002280d8fe0d0 JavaThread "Compiler Source File Reader" daemon [_thread_blocked, id=13888, stack(0x000000d937200000,0x000000d937300000) (1024K)]
  0x000002280d8fe760 JavaThread "Compiler Source File Reader" daemon [_thread_blocked, id=22204, stack(0x000000d937d00000,0x000000d937e00000) (1024K)]
  0x000002280d8fedf0 JavaThread "Compiler Source File Reader" daemon [_thread_blocked, id=9424, stack(0x000000d938200000,0x000000d938300000) (1024K)]
  0x000002287ce72b50 JavaThread "Compiler Source File Reader" daemon [_thread_blocked, id=22748, stack(0x000000d938800000,0x000000d938900000) (1024K)]
  0x000002287ce70a80 JavaThread "Compiler Source File Reader" daemon [_thread_blocked, id=20508, stack(0x000000d938900000,0x000000d938a00000) (1024K)]
  0x000002287ce73870 JavaThread "Compiler Source File Reader" daemon [_thread_blocked, id=15140, stack(0x000000d938e00000,0x000000d938f00000) (1024K)]
  0x000002287ce703f0 JavaThread "Compiler Source File Reader" daemon [_thread_blocked, id=22884, stack(0x000000d938f00000,0x000000d939000000) (1024K)]
  0x000002287ce73f00 JavaThread "Compiler Source File Reader" daemon [_thread_blocked, id=23692, stack(0x000000d939000000,0x000000d939100000) (1024K)]
  0x000002287ce717a0 JavaThread "Compiler Source File Reader" daemon [_thread_blocked, id=11624, stack(0x000000d93b500000,0x000000d93b600000) (1024K)]
  0x000002287ce71110 JavaThread "Compiler Source File Reader" daemon [_thread_blocked, id=12152, stack(0x000000d93bc00000,0x000000d93bd00000) (1024K)]
  0x000002287ce76cf0 JavaThread "Compiler Source File Reader" daemon [_thread_blocked, id=9684, stack(0x000000d93b600000,0x000000d93b700000) (1024K)]
  0x000002287ce74590 JavaThread "Compiler Source File Reader" daemon [_thread_blocked, id=20320, stack(0x000000d93bd00000,0x000000d93be00000) (1024K)]
  0x000002287da227c0 JavaThread "Worker-15"                         [_thread_blocked, id=11004, stack(0x000000d937800000,0x000000d937900000) (1024K)]
  0x000002287da26ff0 JavaThread "Java Debug Server"          daemon [_thread_in_native, id=5948, stack(0x000000d93c300000,0x000000d93c400000) (1024K)]
  0x000002287e098150 JavaThread "RxSchedulerPurge-1"         daemon [_thread_blocked, id=11780, stack(0x000000d93c500000,0x000000d93c600000) (1024K)]
  0x000002287e096da0 JavaThread "RxCachedWorkerPoolEvictor-1" daemon [_thread_blocked, id=2388, stack(0x000000d93c600000,0x000000d93c700000) (1024K)]
  0x000002287e096710 JavaThread "ForkJoinPool.commonPool-worker-15" daemon [_thread_blocked, id=16748, stack(0x000000d93c000000,0x000000d93c100000) (1024K)]
  0x000002287e097ac0 JavaThread "ForkJoinPool.commonPool-worker-16" daemon [_thread_blocked, id=4540, stack(0x000000d93c100000,0x000000d93c200000) (1024K)]
  0x000002287e09b5d0 JavaThread "ForkJoinPool.commonPool-worker-17" daemon [_thread_blocked, id=24076, stack(0x000000d93c200000,0x000000d93c300000) (1024K)]
  0x000002287e09bc60 JavaThread "ForkJoinPool.commonPool-worker-18" daemon [_thread_blocked, id=18248, stack(0x000000d93c400000,0x000000d93c500000) (1024K)]
  0x000002287e0987e0 JavaThread "ForkJoinPool.commonPool-worker-19" daemon [_thread_blocked, id=16220, stack(0x000000d93c700000,0x000000d93c800000) (1024K)]
  0x000002287e098e70 JavaThread "ForkJoinPool.commonPool-worker-20" daemon [_thread_blocked, id=16676, stack(0x000000d93c800000,0x000000d93c900000) (1024K)]
  0x000002287e09c980 JavaThread "ForkJoinPool.commonPool-worker-21" daemon [_thread_blocked, id=1088, stack(0x000000d93c900000,0x000000d93ca00000) (1024K)]
  0x000002287e09d6a0 JavaThread "ForkJoinPool.commonPool-worker-22" daemon [_thread_blocked, id=12632, stack(0x000000d93ca00000,0x000000d93cb00000) (1024K)]
  0x000002287c1e2210 JavaThread "ForkJoinPool.commonPool-worker-23" daemon [_thread_blocked, id=3352, stack(0x000000d93cb00000,0x000000d93cc00000) (1024K)]
  0x000002287c1e14f0 JavaThread "ForkJoinPool.commonPool-worker-29" daemon [_thread_blocked, id=9140, stack(0x000000d93cc00000,0x000000d93cd00000) (1024K)]
  0x000002287c1e28a0 JavaThread "ForkJoinPool.commonPool-worker-24" daemon [_thread_blocked, id=17948, stack(0x000000d93cd00000,0x000000d93ce00000) (1024K)]
  0x000002287c1e3c50 JavaThread "ForkJoinPool.commonPool-worker-26" daemon [_thread_blocked, id=22972, stack(0x000000d93ce00000,0x000000d93cf00000) (1024K)]
  0x000002287c1e0e60 JavaThread "ForkJoinPool.commonPool-worker-27" daemon [_thread_blocked, id=16688, stack(0x000000d93cf00000,0x000000d93d000000) (1024K)]
  0x000002287c1e63b0 JavaThread "ForkJoinPool.commonPool-worker-28" daemon [_thread_blocked, id=13072, stack(0x000000d93d000000,0x000000d93d100000) (1024K)]
  0x000002287c1e8480 JavaThread "ForkJoinPool.commonPool-worker-30" daemon [_thread_blocked, id=14648, stack(0x000000d93d100000,0x000000d93d200000) (1024K)]
  0x000002287c1e70d0 JavaThread "ForkJoinPool.commonPool-worker-25" daemon [_thread_blocked, id=12236, stack(0x000000d93d200000,0x000000d93d300000) (1024K)]
  0x000002287c1e7760 JavaThread "ForkJoinPool.commonPool-worker-31" daemon [_thread_blocked, id=24400, stack(0x000000d93d300000,0x000000d93d400000) (1024K)]
  0x000002287b6cf070 JavaThread "ForkJoinPool.commonPool-worker-32" daemon [_thread_blocked, id=11652, stack(0x000000d93d400000,0x000000d93d500000) (1024K)]
  0x000002287b6d17d0 JavaThread "ForkJoinPool.commonPool-worker-33" daemon [_thread_blocked, id=10396, stack(0x000000d93d500000,0x000000d93d600000) (1024K)]
  0x000002287b6d24f0 JavaThread "ForkJoinPool.commonPool-worker-34" daemon [_thread_blocked, id=22332, stack(0x000000d93d600000,0x000000d93d700000) (1024K)]
  0x000002287b6d2b80 JavaThread "ForkJoinPool.commonPool-worker-35" daemon [_thread_blocked, id=18476, stack(0x000000d93d700000,0x000000d93d800000) (1024K)]
  0x000002280d8f8b80 JavaThread "Compiler Source File Reader" daemon [_thread_blocked, id=11596, stack(0x000000d937900000,0x000000d937a00000) (1024K)]
  0x000002287da20d80 JavaThread "Worker-18"                         [_thread_blocked, id=20452, stack(0x000000d937600000,0x000000d937700000) (1024K)]
  0x000002280d8fb2e0 JavaThread "Compiler Processing Task"   daemon [_thread_blocked, id=19340, stack(0x000000d935500000,0x000000d935600000) (1024K)]
  0x000002280d8f84f0 JavaThread "Worker-20"                         [_thread_blocked, id=6704, stack(0x000000d938000000,0x000000d938100000) (1024K)]
  0x000002280d8f7e60 JavaThread "Thread-39"                  daemon [_thread_in_native, id=10432, stack(0x000000d938100000,0x000000d938200000) (1024K)]
Total: 108

Other Threads:
  0x0000022816e5ebb0 VMThread "VM Thread"                           [id=22140, stack(0x000000d935a00000,0x000000d935b00000) (1024K)]
  0x000002282d71ca00 WatcherThread "VM Periodic Task Thread"        [id=22000, stack(0x000000d935900000,0x000000d935a00000) (1024K)]
  0x0000022816dba5c0 WorkerThread "GC Thread#0"                     [id=22188, stack(0x000000d935800000,0x000000d935900000) (1024K)]
  0x0000022873cdb150 WorkerThread "GC Thread#1"                     [id=4744, stack(0x000000d936b00000,0x000000d936c00000) (1024K)]
  0x0000022873c328e0 WorkerThread "GC Thread#2"                     [id=22484, stack(0x000000d936c00000,0x000000d936d00000) (1024K)]
  0x0000022873c32c80 WorkerThread "GC Thread#3"                     [id=22480, stack(0x000000d936d00000,0x000000d936e00000) (1024K)]
  0x0000022873a3cef0 WorkerThread "GC Thread#4"                     [id=22456, stack(0x000000d936e00000,0x000000d936f00000) (1024K)]
  0x0000022873a3cb50 WorkerThread "GC Thread#5"                     [id=22416, stack(0x000000d936f00000,0x000000d937000000) (1024K)]
  0x0000022873a3d630 WorkerThread "GC Thread#6"                     [id=22412, stack(0x000000d937000000,0x000000d937100000) (1024K)]
  0x0000022873a3bcd0 WorkerThread "GC Thread#7"                     [id=22024, stack(0x000000d937500000,0x000000d937600000) (1024K)]
  0x0000022873a3d290 WorkerThread "GC Thread#8"                     [id=23196, stack(0x000000d936600000,0x000000d936700000) (1024K)]
  0x0000022873a3c7b0 WorkerThread "GC Thread#9"                     [id=23200, stack(0x000000d936a00000,0x000000d936b00000) (1024K)]
  0x00000228785aab50 WorkerThread "GC Thread#10"                    [id=23204, stack(0x000000d937100000,0x000000d937200000) (1024K)]
  0x00000228785ad330 WorkerThread "GC Thread#11"                    [id=23048, stack(0x000000d937700000,0x000000d937800000) (1024K)]
  0x00000228785ada70 WorkerThread "GC Thread#12"                    [id=1656, stack(0x000000d937b00000,0x000000d937c00000) (1024K)]
  0x00000228785abd70 WorkerThread "GC Thread#13"                    [id=23384, stack(0x000000d937c00000,0x000000d937d00000) (1024K)]
  0x00000228785ab9d0 WorkerThread "GC Thread#14"                    [id=4548, stack(0x000000d938300000,0x000000d938400000) (1024K)]
  0x00000228785ac850 WorkerThread "GC Thread#15"                    [id=18576, stack(0x000000d938400000,0x000000d938500000) (1024K)]
  0x00000228785ab630 WorkerThread "GC Thread#16"                    [id=23448, stack(0x000000d938600000,0x000000d938700000) (1024K)]
  0x00000228785ac4b0 WorkerThread "GC Thread#17"                    [id=23452, stack(0x000000d938700000,0x000000d938800000) (1024K)]
  0x00000228785acf90 WorkerThread "GC Thread#18"                    [id=2428, stack(0x000000d938a00000,0x000000d938b00000) (1024K)]
  0x0000022879a2cf90 WorkerThread "GC Thread#19"                    [id=23428, stack(0x000000d938c00000,0x000000d938d00000) (1024K)]
  0x0000022879a2de10 WorkerThread "GC Thread#20"                    [id=23416, stack(0x000000d938d00000,0x000000d938e00000) (1024K)]
  0x0000022879a2b9d0 WorkerThread "GC Thread#21"                    [id=19860, stack(0x000000d93b200000,0x000000d93b300000) (1024K)]
  0x0000022879a2c4b0 WorkerThread "GC Thread#22"                    [id=20276, stack(0x000000d93b300000,0x000000d93b400000) (1024K)]
Total: 25

Threads with active compile tasks:
C2 CompilerThread0  4846992 36482       4       org.eclipse.jdt.internal.core.BinaryType::isInterface (44 bytes)
Total: 1

VM state: not at safepoint (normal execution)

VM Mutex/Monitor currently owned by a thread: None

Heap address: 0x0000000080000000, size: 2048 MB, Compressed Oops mode: 32-bit

CDS archive(s) mapped at: [0x000002282e000000-0x000002282eba0000-0x000002282eba0000), size 12189696, SharedBaseAddress: 0x000002282e000000, ArchiveRelocationMode: 1.
Compressed class space mapped at: 0x000002282f000000-0x000002286f000000, reserved size: 1073741824
Narrow klass base: 0x000002282e000000, Narrow klass shift: 0, Narrow klass range: 0x100000000

GC Precious Log:
 CardTable entry size: 512
 CPUs: 32 total, 32 available
 Memory: 16088M
 Large Page Support: Disabled
 NUMA Support: Disabled
 Compressed Oops: Enabled (32-bit)
 Alignments: Space 512K, Generation 512K, Heap 2M
 Heap Min Capacity: 100M
 Heap Initial Capacity: 100M
 Heap Max Capacity: 2G
 Pre-touch: Disabled
 Parallel Workers: 23

Heap:
 PSYoungGen      total 5120K, used 4075K [0x00000000d5580000, 0x00000000d5d00000, 0x0000000100000000)
  eden space 4608K, 77% used [0x00000000d5580000,0x00000000d58fc720,0x00000000d5a00000)
  from space 512K, 98% used [0x00000000d5b80000,0x00000000d5bfe530,0x00000000d5c00000)
  to   space 1536K, 0% used [0x00000000d5a00000,0x00000000d5a00000,0x00000000d5b80000)
 ParOldGen       total 256000K, used 255817K [0x0000000080000000, 0x000000008fa00000, 0x00000000d5580000)
  object space 256000K, 99% used [0x0000000080000000,0x000000008f9d2640,0x000000008fa00000)
 Metaspace       used 93888K, committed 95488K, reserved 1179648K
  class space    used 8928K, committed 9664K, reserved 1048576K

Card table byte_map: [0x0000022816760000,0x0000022816b70000] _byte_map_base: 0x0000022816360000

Marking Bits: (ParMarkBitMap*) 0x00007fffa38031f0
 Begin Bits: [0x0000022829240000, 0x000002282b240000)
 End Bits:   [0x000002282b240000, 0x000002282d240000)

Polling page: 0x0000022814c60000

Metaspace:

Usage:
  Non-class:     82.97 MB used.
      Class:      8.72 MB used.
       Both:     91.69 MB used.

Virtual space:
  Non-class space:      128.00 MB reserved,      83.81 MB ( 65%) committed,  2 nodes.
      Class space:        1.00 GB reserved,       9.44 MB ( <1%) committed,  1 nodes.
             Both:        1.12 GB reserved,      93.25 MB (  8%) committed. 

Chunk freelists:
   Non-Class:  12.03 MB
       Class:  6.60 MB
        Both:  18.63 MB

MaxMetaspaceSize: unlimited
CompressedClassSpaceSize: 1.00 GB
Initial GC threshold: 21.00 MB
Current GC threshold: 155.25 MB
CDS: on
 - commit_granule_bytes: 65536.
 - commit_granule_words: 8192.
 - virtual_space_node_default_size: 8388608.
 - enlarge_chunks_in_place: 1.
 - use_allocation_guard: 0.


Internal statistics:

num_allocs_failed_limit: 9.
num_arena_births: 1880.
num_arena_deaths: 394.
num_vsnodes_births: 3.
num_vsnodes_deaths: 0.
num_space_committed: 1492.
num_space_uncommitted: 0.
num_chunks_returned_to_freelist: 441.
num_chunks_taken_from_freelist: 6666.
num_chunk_merges: 121.
num_chunk_splits: 3877.
num_chunks_enlarged: 2150.
num_inconsistent_stats: 0.

CodeHeap 'non-profiled nmethods': size=118848Kb used=28985Kb max_used=32524Kb free=89862Kb
 bounds [0x0000022821b80000, 0x0000022823b60000, 0x0000022828f90000]
CodeHeap 'profiled nmethods': size=118848Kb used=23928Kb max_used=52235Kb free=94919Kb
 bounds [0x0000022819f90000, 0x000002281d2a0000, 0x00000228213a0000]
CodeHeap 'non-nmethods': size=8064Kb used=1544Kb max_used=3913Kb free=6519Kb
 bounds [0x00000228213a0000, 0x00000228217a0000, 0x0000022821b80000]
 total_blobs=13502 nmethods=12644 adapters=759
 compilation: enabled
              stopped_count=0, restarted_count=0
 full_count=0

Compilation events (20 events):
Event: 4829.976 Thread 0x000002286ffa7040 nmethod 36472 0x0000022819feea10 code [0x0000022819feec00, 0x0000022819fef038]
Event: 4830.205 Thread 0x000002286ff9ac30 36473       4       org.eclipse.jdt.internal.compiler.lookup.Scope::outerMostMethodScope (27 bytes)
Event: 4830.205 Thread 0x000002286ff9ac30 nmethod 36473 0x0000022821c95f90 code [0x0000022821c96120, 0x0000022821c961d8]
Event: 4830.805 Thread 0x000002286ffa7040 36474       3       org.eclipse.jdt.internal.compiler.SourceElementNotifier::getArgumentInfos (171 bytes)
Event: 4830.806 Thread 0x000002286ffa7040 nmethod 36474 0x000002281cb13890 code [0x000002281cb13ae0, 0x000002281cb14b78]
Event: 4830.902 Thread 0x000002286ff9ac30 36475       4       org.eclipse.jdt.internal.compiler.lookup.Scope::namedMethodScope (32 bytes)
Event: 4830.903 Thread 0x000002286ff9ac30 nmethod 36475 0x0000022821f6bf90 code [0x0000022821f6c120, 0x0000022821f6c228]
Event: 4831.355 Thread 0x000002286ff9ac30 36476       4       org.eclipse.jdt.internal.compiler.ast.FunctionalExpression::recordFunctionalType (87 bytes)
Event: 4831.358 Thread 0x000002286ff9ac30 nmethod 36476 0x00000228237d5c10 code [0x00000228237d5e00, 0x00000228237d6448]
Event: 4831.358 Thread 0x000002286ff9ac30 36477       4       org.eclipse.jdt.internal.compiler.CompilationResult::record (41 bytes)
Event: 4831.361 Thread 0x000002286ff9ac30 nmethod 36477 0x0000022822211610 code [0x0000022822211820, 0x00000228222120c0]
Event: 4842.098 Thread 0x000002286ff9ac30 36478   !   4       org.eclipse.jdt.ls.core.internal.handlers.InlayHintVisitor::resolveInlayHints (238 bytes)
Event: 4842.117 Thread 0x000002286ff9ac30 nmethod 36478 0x0000022822a9b210 code [0x0000022822a9b600, 0x0000022822a9d3e0]
Event: 4846.927 Thread 0x000002286ffa7040 36479       3       org.eclipse.jdt.internal.compiler.SourceElementNotifier::notifySourceElementRequestor (1085 bytes)
Event: 4846.929 Thread 0x000002286ffa7040 nmethod 36479 0x000002281c950290 code [0x000002281c950960, 0x000002281c954898]
Event: 4846.929 Thread 0x000002286ffa7040 36480       3       org.eclipse.jdt.internal.compiler.SourceElementNotifier::visitIfNeeded (94 bytes)
Event: 4846.929 Thread 0x000002286ffa7040 nmethod 36480 0x000002281a387d90 code [0x000002281a387f80, 0x000002281a388638]
Event: 4846.949 Thread 0x000002286ffa7040 36481       3       org.eclipse.jdt.internal.core.util.HashSetOfCharArrayArray::rehash (64 bytes)
Event: 4846.950 Thread 0x000002286ff9ac30 36482       4       org.eclipse.jdt.internal.core.BinaryType::isInterface (44 bytes)
Event: 4846.951 Thread 0x000002286ffa7040 nmethod 36481 0x000002281a44ec10 code [0x000002281a44ede0, 0x000002281a44f128]

GC Heap History (20 events):
Event: 4838.823 GC heap before
{Heap before GC invocations=19448 (full 17):
 PSYoungGen      total 5632K, used 5632K [0x00000000d5580000, 0x00000000d5c80000, 0x0000000100000000)
  eden space 5120K, 100% used [0x00000000d5580000,0x00000000d5a80000,0x00000000d5a80000)
  from space 512K, 100% used [0x00000000d5c00000,0x00000000d5c80000,0x00000000d5c80000)
  to   space 1024K, 0% used [0x00000000d5a80000,0x00000000d5a80000,0x00000000d5b80000)
 ParOldGen       total 250368K, used 249866K [0x0000000080000000, 0x000000008f480000, 0x00000000d5580000)
  object space 250368K, 99% used [0x0000000080000000,0x000000008f402878,0x000000008f480000)
 Metaspace       used 93888K, committed 95488K, reserved 1179648K
  class space    used 8928K, committed 9664K, reserved 1048576K
}
Event: 4838.825 GC heap after
{Heap after GC invocations=19448 (full 17):
 PSYoungGen      total 6144K, used 224K [0x00000000d5580000, 0x00000000d5c80000, 0x0000000100000000)
  eden space 5120K, 0% used [0x00000000d5580000,0x00000000d5580000,0x00000000d5a80000)
  from space 1024K, 21% used [0x00000000d5a80000,0x00000000d5ab8000,0x00000000d5b80000)
  to   space 512K, 0% used [0x00000000d5c00000,0x00000000d5c00000,0x00000000d5c80000)
 ParOldGen       total 250368K, used 250363K [0x0000000080000000, 0x000000008f480000, 0x00000000d5580000)
  object space 250368K, 99% used [0x0000000080000000,0x000000008f47ec08,0x000000008f480000)
 Metaspace       used 93888K, committed 95488K, reserved 1179648K
  class space    used 8928K, committed 9664K, reserved 1048576K
}
Event: 4842.154 GC heap before
{Heap before GC invocations=19449 (full 17):
 PSYoungGen      total 6144K, used 5344K [0x00000000d5580000, 0x00000000d5c80000, 0x0000000100000000)
  eden space 5120K, 100% used [0x00000000d5580000,0x00000000d5a80000,0x00000000d5a80000)
  from space 1024K, 21% used [0x00000000d5a80000,0x00000000d5ab8000,0x00000000d5b80000)
  to   space 512K, 0% used [0x00000000d5c00000,0x00000000d5c00000,0x00000000d5c80000)
 ParOldGen       total 250368K, used 250363K [0x0000000080000000, 0x000000008f480000, 0x00000000d5580000)
  object space 250368K, 99% used [0x0000000080000000,0x000000008f47ec08,0x000000008f480000)
 Metaspace       used 93888K, committed 95488K, reserved 1179648K
  class space    used 8928K, committed 9664K, reserved 1048576K
}
Event: 4842.155 GC heap after
{Heap after GC invocations=19449 (full 17):
 PSYoungGen      total 5632K, used 256K [0x00000000d5580000, 0x00000000d5c80000, 0x0000000100000000)
  eden space 5120K, 0% used [0x00000000d5580000,0x00000000d5580000,0x00000000d5a80000)
  from space 512K, 50% used [0x00000000d5c00000,0x00000000d5c40000,0x00000000d5c80000)
  to   space 512K, 0% used [0x00000000d5b80000,0x00000000d5b80000,0x00000000d5c00000)
 ParOldGen       total 250880K, used 250483K [0x0000000080000000, 0x000000008f500000, 0x00000000d5580000)
  object space 250880K, 99% used [0x0000000080000000,0x000000008f49cc08,0x000000008f500000)
 Metaspace       used 93888K, committed 95488K, reserved 1179648K
  class space    used 8928K, committed 9664K, reserved 1048576K
}
Event: 4843.691 GC heap before
{Heap before GC invocations=19450 (full 17):
 PSYoungGen      total 5632K, used 5376K [0x00000000d5580000, 0x00000000d5c80000, 0x0000000100000000)
  eden space 5120K, 100% used [0x00000000d5580000,0x00000000d5a80000,0x00000000d5a80000)
  from space 512K, 50% used [0x00000000d5c00000,0x00000000d5c40000,0x00000000d5c80000)
  to   space 512K, 0% used [0x00000000d5b80000,0x00000000d5b80000,0x00000000d5c00000)
 ParOldGen       total 250880K, used 250483K [0x0000000080000000, 0x000000008f500000, 0x00000000d5580000)
  object space 250880K, 99% used [0x0000000080000000,0x000000008f49cc08,0x000000008f500000)
 Metaspace       used 93888K, committed 95488K, reserved 1179648K
  class space    used 8928K, committed 9664K, reserved 1048576K
}
Event: 4843.692 GC heap after
{Heap after GC invocations=19450 (full 17):
 PSYoungGen      total 5632K, used 256K [0x00000000d5580000, 0x00000000d5c80000, 0x0000000100000000)
  eden space 5120K, 0% used [0x00000000d5580000,0x00000000d5580000,0x00000000d5a80000)
  from space 512K, 50% used [0x00000000d5b80000,0x00000000d5bc0000,0x00000000d5c00000)
  to   space 512K, 0% used [0x00000000d5c00000,0x00000000d5c00000,0x00000000d5c80000)
 ParOldGen       total 250880K, used 250491K [0x0000000080000000, 0x000000008f500000, 0x00000000d5580000)
  object space 250880K, 99% used [0x0000000080000000,0x000000008f49ec08,0x000000008f500000)
 Metaspace       used 93888K, committed 95488K, reserved 1179648K
  class space    used 8928K, committed 9664K, reserved 1048576K
}
Event: 4846.173 GC heap before
{Heap before GC invocations=19451 (full 17):
 PSYoungGen      total 5632K, used 5375K [0x00000000d5580000, 0x00000000d5c80000, 0x0000000100000000)
  eden space 5120K, 99% used [0x00000000d5580000,0x00000000d5a7fff8,0x00000000d5a80000)
  from space 512K, 50% used [0x00000000d5b80000,0x00000000d5bc0000,0x00000000d5c00000)
  to   space 512K, 0% used [0x00000000d5c00000,0x00000000d5c00000,0x00000000d5c80000)
 ParOldGen       total 250880K, used 250491K [0x0000000080000000, 0x000000008f500000, 0x00000000d5580000)
  object space 250880K, 99% used [0x0000000080000000,0x000000008f49ec08,0x000000008f500000)
 Metaspace       used 93888K, committed 95488K, reserved 1179648K
  class space    used 8928K, committed 9664K, reserved 1048576K
}
Event: 4846.175 GC heap after
{Heap after GC invocations=19451 (full 17):
 PSYoungGen      total 5120K, used 512K [0x00000000d5580000, 0x00000000d5e80000, 0x0000000100000000)
  eden space 4608K, 0% used [0x00000000d5580000,0x00000000d5580000,0x00000000d5a00000)
  from space 512K, 100% used [0x00000000d5c00000,0x00000000d5c80000,0x00000000d5c80000)
  to   space 2048K, 0% used [0x00000000d5a00000,0x00000000d5a00000,0x00000000d5c00000)
 ParOldGen       total 251904K, used 251430K [0x0000000080000000, 0x000000008f600000, 0x00000000d5580000)
  object space 251904K, 99% used [0x0000000080000000,0x000000008f589848,0x000000008f600000)
 Metaspace       used 93888K, committed 95488K, reserved 1179648K
  class space    used 8928K, committed 9664K, reserved 1048576K
}
Event: 4846.887 GC heap before
{Heap before GC invocations=19452 (full 17):
 PSYoungGen      total 5120K, used 5120K [0x00000000d5580000, 0x00000000d5e80000, 0x0000000100000000)
  eden space 4608K, 100% used [0x00000000d5580000,0x00000000d5a00000,0x00000000d5a00000)
  from space 512K, 100% used [0x00000000d5c00000,0x00000000d5c80000,0x00000000d5c80000)
  to   space 2048K, 0% used [0x00000000d5a00000,0x00000000d5a00000,0x00000000d5c00000)
 ParOldGen       total 251904K, used 251430K [0x0000000080000000, 0x000000008f600000, 0x00000000d5580000)
  object space 251904K, 99% used [0x0000000080000000,0x000000008f589848,0x000000008f600000)
 Metaspace       used 93888K, committed 95488K, reserved 1179648K
  class space    used 8928K, committed 9664K, reserved 1048576K
}
Event: 4846.888 GC heap after
{Heap after GC invocations=19452 (full 17):
 PSYoungGen      total 5120K, used 448K [0x00000000d5580000, 0x00000000d5c80000, 0x0000000100000000)
  eden space 4608K, 0% used [0x00000000d5580000,0x00000000d5580000,0x00000000d5a00000)
  from space 512K, 87% used [0x00000000d5a00000,0x00000000d5a70000,0x00000000d5a80000)
  to   space 1024K, 0% used [0x00000000d5b80000,0x00000000d5b80000,0x00000000d5c80000)
 ParOldGen       total 252416K, used 251971K [0x0000000080000000, 0x000000008f680000, 0x00000000d5580000)
  object space 252416K, 99% used [0x0000000080000000,0x000000008f610fd0,0x000000008f680000)
 Metaspace       used 93888K, committed 95488K, reserved 1179648K
  class space    used 8928K, committed 9664K, reserved 1048576K
}
Event: 4846.891 GC heap before
{Heap before GC invocations=19453 (full 17):
 PSYoungGen      total 5120K, used 5009K [0x00000000d5580000, 0x00000000d5c80000, 0x0000000100000000)
  eden space 4608K, 98% used [0x00000000d5580000,0x00000000d59f4738,0x00000000d5a00000)
  from space 512K, 87% used [0x00000000d5a00000,0x00000000d5a70000,0x00000000d5a80000)
  to   space 1024K, 0% used [0x00000000d5b80000,0x00000000d5b80000,0x00000000d5c80000)
 ParOldGen       total 252416K, used 251971K [0x0000000080000000, 0x000000008f680000, 0x00000000d5580000)
  object space 252416K, 99% used [0x0000000080000000,0x000000008f610fd0,0x000000008f680000)
 Metaspace       used 93888K, committed 95488K, reserved 1179648K
  class space    used 8928K, committed 9664K, reserved 1048576K
}
Event: 4846.892 GC heap after
{Heap after GC invocations=19453 (full 17):
 PSYoungGen      total 5632K, used 607K [0x00000000d5580000, 0x00000000d5c80000, 0x0000000100000000)
  eden space 4608K, 0% used [0x00000000d5580000,0x00000000d5580000,0x00000000d5a00000)
  from space 1024K, 59% used [0x00000000d5b80000,0x00000000d5c17fa0,0x00000000d5c80000)
  to   space 1024K, 0% used [0x00000000d5a80000,0x00000000d5a80000,0x00000000d5b80000)
 ParOldGen       total 253952K, used 253551K [0x0000000080000000, 0x000000008f800000, 0x00000000d5580000)
  object space 253952K, 99% used [0x0000000080000000,0x000000008f79bc78,0x000000008f800000)
 Metaspace       used 93888K, committed 95488K, reserved 1179648K
  class space    used 8928K, committed 9664K, reserved 1048576K
}
Event: 4846.942 GC heap before
{Heap before GC invocations=19454 (full 17):
 PSYoungGen      total 5632K, used 5215K [0x00000000d5580000, 0x00000000d5c80000, 0x0000000100000000)
  eden space 4608K, 100% used [0x00000000d5580000,0x00000000d5a00000,0x00000000d5a00000)
  from space 1024K, 59% used [0x00000000d5b80000,0x00000000d5c17fa0,0x00000000d5c80000)
  to   space 1024K, 0% used [0x00000000d5a80000,0x00000000d5a80000,0x00000000d5b80000)
 ParOldGen       total 253952K, used 253551K [0x0000000080000000, 0x000000008f800000, 0x00000000d5580000)
  object space 253952K, 99% used [0x0000000080000000,0x000000008f79bc78,0x000000008f800000)
 Metaspace       used 93888K, committed 95488K, reserved 1179648K
  class space    used 8928K, committed 9664K, reserved 1048576K
}
Event: 4846.943 GC heap after
{Heap after GC invocations=19454 (full 17):
 PSYoungGen      total 5632K, used 1024K [0x00000000d5580000, 0x00000000d5d00000, 0x0000000100000000)
  eden space 4608K, 0% used [0x00000000d5580000,0x00000000d5580000,0x00000000d5a00000)
  from space 1024K, 100% used [0x00000000d5a80000,0x00000000d5b80000,0x00000000d5b80000)
  to   space 1536K, 0% used [0x00000000d5b80000,0x00000000d5b80000,0x00000000d5d00000)
 ParOldGen       total 253952K, used 253818K [0x0000000080000000, 0x000000008f800000, 0x00000000d5580000)
  object space 253952K, 99% used [0x0000000080000000,0x000000008f7deb80,0x000000008f800000)
 Metaspace       used 93888K, committed 95488K, reserved 1179648K
  class space    used 8928K, committed 9664K, reserved 1048576K
}
Event: 4846.946 GC heap before
{Heap before GC invocations=19455 (full 17):
 PSYoungGen      total 5632K, used 4903K [0x00000000d5580000, 0x00000000d5d00000, 0x0000000100000000)
  eden space 4608K, 84% used [0x00000000d5580000,0x00000000d5949eb0,0x00000000d5a00000)
  from space 1024K, 100% used [0x00000000d5a80000,0x00000000d5b80000,0x00000000d5b80000)
  to   space 1536K, 0% used [0x00000000d5b80000,0x00000000d5b80000,0x00000000d5d00000)
 ParOldGen       total 253952K, used 253818K [0x0000000080000000, 0x000000008f800000, 0x00000000d5580000)
  object space 253952K, 99% used [0x0000000080000000,0x000000008f7deb80,0x000000008f800000)
 Metaspace       used 93888K, committed 95488K, reserved 1179648K
  class space    used 8928K, committed 9664K, reserved 1048576K
}
Event: 4846.947 GC heap after
{Heap after GC invocations=19455 (full 17):
 PSYoungGen      total 5632K, used 736K [0x00000000d5580000, 0x00000000d5c80000, 0x0000000100000000)
  eden space 4608K, 0% used [0x00000000d5580000,0x00000000d5580000,0x00000000d5a00000)
  from space 1024K, 71% used [0x00000000d5b80000,0x00000000d5c38000,0x00000000d5c80000)
  to   space 1024K, 0% used [0x00000000d5a80000,0x00000000d5a80000,0x00000000d5b80000)
 ParOldGen       total 254976K, used 254861K [0x0000000080000000, 0x000000008f900000, 0x00000000d5580000)
  object space 254976K, 99% used [0x0000000080000000,0x000000008f8e3730,0x000000008f900000)
 Metaspace       used 93888K, committed 95488K, reserved 1179648K
  class space    used 8928K, committed 9664K, reserved 1048576K
}
Event: 4846.949 GC heap before
{Heap before GC invocations=19456 (full 17):
 PSYoungGen      total 5632K, used 5344K [0x00000000d5580000, 0x00000000d5c80000, 0x0000000100000000)
  eden space 4608K, 100% used [0x00000000d5580000,0x00000000d5a00000,0x00000000d5a00000)
  from space 1024K, 71% used [0x00000000d5b80000,0x00000000d5c38000,0x00000000d5c80000)
  to   space 1024K, 0% used [0x00000000d5a80000,0x00000000d5a80000,0x00000000d5b80000)
 ParOldGen       total 254976K, used 254861K [0x0000000080000000, 0x000000008f900000, 0x00000000d5580000)
  object space 254976K, 99% used [0x0000000080000000,0x000000008f8e3730,0x000000008f900000)
 Metaspace       used 93888K, committed 95488K, reserved 1179648K
  class space    used 8928K, committed 9664K, reserved 1048576K
}
Event: 4846.950 GC heap after
{Heap after GC invocations=19456 (full 17):
 PSYoungGen      total 5632K, used 320K [0x00000000d5580000, 0x00000000d5c00000, 0x0000000100000000)
  eden space 4608K, 0% used [0x00000000d5580000,0x00000000d5580000,0x00000000d5a00000)
  from space 1024K, 31% used [0x00000000d5a80000,0x00000000d5ad0000,0x00000000d5b80000)
  to   space 512K, 0% used [0x00000000d5b80000,0x00000000d5b80000,0x00000000d5c00000)
 ParOldGen       total 255488K, used 255313K [0x0000000080000000, 0x000000008f980000, 0x00000000d5580000)
  object space 255488K, 99% used [0x0000000080000000,0x000000008f954640,0x000000008f980000)
 Metaspace       used 93888K, committed 95488K, reserved 1179648K
  class space    used 8928K, committed 9664K, reserved 1048576K
}
Event: 4846.954 GC heap before
{Heap before GC invocations=19457 (full 17):
 PSYoungGen      total 5632K, used 4928K [0x00000000d5580000, 0x00000000d5c00000, 0x0000000100000000)
  eden space 4608K, 100% used [0x00000000d5580000,0x00000000d5a00000,0x00000000d5a00000)
  from space 1024K, 31% used [0x00000000d5a80000,0x00000000d5ad0000,0x00000000d5b80000)
  to   space 512K, 0% used [0x00000000d5b80000,0x00000000d5b80000,0x00000000d5c00000)
 ParOldGen       total 255488K, used 255313K [0x0000000080000000, 0x000000008f980000, 0x00000000d5580000)
  object space 255488K, 99% used [0x0000000080000000,0x000000008f954640,0x000000008f980000)
 Metaspace       used 93888K, committed 95488K, reserved 1179648K
  class space    used 8928K, committed 9664K, reserved 1048576K
}
Event: 4846.955 GC heap after
{Heap after GC invocations=19457 (full 17):
 PSYoungGen      total 5120K, used 505K [0x00000000d5580000, 0x00000000d5d00000, 0x0000000100000000)
  eden space 4608K, 0% used [0x00000000d5580000,0x00000000d5580000,0x00000000d5a00000)
  from space 512K, 98% used [0x00000000d5b80000,0x00000000d5bfe530,0x00000000d5c00000)
  to   space 1536K, 0% used [0x00000000d5a00000,0x00000000d5a00000,0x00000000d5b80000)
 ParOldGen       total 256000K, used 255817K [0x0000000080000000, 0x000000008fa00000, 0x00000000d5580000)
  object space 256000K, 99% used [0x0000000080000000,0x000000008f9d2640,0x000000008fa00000)
 Metaspace       used 93888K, committed 95488K, reserved 1179648K
  class space    used 8928K, committed 9664K, reserved 1048576K
}

Dll operation events (12 events):
Event: 0.005 Loaded shared library c:\Users\izzir\.vscode\extensions\redhat.java-1.42.0-win32-x64\jre\21.0.7-win32-x86_64\bin\java.dll
Event: 0.042 Loaded shared library c:\Users\izzir\.vscode\extensions\redhat.java-1.42.0-win32-x64\jre\21.0.7-win32-x86_64\bin\zip.dll
Event: 0.055 Loaded shared library C:\Users\izzir\.vscode\extensions\redhat.java-1.42.0-win32-x64\jre\21.0.7-win32-x86_64\bin\instrument.dll
Event: 0.058 Loaded shared library C:\Users\izzir\.vscode\extensions\redhat.java-1.42.0-win32-x64\jre\21.0.7-win32-x86_64\bin\net.dll
Event: 0.059 Loaded shared library C:\Users\izzir\.vscode\extensions\redhat.java-1.42.0-win32-x64\jre\21.0.7-win32-x86_64\bin\nio.dll
Event: 0.061 Loaded shared library C:\Users\izzir\.vscode\extensions\redhat.java-1.42.0-win32-x64\jre\21.0.7-win32-x86_64\bin\zip.dll
Event: 0.072 Loaded shared library C:\Users\izzir\.vscode\extensions\redhat.java-1.42.0-win32-x64\jre\21.0.7-win32-x86_64\bin\jimage.dll
Event: 0.117 Loaded shared library c:\Users\izzir\.vscode\extensions\redhat.java-1.42.0-win32-x64\jre\21.0.7-win32-x86_64\bin\verify.dll
Event: 6.389 Loaded shared library C:\Users\izzir\AppData\Roaming\Code\User\globalStorage\redhat.java\1.42.0\config_win\org.eclipse.equinox.launcher\org.eclipse.equinox.launcher.win32.win32.x86_64_1.2.1300.v20250331-1702\eclipse_11911.dll
Event: 15.117 Loaded shared library C:\Users\izzir\AppData\Local\Temp\jna-100724818\jna15181538764694152483.dll
Event: 22.485 Loaded shared library C:\Users\izzir\.vscode\extensions\redhat.java-1.42.0-win32-x64\jre\21.0.7-win32-x86_64\bin\sunmscapi.dll
Event: 1263.892 Loaded shared library C:\Users\izzir\.vscode\extensions\redhat.java-1.42.0-win32-x64\jre\21.0.7-win32-x86_64\bin\extnet.dll

Deoptimization events (20 events):
Event: 4829.269 Thread 0x000002287e097ac0 Uncommon trap: trap_request=0xffffff45 fr.pc=0x00000228222bc4c8 relative=0x0000000000005d68
Event: 4829.269 Thread 0x000002287e097ac0 Uncommon trap: reason=unstable_if action=reinterpret pc=0x00000228222bc4c8 method=org.eclipse.jdt.internal.compiler.ast.Block.generateCode(Lorg/eclipse/jdt/internal/compiler/lookup/BlockScope;Lorg/eclipse/jdt/internal/compiler/codegen/CodeStream;)V @ 20 c
Event: 4829.269 Thread 0x000002287e097ac0 DEOPT PACKING pc=0x00000228222bc4c8 sp=0x000000d93c1fe810
Event: 4829.269 Thread 0x000002287e097ac0 DEOPT UNPACKING pc=0x00000228213f3aa2 sp=0x000000d93c1fe760 mode 2
Event: 4835.972 Thread 0x000002287e09d010 Uncommon trap: trap_request=0xffffffde fr.pc=0x000002282226d188 relative=0x00000000000001a8
Event: 4835.972 Thread 0x000002287e09d010 Uncommon trap: reason=class_check action=maybe_recompile pc=0x000002282226d188 method=org.eclipse.jdt.internal.compiler.ast.ArrayReference.traverse(Lorg/eclipse/jdt/internal/compiler/ASTVisitor;Lorg/eclipse/jdt/internal/compiler/lookup/BlockScope;)V @ 15 
Event: 4835.972 Thread 0x000002287e09d010 DEOPT PACKING pc=0x000002282226d188 sp=0x000000d93f8fe020
Event: 4835.972 Thread 0x000002287e09d010 DEOPT UNPACKING pc=0x00000228213f3aa2 sp=0x000000d93f8fdfb8 mode 2
Event: 4835.972 Thread 0x000002287e09d010 Uncommon trap: trap_request=0xffffffde fr.pc=0x00000228234e4680 relative=0x0000000000001a40
Event: 4835.972 Thread 0x000002287e09d010 Uncommon trap: reason=class_check action=maybe_recompile pc=0x00000228234e4680 method=org.eclipse.jdt.internal.compiler.lookup.Scope.getBinding([CILorg/eclipse/jdt/internal/compiler/lookup/InvocationSite;Z)Lorg/eclipse/jdt/internal/compiler/lookup/Binding
Event: 4835.972 Thread 0x000002287e09d010 DEOPT PACKING pc=0x00000228234e4680 sp=0x000000d93f8fe0d0
Event: 4835.972 Thread 0x000002287e09d010 DEOPT UNPACKING pc=0x00000228213f3aa2 sp=0x000000d93f8fe058 mode 2
Event: 4835.977 Thread 0x000002287e09d010 Uncommon trap: trap_request=0xffffffde fr.pc=0x000002282226d188 relative=0x00000000000001a8
Event: 4835.977 Thread 0x000002287e09d010 Uncommon trap: reason=class_check action=maybe_recompile pc=0x000002282226d188 method=org.eclipse.jdt.internal.compiler.ast.ArrayReference.traverse(Lorg/eclipse/jdt/internal/compiler/ASTVisitor;Lorg/eclipse/jdt/internal/compiler/lookup/BlockScope;)V @ 15 
Event: 4835.977 Thread 0x000002287e09d010 DEOPT PACKING pc=0x000002282226d188 sp=0x000000d93f8fe030
Event: 4835.977 Thread 0x000002287e09d010 DEOPT UNPACKING pc=0x00000228213f3aa2 sp=0x000000d93f8fdfc8 mode 2
Event: 4835.977 Thread 0x000002287e09d010 Uncommon trap: trap_request=0xffffffde fr.pc=0x00000228234e4680 relative=0x0000000000001a40
Event: 4835.977 Thread 0x000002287e09d010 Uncommon trap: reason=class_check action=maybe_recompile pc=0x00000228234e4680 method=org.eclipse.jdt.internal.compiler.lookup.Scope.getBinding([CILorg/eclipse/jdt/internal/compiler/lookup/InvocationSite;Z)Lorg/eclipse/jdt/internal/compiler/lookup/Binding
Event: 4835.977 Thread 0x000002287e09d010 DEOPT PACKING pc=0x00000228234e4680 sp=0x000000d93f8fe0e0
Event: 4835.977 Thread 0x000002287e09d010 DEOPT UNPACKING pc=0x00000228213f3aa2 sp=0x000000d93f8fe068 mode 2

Classes loaded (20 events):
Event: 3133.249 Loading class java/util/stream/SliceOps
Event: 3133.249 Loading class java/util/stream/SliceOps done
Event: 3133.249 Loading class java/util/stream/SliceOps$1
Event: 3133.249 Loading class java/util/stream/SliceOps$1 done
Event: 3133.250 Loading class java/util/stream/SliceOps$1$1
Event: 3133.250 Loading class java/util/stream/SliceOps$1$1 done
Event: 3133.254 Loading class java/util/concurrent/CompletableFuture$UniWhenComplete
Event: 3133.254 Loading class java/util/concurrent/CompletableFuture$UniWhenComplete done
Event: 3133.254 Loading class java/util/concurrent/CompletableFuture$UniCompose
Event: 3133.254 Loading class java/util/concurrent/CompletableFuture$UniCompose done
Event: 3133.254 Loading class java/util/concurrent/CompletableFuture$UniRelay
Event: 3133.254 Loading class java/util/concurrent/CompletableFuture$UniRelay done
Event: 3134.184 Loading class java/util/concurrent/ScheduledThreadPoolExecutor$DelayedWorkQueue$Itr
Event: 3134.184 Loading class java/util/concurrent/ScheduledThreadPoolExecutor$DelayedWorkQueue$Itr done
Event: 3136.876 Loading class java/lang/ProcessHandleImpl$ExitCompletion
Event: 3136.876 Loading class java/lang/ProcessHandleImpl$ExitCompletion done
Event: 3136.876 Loading class java/lang/ProcessHandleImpl$1
Event: 3136.876 Loading class java/lang/ProcessHandleImpl$1 done
Event: 3136.876 Loading class java/util/concurrent/CompletableFuture$UniHandle
Event: 3136.876 Loading class java/util/concurrent/CompletableFuture$UniHandle done

Classes unloaded (20 events):
Event: 3367.055 Thread 0x0000022816e5ebb0 Unloading class 0x000002282f960c00 'java/lang/invoke/LambdaForm$MH+0x000002282f960c00'
Event: 3367.055 Thread 0x0000022816e5ebb0 Unloading class 0x000002282f960800 'java/lang/invoke/LambdaForm$MH+0x000002282f960800'
Event: 3367.055 Thread 0x0000022816e5ebb0 Unloading class 0x000002282f960000 'java/lang/invoke/LambdaForm$MH+0x000002282f960000'
Event: 3367.055 Thread 0x0000022816e5ebb0 Unloading class 0x000002282f95bc00 'java/lang/invoke/LambdaForm$MH+0x000002282f95bc00'
Event: 3367.055 Thread 0x0000022816e5ebb0 Unloading class 0x000002282f95b000 'java/lang/invoke/LambdaForm$MH+0x000002282f95b000'
Event: 3367.055 Thread 0x0000022816e5ebb0 Unloading class 0x000002282f95ac00 'java/lang/invoke/LambdaForm$MH+0x000002282f95ac00'
Event: 3367.055 Thread 0x0000022816e5ebb0 Unloading class 0x000002282f95b400 'java/lang/invoke/LambdaForm$MH+0x000002282f95b400'
Event: 3367.055 Thread 0x0000022816e5ebb0 Unloading class 0x000002282f878000 'java/lang/invoke/LambdaForm$MH+0x000002282f878000'
Event: 3367.055 Thread 0x0000022816e5ebb0 Unloading class 0x000002282f875c00 'java/lang/invoke/LambdaForm$MH+0x000002282f875c00'
Event: 3367.055 Thread 0x0000022816e5ebb0 Unloading class 0x000002282f875800 'java/lang/invoke/LambdaForm$MH+0x000002282f875800'
Event: 3780.835 Thread 0x0000022816e5ebb0 Unloading class 0x000002282f20b000 'java/lang/invoke/LambdaForm$MH+0x000002282f20b000'
Event: 3780.835 Thread 0x0000022816e5ebb0 Unloading class 0x000002282f208c00 'java/lang/invoke/LambdaForm$MH+0x000002282f208c00'
Event: 3780.835 Thread 0x0000022816e5ebb0 Unloading class 0x000002282f208000 'java/lang/invoke/LambdaForm$MH+0x000002282f208000'
Event: 4400.894 Thread 0x0000022816e5ebb0 Unloading class 0x000002282f662c00 'java/lang/invoke/LambdaForm$MH+0x000002282f662c00'
Event: 4400.894 Thread 0x0000022816e5ebb0 Unloading class 0x000002282f662400 'java/lang/invoke/LambdaForm$MH+0x000002282f662400'
Event: 4400.894 Thread 0x0000022816e5ebb0 Unloading class 0x000002282f662000 'java/lang/invoke/LambdaForm$MH+0x000002282f662000'
Event: 4400.894 Thread 0x0000022816e5ebb0 Unloading class 0x000002282f661c00 'java/lang/invoke/LambdaForm$MH+0x000002282f661c00'
Event: 4400.894 Thread 0x0000022816e5ebb0 Unloading class 0x000002282f511c00 'java/lang/invoke/LambdaForm$MH+0x000002282f511c00'
Event: 4819.248 Thread 0x0000022816e5ebb0 Unloading class 0x000002282f01f800 'java/lang/invoke/LambdaForm$MH+0x000002282f01f800'
Event: 4819.248 Thread 0x0000022816e5ebb0 Unloading class 0x000002282f01e800 'java/lang/invoke/LambdaForm$MH+0x000002282f01e800'

Classes redefined (0 events):
No events

Internal exceptions (20 events):
Event: 4825.135 Thread 0x000002287836ef30 Exception <a 'sun/nio/fs/WindowsException'{0x00000000d569d2c0}> (0x00000000d569d2c0) 
thrown [s\src\hotspot\share\prims\jni.cpp, line 520]
Event: 4825.178 Thread 0x000002287836ef30 Exception <a 'sun/nio/fs/WindowsException'{0x00000000d5801098}> (0x00000000d5801098) 
thrown [s\src\hotspot\share\prims\jni.cpp, line 520]
Event: 4826.101 Thread 0x000002287e097ac0 Exception <a 'java/lang/ArrayIndexOutOfBoundsException'{0x00000000d58d53e0}: Index 7051 out of bounds for length 7051> (0x00000000d58d53e0) 
thrown [s\src\hotspot\share\interpreter\interpreterRuntime.cpp, line 439]
Event: 4826.112 Thread 0x000002287e097ac0 Exception <a 'java/lang/ArrayIndexOutOfBoundsException'{0x00000000d57e4900}> (0x00000000d57e4900) 
thrown [s\src\hotspot\share\runtime\sharedRuntime.cpp, line 625]
Event: 4826.113 Thread 0x000002287e097ac0 Exception <a 'java/lang/ArrayIndexOutOfBoundsException'{0x00000000d590be48}> (0x00000000d590be48) 
thrown [s\src\hotspot\share\runtime\sharedRuntime.cpp, line 625]
Event: 4826.380 Thread 0x000002287836ef30 Exception <a 'sun/nio/fs/WindowsException'{0x00000000d5877d88}> (0x00000000d5877d88) 
thrown [s\src\hotspot\share\prims\jni.cpp, line 520]
Event: 4826.421 Thread 0x000002287836ef30 Exception <a 'sun/nio/fs/WindowsException'{0x00000000d5801648}> (0x00000000d5801648) 
thrown [s\src\hotspot\share\prims\jni.cpp, line 520]
Event: 4827.244 Thread 0x000002287e099b90 Exception <a 'java/lang/ArrayIndexOutOfBoundsException'{0x00000000d58fb410}> (0x00000000d58fb410) 
thrown [s\src\hotspot\share\runtime\sharedRuntime.cpp, line 625]
Event: 4827.255 Thread 0x000002287e099b90 Exception <a 'java/lang/ArrayIndexOutOfBoundsException'{0x00000000d56ada18}> (0x00000000d56ada18) 
thrown [s\src\hotspot\share\runtime\sharedRuntime.cpp, line 625]
Event: 4827.256 Thread 0x000002287e099b90 Exception <a 'java/lang/ArrayIndexOutOfBoundsException'{0x00000000d57c8eb0}> (0x00000000d57c8eb0) 
thrown [s\src\hotspot\share\runtime\sharedRuntime.cpp, line 625]
Event: 4829.125 Thread 0x000002287da20d80 Implicit null exception at 0x0000022821f7f394 to 0x0000022821f81d78
Event: 4829.198 Thread 0x000002287da20d80 Implicit null exception at 0x00000228236bbdd4 to 0x00000228236bbeb0
Event: 4829.253 Thread 0x000002287da20d80 Implicit null exception at 0x000002282328ca64 to 0x000002282328cc74
Event: 4829.267 Thread 0x000002287e097ac0 Implicit null exception at 0x0000022822f3005e to 0x0000022822f300e1
Event: 4829.269 Thread 0x000002287e097ac0 Implicit null exception at 0x00000228222b797f to 0x00000228222bc48c
Event: 4830.757 Thread 0x000002287836ef30 Exception <a 'sun/nio/fs/WindowsException'{0x00000000d56036d8}> (0x00000000d56036d8) 
thrown [s\src\hotspot\share\prims\jni.cpp, line 520]
Event: 4830.804 Thread 0x000002287836ef30 Exception <a 'sun/nio/fs/WindowsException'{0x00000000d56dcc68}> (0x00000000d56dcc68) 
thrown [s\src\hotspot\share\prims\jni.cpp, line 520]
Event: 4846.957 Thread 0x000002287e09d010 Exception <a 'java/lang/ClassNotFoundException'{0x00000000d58bf8d0}: sun/net/www/protocol/jdt/Handler> (0x00000000d58bf8d0) 
thrown [s\src\hotspot\share\classfile\systemDictionary.cpp, line 312]
Event: 4846.957 Thread 0x000002287e09d010 Exception <a 'java/lang/ClassNotFoundException'{0x00000000d58c1f90}: sun/net/www/protocol/jdt/Handler> (0x00000000d58c1f90) 
thrown [s\src\hotspot\share\classfile\systemDictionary.cpp, line 312]
Event: 4846.957 Thread 0x000002287e09d010 Exception <a 'java/lang/ClassNotFoundException'{0x00000000d58d48c0}: sun/net/www/protocol/jdt/Handler> (0x00000000d58d48c0) 
thrown [s\src\hotspot\share\classfile\systemDictionary.cpp, line 312]

ZGC Phase Switch (0 events):
No events

VM Operations (20 events):
Event: 4842.154 Executing VM operation: ParallelGCFailedAllocation (Allocation Failure)
Event: 4842.155 Executing VM operation: ParallelGCFailedAllocation (Allocation Failure) done
Event: 4843.160 Executing VM operation: Cleanup
Event: 4843.160 Executing VM operation: Cleanup done
Event: 4843.691 Executing VM operation: ParallelGCFailedAllocation (Allocation Failure)
Event: 4843.692 Executing VM operation: ParallelGCFailedAllocation (Allocation Failure) done
Event: 4846.173 Executing VM operation: ParallelGCFailedAllocation (Allocation Failure)
Event: 4846.175 Executing VM operation: ParallelGCFailedAllocation (Allocation Failure) done
Event: 4846.887 Executing VM operation: ParallelGCFailedAllocation (Allocation Failure)
Event: 4846.888 Executing VM operation: ParallelGCFailedAllocation (Allocation Failure) done
Event: 4846.891 Executing VM operation: ParallelGCFailedAllocation (Allocation Failure)
Event: 4846.892 Executing VM operation: ParallelGCFailedAllocation (Allocation Failure) done
Event: 4846.942 Executing VM operation: ParallelGCFailedAllocation (Allocation Failure)
Event: 4846.943 Executing VM operation: ParallelGCFailedAllocation (Allocation Failure) done
Event: 4846.946 Executing VM operation: ParallelGCFailedAllocation (Allocation Failure)
Event: 4846.947 Executing VM operation: ParallelGCFailedAllocation (Allocation Failure) done
Event: 4846.949 Executing VM operation: ParallelGCFailedAllocation (Allocation Failure)
Event: 4846.950 Executing VM operation: ParallelGCFailedAllocation (Allocation Failure) done
Event: 4846.954 Executing VM operation: ParallelGCFailedAllocation (Allocation Failure)
Event: 4846.955 Executing VM operation: ParallelGCFailedAllocation (Allocation Failure) done

Memory protections (0 events):
No events

Nmethod flushes (20 events):
Event: 4819.273 Thread 0x0000022816e5ebb0 flushing  nmethod 0x000002281d0cc710
Event: 4819.273 Thread 0x0000022816e5ebb0 flushing  nmethod 0x000002281d0cd190
Event: 4819.273 Thread 0x0000022816e5ebb0 flushing  nmethod 0x000002281d0fe890
Event: 4819.273 Thread 0x0000022816e5ebb0 flushing  nmethod 0x000002281d106f90
Event: 4819.273 Thread 0x0000022816e5ebb0 flushing  nmethod 0x000002281d12ad90
Event: 4819.273 Thread 0x0000022816e5ebb0 flushing  nmethod 0x000002281d12b990
Event: 4819.273 Thread 0x0000022816e5ebb0 flushing  nmethod 0x000002281d177310
Event: 4819.273 Thread 0x0000022816e5ebb0 flushing  nmethod 0x000002281d17bc10
Event: 4819.273 Thread 0x0000022816e5ebb0 flushing  nmethod 0x000002281d17c890
Event: 4819.273 Thread 0x0000022816e5ebb0 flushing  nmethod 0x000002281d1ce890
Event: 4819.273 Thread 0x0000022816e5ebb0 flushing  nmethod 0x000002281d1e2090
Event: 4819.273 Thread 0x0000022816e5ebb0 flushing  nmethod 0x000002281d1e7010
Event: 4819.273 Thread 0x0000022816e5ebb0 flushing  nmethod 0x000002281d1e8690
Event: 4819.273 Thread 0x0000022816e5ebb0 flushing  nmethod 0x000002281d1e8c10
Event: 4819.273 Thread 0x0000022816e5ebb0 flushing  nmethod 0x000002281d23c310
Event: 4819.273 Thread 0x0000022816e5ebb0 flushing  nmethod 0x000002281d23c990
Event: 4819.273 Thread 0x0000022816e5ebb0 flushing  nmethod 0x000002281d24fe90
Event: 4819.273 Thread 0x0000022816e5ebb0 flushing  nmethod 0x000002281d259690
Event: 4819.273 Thread 0x0000022816e5ebb0 flushing  nmethod 0x000002281d268e10
Event: 4819.273 Thread 0x0000022816e5ebb0 flushing  nmethod 0x000002281d275b90

Events (20 events):
Event: 4679.098 Thread 0x000002287da24f20 Thread exited: 0x000002287da24f20
Event: 4699.794 Thread 0x000002287da20d80 Thread added: 0x000002280d8fb2e0
Event: 4702.552 Thread 0x000002286ffa7040 Thread added: 0x000002280bacb920
Event: 4702.552 Thread 0x000002286ffa7040 Thread added: 0x000002280bacd460
Event: 4702.552 Thread 0x000002286ffa7040 Thread added: 0x000002280baccd90
Event: 4702.552 Thread 0x000002286ffa7040 Thread added: 0x000002280bacb250
Event: 4707.716 Thread 0x000002280bacb250 Thread exited: 0x000002280bacb250
Event: 4707.716 Thread 0x000002280baccd90 Thread exited: 0x000002280baccd90
Event: 4708.184 Thread 0x000002280bacd460 Thread exited: 0x000002280bacd460
Event: 4713.195 Thread 0x000002280bacb920 Thread exited: 0x000002280bacb920
Event: 4814.323 Thread 0x000002287836b420 Thread exited: 0x000002287836b420
Event: 4814.323 Thread 0x000002280d8fb2e0 Thread exited: 0x000002280d8fb2e0
Event: 4814.338 Thread 0x000002287ce75fd0 Thread exited: 0x000002287ce75fd0
Event: 4822.339 Thread 0x000002287da227c0 Thread added: 0x000002280d8fb2e0
Event: 4828.566 Thread 0x000002286ff9ac30 Thread added: 0x000002280bac9de0
Event: 4828.803 Thread 0x000002280bac9de0 Thread exited: 0x000002280bac9de0
Event: 4829.005 Thread 0x000002286ffa7040 Thread added: 0x000002280baccd90
Event: 4829.128 Thread 0x000002280baccd90 Thread exited: 0x000002280baccd90
Event: 4830.921 Thread 0x000002287da227c0 Thread added: 0x000002280d8f84f0
Event: 4846.892 Thread 0x000002287e09d010 Thread added: 0x000002280d8f7e60


Dynamic libraries:
0x00007ff747920000 - 0x00007ff74792e000 	c:\Users\izzir\.vscode\extensions\redhat.java-1.42.0-win32-x64\jre\21.0.7-win32-x86_64\bin\java.exe
0x00007ff86c7c0000 - 0x00007ff86ca26000 	C:\WINDOWS\SYSTEM32\ntdll.dll
0x00007ff86bde0000 - 0x00007ff86bea9000 	C:\WINDOWS\System32\KERNEL32.DLL
0x00007ff869ee0000 - 0x00007ff86a2ac000 	C:\WINDOWS\System32\KERNELBASE.dll
0x00007ff869b70000 - 0x00007ff869cbb000 	C:\WINDOWS\System32\ucrtbase.dll
0x00007fffa6570000 - 0x00007fffa6588000 	c:\Users\izzir\.vscode\extensions\redhat.java-1.42.0-win32-x64\jre\21.0.7-win32-x86_64\bin\jli.dll
0x00007fffa6550000 - 0x00007fffa656e000 	c:\Users\izzir\.vscode\extensions\redhat.java-1.42.0-win32-x64\jre\21.0.7-win32-x86_64\bin\VCRUNTIME140.dll
0x00007ff86b720000 - 0x00007ff86b8ea000 	C:\WINDOWS\System32\USER32.dll
0x00007ff869b40000 - 0x00007ff869b67000 	C:\WINDOWS\System32\win32u.dll
0x00007ff83d7c0000 - 0x00007ff83da5a000 	C:\WINDOWS\WinSxS\amd64_microsoft.windows.common-controls_6595b64144ccf1df_6.0.26100.3912_none_3e07963ce335137e\COMCTL32.dll
0x00007ff86a780000 - 0x00007ff86a7ab000 	C:\WINDOWS\System32\GDI32.dll
0x00007ff86bc80000 - 0x00007ff86bd29000 	C:\WINDOWS\System32\msvcrt.dll
0x00007ff869950000 - 0x00007ff869a82000 	C:\WINDOWS\System32\gdi32full.dll
0x00007ff869a90000 - 0x00007ff869b33000 	C:\WINDOWS\System32\msvcp_win.dll
0x00007ff86a580000 - 0x00007ff86a5b0000 	C:\WINDOWS\System32\IMM32.DLL
0x00007ff80bf10000 - 0x00007ff80bf1c000 	c:\Users\izzir\.vscode\extensions\redhat.java-1.42.0-win32-x64\jre\21.0.7-win32-x86_64\bin\vcruntime140_1.dll
0x00007fffa64c0000 - 0x00007fffa654d000 	c:\Users\izzir\.vscode\extensions\redhat.java-1.42.0-win32-x64\jre\21.0.7-win32-x86_64\bin\msvcp140.dll
0x00007fffa2b50000 - 0x00007fffa38e0000 	c:\Users\izzir\.vscode\extensions\redhat.java-1.42.0-win32-x64\jre\21.0.7-win32-x86_64\bin\server\jvm.dll
0x00007ff86a5c0000 - 0x00007ff86a672000 	C:\WINDOWS\System32\ADVAPI32.dll
0x00007ff86bd30000 - 0x00007ff86bdd6000 	C:\WINDOWS\System32\sechost.dll
0x00007ff86c470000 - 0x00007ff86c586000 	C:\WINDOWS\System32\RPCRT4.dll
0x00007ff86c6a0000 - 0x00007ff86c714000 	C:\WINDOWS\System32\WS2_32.dll
0x00007ff868580000 - 0x00007ff8685de000 	C:\WINDOWS\SYSTEM32\POWRPROF.dll
0x00007ff8592f0000 - 0x00007ff859326000 	C:\WINDOWS\SYSTEM32\WINMM.dll
0x00007ff85d450000 - 0x00007ff85d45b000 	C:\WINDOWS\SYSTEM32\VERSION.dll
0x00007ff868560000 - 0x00007ff868574000 	C:\WINDOWS\SYSTEM32\UMPDC.dll
0x00007ff868830000 - 0x00007ff86884a000 	C:\WINDOWS\SYSTEM32\kernel.appcore.dll
0x00007ff80bd30000 - 0x00007ff80bd3a000 	c:\Users\izzir\.vscode\extensions\redhat.java-1.42.0-win32-x64\jre\21.0.7-win32-x86_64\bin\jimage.dll
0x00007ff866ca0000 - 0x00007ff866ee1000 	C:\WINDOWS\SYSTEM32\DBGHELP.DLL
0x00007ff86b8f0000 - 0x00007ff86bc74000 	C:\WINDOWS\System32\combase.dll
0x00007ff86beb0000 - 0x00007ff86bf90000 	C:\WINDOWS\System32\OLEAUT32.dll
0x00007ff846850000 - 0x00007ff846889000 	C:\WINDOWS\SYSTEM32\dbgcore.DLL
0x00007ff869cc0000 - 0x00007ff869d59000 	C:\WINDOWS\System32\bcryptPrimitives.dll
0x00007ff80b730000 - 0x00007ff80b73f000 	c:\Users\izzir\.vscode\extensions\redhat.java-1.42.0-win32-x64\jre\21.0.7-win32-x86_64\bin\instrument.dll
0x00007fffa64a0000 - 0x00007fffa64bf000 	c:\Users\izzir\.vscode\extensions\redhat.java-1.42.0-win32-x64\jre\21.0.7-win32-x86_64\bin\java.dll
0x00007ff86ae40000 - 0x00007ff86b56d000 	C:\WINDOWS\System32\SHELL32.dll
0x00007ff869d60000 - 0x00007ff869ed4000 	C:\WINDOWS\System32\wintypes.dll
0x00007ff8675c0000 - 0x00007ff867e16000 	C:\WINDOWS\SYSTEM32\windows.storage.dll
0x00007ff86c590000 - 0x00007ff86c67f000 	C:\WINDOWS\System32\SHCORE.dll
0x00007ff86a7b0000 - 0x00007ff86a819000 	C:\WINDOWS\System32\shlwapi.dll
0x00007ff869860000 - 0x00007ff86988f000 	C:\WINDOWS\SYSTEM32\profapi.dll
0x00007fffa6220000 - 0x00007fffa6238000 	c:\Users\izzir\.vscode\extensions\redhat.java-1.42.0-win32-x64\jre\21.0.7-win32-x86_64\bin\zip.dll
0x00007ff808360000 - 0x00007ff808370000 	C:\Users\izzir\.vscode\extensions\redhat.java-1.42.0-win32-x64\jre\21.0.7-win32-x86_64\bin\net.dll
0x00007ff85f500000 - 0x00007ff85f61e000 	C:\WINDOWS\SYSTEM32\WINHTTP.dll
0x00007ff868da0000 - 0x00007ff868e0a000 	C:\WINDOWS\system32\mswsock.dll
0x00007fffa6480000 - 0x00007fffa6496000 	C:\Users\izzir\.vscode\extensions\redhat.java-1.42.0-win32-x64\jre\21.0.7-win32-x86_64\bin\nio.dll
0x00007ff8061f0000 - 0x00007ff806200000 	c:\Users\izzir\.vscode\extensions\redhat.java-1.42.0-win32-x64\jre\21.0.7-win32-x86_64\bin\verify.dll
0x00007fffa0e00000 - 0x00007fffa0e45000 	C:\Users\izzir\AppData\Roaming\Code\User\globalStorage\redhat.java\1.42.0\config_win\org.eclipse.equinox.launcher\org.eclipse.equinox.launcher.win32.win32.x86_64_1.2.1300.v20250331-1702\eclipse_11911.dll
0x00007ff86ac90000 - 0x00007ff86ae2f000 	C:\WINDOWS\System32\ole32.dll
0x00007ff869050000 - 0x00007ff86906c000 	C:\WINDOWS\SYSTEM32\CRYPTSP.dll
0x00007ff868790000 - 0x00007ff8687ca000 	C:\WINDOWS\system32\rsaenh.dll
0x00007ff868e40000 - 0x00007ff868e6b000 	C:\WINDOWS\SYSTEM32\USERENV.dll
0x00007ff869830000 - 0x00007ff869856000 	C:\WINDOWS\SYSTEM32\bcrypt.dll
0x00007ff869040000 - 0x00007ff86904c000 	C:\WINDOWS\SYSTEM32\CRYPTBASE.dll
0x00007ff868300000 - 0x00007ff868333000 	C:\WINDOWS\SYSTEM32\IPHLPAPI.DLL
0x00007ff86b690000 - 0x00007ff86b69a000 	C:\WINDOWS\System32\NSI.dll
0x00007fff9d540000 - 0x00007fff9d589000 	C:\Users\izzir\AppData\Local\Temp\jna-100724818\jna15181538764694152483.dll
0x00007ff86b5f0000 - 0x00007ff86b5f8000 	C:\WINDOWS\System32\PSAPI.DLL
0x00007ff85f290000 - 0x00007ff85f2af000 	C:\WINDOWS\SYSTEM32\dhcpcsvc6.DLL
0x00007ff85f260000 - 0x00007ff85f285000 	C:\WINDOWS\SYSTEM32\dhcpcsvc.DLL
0x00007ff802f30000 - 0x00007ff802f3e000 	C:\Users\izzir\.vscode\extensions\redhat.java-1.42.0-win32-x64\jre\21.0.7-win32-x86_64\bin\sunmscapi.dll
0x00007ff86a340000 - 0x00007ff86a4b7000 	C:\WINDOWS\System32\CRYPT32.dll
0x00007ff869250000 - 0x00007ff869280000 	C:\WINDOWS\SYSTEM32\ncrypt.dll
0x00007ff869200000 - 0x00007ff86923f000 	C:\WINDOWS\SYSTEM32\NTASN1.dll
0x00007ff868340000 - 0x00007ff868467000 	C:\WINDOWS\SYSTEM32\DNSAPI.dll
0x00007ff85eee0000 - 0x00007ff85eeeb000 	C:\Windows\System32\rasadhlp.dll
0x00007ff85f630000 - 0x00007ff85f6b6000 	C:\WINDOWS\System32\fwpuclnt.dll
0x00007ff863720000 - 0x00007ff863729000 	C:\Users\izzir\.vscode\extensions\redhat.java-1.42.0-win32-x64\jre\21.0.7-win32-x86_64\bin\extnet.dll

dbghelp: loaded successfully - version: 4.0.5 - missing functions: none
symbol engine: initialized successfully - sym options: 0x614 - pdb path: .;c:\Users\izzir\.vscode\extensions\redhat.java-1.42.0-win32-x64\jre\21.0.7-win32-x86_64\bin;C:\WINDOWS\SYSTEM32;C:\WINDOWS\WinSxS\amd64_microsoft.windows.common-controls_6595b64144ccf1df_6.0.26100.3912_none_3e07963ce335137e;c:\Users\izzir\.vscode\extensions\redhat.java-1.42.0-win32-x64\jre\21.0.7-win32-x86_64\bin\server;C:\Users\izzir\AppData\Roaming\Code\User\globalStorage\redhat.java\1.42.0\config_win\org.eclipse.equinox.launcher\org.eclipse.equinox.launcher.win32.win32.x86_64_1.2.1300.v20250331-1702;C:\Users\izzir\AppData\Local\Temp\jna-100724818

VM Arguments:
jvm_args: --add-modules=ALL-SYSTEM --add-opens=java.base/java.util=ALL-UNNAMED --add-opens=java.base/java.lang=ALL-UNNAMED --add-opens=java.base/sun.nio.fs=ALL-UNNAMED -Declipse.application=org.eclipse.jdt.ls.core.id1 -Dosgi.bundles.defaultStartLevel=4 -Declipse.product=org.eclipse.jdt.ls.core.product -Djava.import.generatesMetadataFilesAtProjectRoot=false -DDetectVMInstallationsJob.disabled=true -Dfile.encoding=utf8 -XX:+UseParallelGC -XX:GCTimeRatio=4 -XX:AdaptiveSizePolicyWeight=90 -Dsun.zip.disableMemoryMapping=true -Xmx2G -Xms100m -Xlog:disable -javaagent:c:\Users\izzir\.vscode\extensions\redhat.java-1.42.0-win32-x64\lombok\lombok-1.18.36.jar -XX:+HeapDumpOnOutOfMemoryError -XX:HeapDumpPath=c:\Users\izzir\AppData\Roaming\Code\User\workspaceStorage\671d1b66211e74113c779bc18f7f62ec\redhat.java -Daether.dependencyCollector.impl=bf 
java_command: c:\Users\izzir\.vscode\extensions\redhat.java-1.42.0-win32-x64\server\plugins\org.eclipse.equinox.launcher_1.7.0.v20250424-1814.jar -configuration c:\Users\izzir\AppData\Roaming\Code\User\globalStorage\redhat.java\1.42.0\config_win -data c:\Users\izzir\AppData\Roaming\Code\User\workspaceStorage\671d1b66211e74113c779bc18f7f62ec\redhat.java\jdt_ws --pipe=\\.\pipe\lsp-81f9a7543ffd016be2d5fd2ceaafcf84-sock
java_class_path (initial): c:\Users\izzir\.vscode\extensions\redhat.java-1.42.0-win32-x64\server\plugins\org.eclipse.equinox.launcher_1.7.0.v20250424-1814.jar
Launcher Type: SUN_STANDARD

[Global flags]
    uintx AdaptiveSizePolicyWeight                 = 90                                        {product} {command line}
     intx CICompilerCount                          = 15                                        {product} {ergonomic}
    uintx GCTimeRatio                              = 4                                         {product} {command line}
     bool HeapDumpOnOutOfMemoryError               = true                                   {manageable} {command line}
    ccstr HeapDumpPath                             = c:\Users\izzir\AppData\Roaming\Code\User\workspaceStorage\671d1b66211e74113c779bc18f7f62ec\redhat.java         {manageable} {command line}
   size_t InitialHeapSize                          = 104857600                                 {product} {command line}
   size_t MaxHeapSize                              = 2147483648                                {product} {command line}
   size_t MaxNewSize                               = 715653120                                 {product} {ergonomic}
   size_t MinHeapDeltaBytes                        = 524288                                    {product} {ergonomic}
   size_t MinHeapSize                              = 104857600                                 {product} {command line}
   size_t NewSize                                  = 34603008                                  {product} {ergonomic}
    uintx NonNMethodCodeHeapSize                   = 8192380                                {pd product} {ergonomic}
    uintx NonProfiledCodeHeapSize                  = 121732930                              {pd product} {ergonomic}
   size_t OldSize                                  = 70254592                                  {product} {ergonomic}
    uintx ProfiledCodeHeapSize                     = 121732930                              {pd product} {ergonomic}
    uintx ReservedCodeCacheSize                    = 251658240                              {pd product} {ergonomic}
     bool SegmentedCodeCache                       = true                                      {product} {ergonomic}
   size_t SoftMaxHeapSize                          = 2147483648                             {manageable} {ergonomic}
     bool UseCompressedOops                        = true                           {product lp64_product} {ergonomic}
     bool UseLargePagesIndividualAllocation        = false                                  {pd product} {ergonomic}
     bool UseParallelGC                            = true                                      {product} {command line}

Logging:
Log output configuration:
 #0: stdout all=off uptime,level,tags foldmultilines=false
 #1: stderr all=off uptime,level,tags foldmultilines=false

Environment Variables:
JAVA_HOME=C:\Program Files\Java\jdk-23.0.2
PATH=c:\windows\system32;c:\windows;c:\windows\system32\wbem;c:\windows\system32\windowspowershell\v1.0\;c:\windows\system32\openssh\;c:\program files\matlab\r2024b\runtime\win64;c:\program files\matlab\r2024b\bin;c:\program files\nvidia corporation\nvidia app\nvdlisr;c:\program files (x86)\windows kits\10\windows performance toolkit\;c:\program files\java\jdk-23.0.2\bin;c:\program files\dotnet\;c:\program files\git\cmd;c:\users\izzir\appdata\local\programs\python\python310\;c:\users\izzir\appdata\local\programs\python\python310\scripts\;;C:\Program Files (x86)\NVIDIA Corporation\PhysX\Common;C:\Program Files\PowerShell\7\;C:\Program Files\PowerShell\7-preview\preview;C:\Users\izzir\AppData\Local\Microsoft\WindowsApps;C:\Users\izzir\AppData\Local\GitHubDesktop\bin;C:\Users\izzir\.dotnet\tools;C:\Users\izzir\AppData\Local\Programs\Microsoft VS Code\bin
USERNAME=izzir
OS=Windows_NT
PROCESSOR_IDENTIFIER=Intel64 Family 6 Model 183 Stepping 1, GenuineIntel
TMP=C:\Users\izzir\AppData\Local\Temp
TEMP=C:\Users\izzir\AppData\Local\Temp




Periodic native trim disabled

---------------  S Y S T E M  ---------------

OS:
 Windows 11 , 64 bit Build 26100 (10.0.26100.3912)
OS uptime: 0 days 1:22 hours
Hyper-V role detected

CPU: total 32 (initial active 32) (16 cores per cpu, 2 threads per core) family 6 model 183 stepping 1 microcode 0x129, cx8, cmov, fxsr, ht, mmx, 3dnowpref, sse, sse2, sse3, ssse3, sse4.1, sse4.2, popcnt, lzcnt, tsc, tscinvbit, avx, avx2, aes, erms, clmul, bmi1, bmi2, adx, sha, fma, vzeroupper, clflush, clflushopt, clwb, hv, serialize, rdtscp, rdpid, fsrm, f16c, cet_ibt, cet_ss
Processor Information for processor 0
  Max Mhz: 2200, Current Mhz: 2200, Mhz Limit: 2200
Processor Information for processor 1
  Max Mhz: 2200, Current Mhz: 1466, Mhz Limit: 2200
Processor Information for processor 2
  Max Mhz: 2200, Current Mhz: 1466, Mhz Limit: 2200
Processor Information for processor 3
  Max Mhz: 2200, Current Mhz: 2200, Mhz Limit: 2200
Processor Information for processor 4
  Max Mhz: 2200, Current Mhz: 2200, Mhz Limit: 2200
Processor Information for processor 5
  Max Mhz: 2200, Current Mhz: 1466, Mhz Limit: 2200
Processor Information for processor 6
  Max Mhz: 2200, Current Mhz: 2200, Mhz Limit: 2200
Processor Information for processor 7
  Max Mhz: 2200, Current Mhz: 1466, Mhz Limit: 2200
Processor Information for processor 8
  Max Mhz: 2200, Current Mhz: 2200, Mhz Limit: 2200
Processor Information for processor 9
  Max Mhz: 2200, Current Mhz: 2200, Mhz Limit: 2200
Processor Information for processor 10
  Max Mhz: 2200, Current Mhz: 1466, Mhz Limit: 2200
Processor Information for processor 11
  Max Mhz: 2200, Current Mhz: 2200, Mhz Limit: 2200
Processor Information for processor 12
  Max Mhz: 2200, Current Mhz: 2200, Mhz Limit: 2200
Processor Information for processor 13
  Max Mhz: 2200, Current Mhz: 1466, Mhz Limit: 2200
Processor Information for processor 14
  Max Mhz: 2200, Current Mhz: 2200, Mhz Limit: 2200
Processor Information for processor 15
  Max Mhz: 2200, Current Mhz: 1466, Mhz Limit: 2200
Processor Information for processor 16
  Max Mhz: 2200, Current Mhz: 2200, Mhz Limit: 2200
Processor Information for processor 17
  Max Mhz: 2200, Current Mhz: 2200, Mhz Limit: 2200
Processor Information for processor 18
  Max Mhz: 2200, Current Mhz: 2200, Mhz Limit: 2200
Processor Information for processor 19
  Max Mhz: 2200, Current Mhz: 2200, Mhz Limit: 2200
Processor Information for processor 20
  Max Mhz: 2200, Current Mhz: 2200, Mhz Limit: 2200
Processor Information for processor 21
  Max Mhz: 2200, Current Mhz: 2200, Mhz Limit: 2200
Processor Information for processor 22
  Max Mhz: 2200, Current Mhz: 2200, Mhz Limit: 2200
Processor Information for processor 23
  Max Mhz: 2200, Current Mhz: 2200, Mhz Limit: 2200
Processor Information for processor 24
  Max Mhz: 2200, Current Mhz: 2200, Mhz Limit: 2200
Processor Information for processor 25
  Max Mhz: 2200, Current Mhz: 2200, Mhz Limit: 2200
Processor Information for processor 26
  Max Mhz: 2200, Current Mhz: 2200, Mhz Limit: 2200
Processor Information for processor 27
  Max Mhz: 2200, Current Mhz: 2200, Mhz Limit: 2200
Processor Information for processor 28
  Max Mhz: 2200, Current Mhz: 2200, Mhz Limit: 2200
Processor Information for processor 29
  Max Mhz: 2200, Current Mhz: 2200, Mhz Limit: 2200
Processor Information for processor 30
  Max Mhz: 2200, Current Mhz: 2200, Mhz Limit: 2200
Processor Information for processor 31
  Max Mhz: 2200, Current Mhz: 2200, Mhz Limit: 2200

Memory: 4k page, system-wide physical 16088M (7345M free)
TotalPageFile size 32472M (AvailPageFile size 19706M)
current process WorkingSet (physical memory assigned to process): 650M, peak: 1926M
current process commit charge ("private bytes"): 750M, peak: 1916M

vm_info: OpenJDK 64-Bit Server VM (21.0.7+6-LTS) for windows-amd64 JRE (21.0.7+6-LTS), built on 2025-04-15T00:00:00Z by "admin" with MS VC++ 17.7 (VS2022)

END.
