#
# A fatal error has been detected by the Java Runtime Environment:
#
#  EXCEPTION_ACCESS_VIOLATION (0xc0000005) at pc=0x00007ffc7a3b4890, pid=18532, tid=23276
#
# JRE version: OpenJDK Runtime Environment Temurin-21.0.7+6 (21.0.7+6) (build 21.0.7+6-LTS)
# Java VM: OpenJDK 64-Bit Server VM Temurin-21.0.7+6 (21.0.7+6-LTS, mixed mode, sharing, tiered, compressed oops, compressed class ptrs, parallel gc, windows-amd64)
# Problematic frame:
# V  [jvm.dll+0x664890]
#
# No core dump will be written. Minidumps are not enabled by default on client versions of Windows
#
# If you would like to submit a bug report, please visit:
#   https://github.com/adoptium/adoptium-support/issues
#

---------------  S U M M A R Y ------------

Command Line: --add-modules=ALL-SYSTEM --add-opens=java.base/java.util=ALL-UNNAMED --add-opens=java.base/java.lang=ALL-UNNAMED --add-opens=java.base/sun.nio.fs=ALL-UNNAMED -Declipse.application=org.eclipse.jdt.ls.core.id1 -Dosgi.bundles.defaultStartLevel=4 -Declipse.product=org.eclipse.jdt.ls.core.product -Djava.import.generatesMetadataFilesAtProjectRoot=false -DDetectVMInstallationsJob.disabled=true -Dfile.encoding=utf8 -XX:+UseParallelGC -XX:GCTimeRatio=4 -XX:AdaptiveSizePolicyWeight=90 -Dsun.zip.disableMemoryMapping=true -Xmx2G -Xms100m -Xlog:disable -javaagent:c:\Users\izzir\.vscode\extensions\redhat.java-1.42.0-win32-x64\lombok\lombok-1.18.36.jar -XX:+HeapDumpOnOutOfMemoryError -XX:HeapDumpPath=c:\Users\izzir\AppData\Roaming\Code\User\workspaceStorage\671d1b66211e74113c779bc18f7f62ec\redhat.java -Daether.dependencyCollector.impl=bf c:\Users\izzir\.vscode\extensions\redhat.java-1.42.0-win32-x64\server\plugins\org.eclipse.equinox.launcher_1.7.0.v20250424-1814.jar -configuration c:\Users\izzir\AppData\Roaming\Code\User\globalStorage\redhat.java\1.42.0\config_win -data c:\Users\izzir\AppData\Roaming\Code\User\workspaceStorage\671d1b66211e74113c779bc18f7f62ec\redhat.java\jdt_ws --pipe=\\.\pipe\lsp-21c5c1cdf7b68f970bd55f901e24d92e-sock

Host: Intel(R) Core(TM) i9-14900HX, 32 cores, 15G,  Windows 11 , 64 bit Build 26100 (10.0.26100.3912)
Time: Sat May 31 14:06:02 2025 ora legale Europa occidentale elapsed time: 6799.426185 seconds (0d 1h 53m 19s)

---------------  T H R E A D  ---------------

Current thread (0x000001ec460e7920):  JavaThread "C2 CompilerThread0" daemon [_thread_in_native, id=23276, stack(0x0000004ac3f00000,0x0000004ac4000000) (1024K)]


Current CompileTask:
C2:6799426 30851   !   4       org.eclipse.jdt.internal.compiler.classfmt.ClassFileReader::<init> (2135 bytes)

Stack: [0x0000004ac3f00000,0x0000004ac4000000],  sp=0x0000004ac3ffc300,  free space=1008k
Native frames: (J=compiled Java code, j=interpreted, Vv=VM code, C=native code)
V  [jvm.dll+0x664890]
V  [jvm.dll+0x39c035]
V  [jvm.dll+0x39cd43]
V  [jvm.dll+0x398ccf]
V  [jvm.dll+0x39e5ef]
V  [jvm.dll+0x6e3997]
V  [jvm.dll+0x6e3a4e]
V  [jvm.dll+0x6e6244]
V  [jvm.dll+0x6e0553]
V  [jvm.dll+0x6dfc6e]
V  [jvm.dll+0x6ddd5c]
V  [jvm.dll+0x1ca64c]
V  [jvm.dll+0x1cb1cc]
V  [jvm.dll+0x2f1e7c]
V  [jvm.dll+0x6e8562]
V  [jvm.dll+0x6e0553]
V  [jvm.dll+0x6dfc6e]
V  [jvm.dll+0x6ddd5c]
V  [jvm.dll+0x1ca64c]
V  [jvm.dll+0x1cb1cc]
V  [jvm.dll+0x2f1e7c]
V  [jvm.dll+0x6e8562]
V  [jvm.dll+0x6e0553]
V  [jvm.dll+0x6dfc6e]
V  [jvm.dll+0x6ddd5c]
V  [jvm.dll+0x1ca64c]
V  [jvm.dll+0x246c3e]
V  [jvm.dll+0x1c760e]
V  [jvm.dll+0x25695a]
V  [jvm.dll+0x254efa]
V  [jvm.dll+0x3f03f6]
V  [jvm.dll+0x851f6b]
V  [jvm.dll+0x6cc7dd]
C  [ucrtbase.dll+0x37b0]
C  [KERNEL32.DLL+0x2e8d7]
C  [ntdll.dll+0x9c5dc]


siginfo: EXCEPTION_ACCESS_VIOLATION (0xc0000005), reading address 0x0000000000000027


Registers:
RAX=0x000001ec612df970, RBX=0x0000000000000003, RCX=0x0000000000000003, RDX=0x0000000000000000
RSP=0x0000004ac3ffc300, RBP=0x0000000000000018, RSI=0x0000000000000011, RDI=0x000001ec4e29a828
R8 =0x000001ec612df970, R9 =0x000001ec4e29a860, R10=0x00007ffd2ff80000, R11=0x0000000000000000
R12=0x0000000000000049, R13=0x000001ec612df938, R14=0x0000000000000088, R15=0x000001ec5f109c10
RIP=0x00007ffc7a3b4890, EFLAGS=0x0000000000010293

XMM[0]=0x0000000000000000 0x0000000000000000
XMM[1]=0x000001ec612dc068 0x000001ec5ee57290
XMM[2]=0x000001ec612de5c8 0x000001ec612dc5c8
XMM[3]=0x000001ec4ebcb2c8 0x000001ec4ebcb2c8
XMM[4]=0x000001ec4ebcd078 0x000001ec4ebcd078
XMM[5]=0x000001ec612df430 0x000001ec612df430
XMM[6]=0x0000000000000000 0x0000000000000000
XMM[7]=0x0000000000000000 0x0000000000000000
XMM[8]=0x0000000000000000 0x0000000000000000
XMM[9]=0x0000000000000000 0x0000000000000000
XMM[10]=0x0000000000000000 0x0000000000000000
XMM[11]=0x0000000000000000 0x0000000000000000
XMM[12]=0x0000000000000000 0x0000000000000000
XMM[13]=0x0000000000000000 0x0000000000000000
XMM[14]=0x0000000000000000 0x0000000000000000
XMM[15]=0x0000000000000000 0x0000000000000000
  MXCSR=0x00001fb2


Register to memory mapping:

RAX=0x000001ec612df970 points into unknown readable memory: 0x0000000000000000 | 00 00 00 00 00 00 00 00
RBX=0x0000000000000003 is an unknown value
RCX=0x0000000000000003 is an unknown value
RDX=0x0 is null
RSP=0x0000004ac3ffc300 is pointing into the stack for thread: 0x000001ec460e7920
RBP=0x0000000000000018 is an unknown value
RSI=0x0000000000000011 is an unknown value
RDI=0x000001ec4e29a828 points into unknown readable memory: 0x00007ffc7a7c5538 | 38 55 7c 7a fc 7f 00 00
R8 =0x000001ec612df970 points into unknown readable memory: 0x0000000000000000 | 00 00 00 00 00 00 00 00
R9 =0x000001ec4e29a860 points into unknown readable memory: 0x0000000000000000 | 00 00 00 00 00 00 00 00
R10=0x00007ffd2ff80000 VCRUNTIME140.dll
R11=0x0 is null
R12=0x0000000000000049 is an unknown value
R13=0x000001ec612df938 points into unknown readable memory: 0x00007ffc7a7c5538 | 38 55 7c 7a fc 7f 00 00
R14=0x0000000000000088 is an unknown value
R15=0x000001ec5f109c10 points into unknown readable memory: 0x00007ffc7a735e40 | 40 5e 73 7a fc 7f 00 00

Top of Stack: (sp=0x0000004ac3ffc300)
0x0000004ac3ffc300:   000001ec4e29a7a0 000001ec612db9b0
0x0000004ac3ffc310:   000001ec612e2af0 00007ffc7a3bcb23
0x0000004ac3ffc320:   0000000000000000 0000000000000001
0x0000004ac3ffc330:   000001ec612e2af0 0000004ac3ffc880
0x0000004ac3ffc340:   0000004ac3ffc880 00007ffc7a0ec035
0x0000004ac3ffc350:   0000000000000024 00007ffc7a6bd218
0x0000004ac3ffc360:   000001ec4e29a7a0 0000004ac3ffd6b0
0x0000004ac3ffc370:   0000000000000000 00007ffc7a0ecd43
0x0000004ac3ffc380:   000001ec4e29a7a0 000001ec612df938
0x0000004ac3ffc390:   0000004ac3ffc880 000001ec612e2af0
0x0000004ac3ffc3a0:   0000004ac3ffc880 000001ec612df938
0x0000004ac3ffc3b0:   0000000000000000 00007ffc7a0e8ccf
0x0000004ac3ffc3c0:   000001ec612e2af0 00007ffc7a6bd218
0x0000004ac3ffc3d0:   0000000000000001 000001ec4e62af68
0x0000004ac3ffc3e0:   0000000000000000 000001ec50b36d98
0x0000004ac3ffc3f0:   0000000000000000 00000000ffffffff
0x0000004ac3ffc400:   0000000000000000 0000000000000000
0x0000004ac3ffc410:   000001ec77593a00 00007ffc7a0ee5ef
0x0000004ac3ffc420:   000001ec53a7f000 00000000ffffff01
0x0000004ac3ffc430:   00000000ffffffe4 0000004ac3ffc880
0x0000004ac3ffc440:   00007ffc7a74c710 0000000000000000
0x0000004ac3ffc450:   000001ec53a7f000 0000000000000000
0x0000004ac3ffc460:   0000000000000000 0000000000000000
0x0000004ac3ffc470:   0000000000000000 0000000000000000
0x0000004ac3ffc480:   0000000000000000 0000000000000000
0x0000004ac3ffc490:   0000004ac3ffc880 0000000000003a25
0x0000004ac3ffc4a0:   000001ec612df938 00007ffc7a3f870d
0x0000004ac3ffc4b0:   000001ec612e29b8 000001ec499cda80
0x0000004ac3ffc4c0:   000001ec612e2970 000001ec612dd628
0x0000004ac3ffc4d0:   000001ec612e2970 00007ffc79ddcbc8
0x0000004ac3ffc4e0:   000001ec556cea40 00007ffc7a4453fb
0x0000004ac3ffc4f0:   000001ec46132040 000001ec612df840 

Instructions: (pc=0x00007ffc7a3b4890)
0x00007ffc7a3b4790:   4c 8b ea 48 8b f9 ba 04 00 00 00 e8 00 32 04 00
0x00007ffc7a3b47a0:   44 8b 05 c1 99 67 00 48 8d 05 8a 0d 41 00 48 89
0x00007ffc7a3b47b0:   07 65 48 8b 04 25 58 00 00 00 41 be 70 00 00 00
0x00007ffc7a3b47c0:   c7 47 2c 80 00 00 00 4a 8b 2c c0 41 80 3c 2e 00
0x00007ffc7a3b47d0:   75 05 e8 a9 28 2e 00 b8 20 00 00 00 be 01 00 00
0x00007ffc7a3b47e0:   00 48 8b 04 28 48 8b 88 60 06 00 00 48 8b 81 80
0x00007ffc7a3b47f0:   00 00 00 48 8b 98 e8 02 00 00 39 77 18 76 48 90
0x00007ffc7a3b4800:   48 8b 47 08 8b ce 48 89 1c c8 48 85 db 74 25 48
0x00007ffc7a3b4810:   83 7b 10 00 74 1e 8b 53 20 3b 53 24 75 08 48 8b
0x00007ffc7a3b4820:   cb e8 da 5e 04 00 8b 4b 20 48 8b 43 10 48 89 3c
0x00007ffc7a3b4830:   c8 ff 43 20 41 80 3c 2e 00 75 05 e8 40 28 2e 00
0x00007ffc7a3b4840:   ff c6 3b 77 18 72 b9 4d 85 ed 0f 84 73 01 00 00
0x00007ffc7a3b4850:   41 80 7d 2c 80 0f 85 68 01 00 00 49 8b 45 08 bb
0x00007ffc7a3b4860:   03 00 00 00 4c 89 64 24 50 4c 89 7c 24 58 4c 8b
0x00007ffc7a3b4870:   78 10 8d 6b 15 4d 85 ff 74 39 49 83 7f 10 00 74
0x00007ffc7a3b4880:   32 45 8b 65 18 8b f3 44 3b e3 76 27 44 8b f5 90
0x00007ffc7a3b4890:   4d 8b 45 08 4f 39 3c 30 75 0e 4d 8b 40 08 8b d6
0x00007ffc7a3b48a0:   49 8b cd e8 b8 82 a2 ff ff c6 49 83 c6 08 41 3b
0x00007ffc7a3b48b0:   f4 72 dd 49 8b d5 48 8b cf e8 e2 6e 00 00 48 8b
0x00007ffc7a3b48c0:   47 08 44 8b 77 18 48 8b 70 10 48 85 f6 74 34 48
0x00007ffc7a3b48d0:   83 7e 10 00 74 2d 44 3b f3 76 28 0f 1f 44 00 00
0x00007ffc7a3b48e0:   4c 8b 47 08 49 39 34 28 75 0e 4d 8b 40 08 8b d3
0x00007ffc7a3b48f0:   48 8b cf e8 68 82 a2 ff ff c3 48 83 c5 08 41 3b
0x00007ffc7a3b4900:   de 72 dd 44 8b 7f 18 ba 01 00 00 00 45 8b 65 18
0x00007ffc7a3b4910:   8b da ff c3 41 3b df 0f 8d 9a 00 00 00 4c 8b 4f
0x00007ffc7a3b4920:   08 8b c3 4d 8b 45 08 41 3b dc 0f 4d c2 49 8b 0c
0x00007ffc7a3b4930:   d9 49 8b 14 c0 48 83 79 10 00 48 8b 42 10 75 0a
0x00007ffc7a3b4940:   48 85 c0 75 0e 8d 50 01 eb c8 48 85 c0 75 04 49
0x00007ffc7a3b4950:   8b 50 10 83 fb 02 75 0d 48 8b cf e8 e0 92 00 00
0x00007ffc7a3b4960:   8d 53 ff eb ad 49 3b 51 10 8d 6b 01 49 8b 71 08
0x00007ffc7a3b4970:   4c 8b f6 4c 0f 45 f2 39 6f 18 73 24 ba 01 00 00
0x00007ffc7a3b4980:   00 4c 3b f6 74 8c 66 66 0f 1f 84 00 00 00 00 00 


Stack slot to memory mapping:

stack at sp + 0 slots: 0x000001ec4e29a7a0 points into unknown readable memory: 0x00007ffc7a6bd218 | 18 d2 6b 7a fc 7f 00 00
stack at sp + 1 slots: 0x000001ec612db9b0 points into unknown readable memory: 0x00007ffc7a730cd0 | d0 0c 73 7a fc 7f 00 00
stack at sp + 2 slots: 0x000001ec612e2af0 points into unknown readable memory: 0x00007ffc7a74b0e8 | e8 b0 74 7a fc 7f 00 00
stack at sp + 3 slots: 0x00007ffc7a3bcb23 jvm.dll
stack at sp + 4 slots: 0x0 is null
stack at sp + 5 slots: 0x0000000000000001 is an unknown value
stack at sp + 6 slots: 0x000001ec612e2af0 points into unknown readable memory: 0x00007ffc7a74b0e8 | e8 b0 74 7a fc 7f 00 00
stack at sp + 7 slots: 0x0000004ac3ffc880 is pointing into the stack for thread: 0x000001ec460e7920


---------------  P R O C E S S  ---------------

Threads class SMR info:
_java_thread_list=0x000001ec53b769a0, length=80, elements={
0x000001ec6aaf9490, 0x000001ec6ceecf20, 0x000001ec6ceee890, 0x000001ec460a64f0,
0x000001ec460a73a0, 0x000001ec460ac040, 0x000001ec460b7c40, 0x000001ec460e7920,
0x000001ec460fbe40, 0x000001ec46295a80, 0x000001ec46298870, 0x000001ec46296e30,
0x000001ec46296110, 0x000001ec46298f00, 0x000001ec46297b50, 0x000001ec462967a0,
0x000001ec462974c0, 0x000001ec49d01c90, 0x000001ec49cfe810, 0x000001ec49d008e0,
0x000001ec49d00f70, 0x000001ec49d01600, 0x000001ec49d029b0, 0x000001ec49cff530,
0x000001ec49d05e30, 0x000001ec49d03040, 0x000001ec49d03d60, 0x000001ec49d036d0,
0x000001ec49d04a80, 0x000001ec49d05110, 0x000001ec49d043f0, 0x000001ec49d057a0,
0x000001ec50bd5210, 0x000001ec50bd44f0, 0x000001ec50bd5f30, 0x000001ec50bd3e60,
0x000001ec50bd4b80, 0x000001ec50bd58a0, 0x000001ec50bd2ab0, 0x000001ec50bd65c0,
0x000001ec50bd3140, 0x000001ec50bd6c50, 0x000001ec50bd37d0, 0x000001ec50bd72e0,
0x000001ec50bd8d20, 0x000001ec50bd9a40, 0x000001ec50bda0d0, 0x000001ec50bd8000,
0x000001ec50bd7970, 0x000001ec50bd8690, 0x000001ec50bd93b0, 0x000001ec5192b280,
0x000001ec519291b0, 0x000001ec51929ed0, 0x000001ec51928b20, 0x000001ec5192bfa0,
0x000001ec50cef680, 0x000001ec50cee2d0, 0x000001ec50cefd10, 0x000001ec60d01b90,
0x000001ec60d007e0, 0x000001ec4e3f7a80, 0x000001ec50cea7c0, 0x000001ec50b9eb80,
0x000001ec50b9f8a0, 0x000001ec50ba12e0, 0x000001ec60cfccd0, 0x000001ec60cfeda0,
0x000001ec60cff430, 0x000001ec60cfd360, 0x000001ec60cfd9f0, 0x000001ec60d03c60,
0x000001ec60d042f0, 0x000001ec60d02220, 0x000001ec60d02f40, 0x000001ec60d00e70,
0x000001ec60cfe710, 0x000001ec60d035d0, 0x000001ec5192ed90, 0x000001ec5192fab0
}

Java Threads: ( => current thread )
  0x000001ec6aaf9490 JavaThread "main"                              [_thread_blocked, id=19968, stack(0x0000004ac3500000,0x0000004ac3600000) (1024K)]
  0x000001ec6ceecf20 JavaThread "Reference Handler"          daemon [_thread_blocked, id=19240, stack(0x0000004ac3900000,0x0000004ac3a00000) (1024K)]
  0x000001ec6ceee890 JavaThread "Finalizer"                  daemon [_thread_blocked, id=6628, stack(0x0000004ac3a00000,0x0000004ac3b00000) (1024K)]
  0x000001ec460a64f0 JavaThread "Signal Dispatcher"          daemon [_thread_blocked, id=22036, stack(0x0000004ac3b00000,0x0000004ac3c00000) (1024K)]
  0x000001ec460a73a0 JavaThread "Attach Listener"            daemon [_thread_blocked, id=13316, stack(0x0000004ac3c00000,0x0000004ac3d00000) (1024K)]
  0x000001ec460ac040 JavaThread "Service Thread"             daemon [_thread_blocked, id=3856, stack(0x0000004ac3d00000,0x0000004ac3e00000) (1024K)]
  0x000001ec460b7c40 JavaThread "Monitor Deflation Thread"   daemon [_thread_blocked, id=5204, stack(0x0000004ac3e00000,0x0000004ac3f00000) (1024K)]
=>0x000001ec460e7920 JavaThread "C2 CompilerThread0"         daemon [_thread_in_native, id=23276, stack(0x0000004ac3f00000,0x0000004ac4000000) (1024K)]
  0x000001ec460fbe40 JavaThread "C1 CompilerThread0"         daemon [_thread_blocked, id=17764, stack(0x0000004ac4000000,0x0000004ac4100000) (1024K)]
  0x000001ec46295a80 JavaThread "Common-Cleaner"             daemon [_thread_blocked, id=13704, stack(0x0000004ac4200000,0x0000004ac4300000) (1024K)]
  0x000001ec46298870 JavaThread "Notification Thread"        daemon [_thread_blocked, id=10540, stack(0x0000004ac4700000,0x0000004ac4800000) (1024K)]
  0x000001ec46296e30 JavaThread "Active Thread: Equinox Container: e3df0963-7817-4b68-91ee-04cca30c1fbf"        [_thread_blocked, id=20992, stack(0x0000004ac5300000,0x0000004ac5400000) (1024K)]
  0x000001ec46296110 JavaThread "Refresh Thread: Equinox Container: e3df0963-7817-4b68-91ee-04cca30c1fbf" daemon [_thread_blocked, id=20764, stack(0x0000004ac4300000,0x0000004ac4400000) (1024K)]
  0x000001ec46298f00 JavaThread "Framework Event Dispatcher: Equinox Container: e3df0963-7817-4b68-91ee-04cca30c1fbf" daemon [_thread_blocked, id=9120, stack(0x0000004ac4400000,0x0000004ac4500000) (1024K)]
  0x000001ec46297b50 JavaThread "Start Level: Equinox Container: e3df0963-7817-4b68-91ee-04cca30c1fbf" daemon [_thread_blocked, id=17232, stack(0x0000004ac4500000,0x0000004ac4600000) (1024K)]
  0x000001ec462967a0 JavaThread "Bundle File Closer"         daemon [_thread_blocked, id=7932, stack(0x0000004ac5200000,0x0000004ac5300000) (1024K)]
  0x000001ec462974c0 JavaThread "SCR Component Actor"        daemon [_thread_blocked, id=4272, stack(0x0000004ac4100000,0x0000004ac4200000) (1024K)]
  0x000001ec49d01c90 JavaThread "Worker-JM"                         [_thread_blocked, id=20884, stack(0x0000004ac5a00000,0x0000004ac5b00000) (1024K)]
  0x000001ec49cfe810 JavaThread "Java indexing"              daemon [_thread_blocked, id=12744, stack(0x0000004ac6600000,0x0000004ac6700000) (1024K)]
  0x000001ec49d008e0 JavaThread "JNA Cleaner"                daemon [_thread_blocked, id=14120, stack(0x0000004ac6b00000,0x0000004ac6c00000) (1024K)]
  0x000001ec49d00f70 JavaThread "Thread-2"                   daemon [_thread_in_native, id=14112, stack(0x0000004ac6f00000,0x0000004ac7000000) (1024K)]
  0x000001ec49d01600 JavaThread "Thread-3"                   daemon [_thread_in_native, id=3288, stack(0x0000004ac7000000,0x0000004ac7100000) (1024K)]
  0x000001ec49d029b0 JavaThread "Thread-4"                   daemon [_thread_in_native, id=12440, stack(0x0000004ac7100000,0x0000004ac7200000) (1024K)]
  0x000001ec49cff530 JavaThread "Thread-5"                   daemon [_thread_in_native, id=22024, stack(0x0000004ac7200000,0x0000004ac7300000) (1024K)]
  0x000001ec49d05e30 JavaThread "Thread-6"                   daemon [_thread_in_native, id=1404, stack(0x0000004ac7300000,0x0000004ac7400000) (1024K)]
  0x000001ec49d03040 JavaThread "Thread-7"                   daemon [_thread_in_native, id=5476, stack(0x0000004ac7400000,0x0000004ac7500000) (1024K)]
  0x000001ec49d03d60 JavaThread "Thread-8"                   daemon [_thread_in_native, id=12636, stack(0x0000004ac7500000,0x0000004ac7600000) (1024K)]
  0x000001ec49d036d0 JavaThread "Thread-9"                   daemon [_thread_in_native, id=13892, stack(0x0000004ac7600000,0x0000004ac7700000) (1024K)]
  0x000001ec49d04a80 JavaThread "Thread-10"                  daemon [_thread_in_native, id=7860, stack(0x0000004ac7700000,0x0000004ac7800000) (1024K)]
  0x000001ec49d05110 JavaThread "Thread-11"                  daemon [_thread_in_native, id=20408, stack(0x0000004ac7800000,0x0000004ac7900000) (1024K)]
  0x000001ec49d043f0 JavaThread "Thread-12"                  daemon [_thread_in_native, id=13840, stack(0x0000004ac7900000,0x0000004ac7a00000) (1024K)]
  0x000001ec49d057a0 JavaThread "Thread-13"                  daemon [_thread_in_native, id=2340, stack(0x0000004ac7a00000,0x0000004ac7b00000) (1024K)]
  0x000001ec50bd5210 JavaThread "Thread-14"                  daemon [_thread_in_native, id=22524, stack(0x0000004ac7b00000,0x0000004ac7c00000) (1024K)]
  0x000001ec50bd44f0 JavaThread "Thread-15"                  daemon [_thread_in_native, id=12648, stack(0x0000004ac7c00000,0x0000004ac7d00000) (1024K)]
  0x000001ec50bd5f30 JavaThread "Thread-16"                  daemon [_thread_in_native, id=19696, stack(0x0000004ac7d00000,0x0000004ac7e00000) (1024K)]
  0x000001ec50bd3e60 JavaThread "Thread-17"                  daemon [_thread_in_native, id=22900, stack(0x0000004ac7e00000,0x0000004ac7f00000) (1024K)]
  0x000001ec50bd4b80 JavaThread "Thread-18"                  daemon [_thread_in_native, id=6688, stack(0x0000004ac7f00000,0x0000004ac8000000) (1024K)]
  0x000001ec50bd58a0 JavaThread "Thread-19"                  daemon [_thread_in_native, id=10808, stack(0x0000004ac8000000,0x0000004ac8100000) (1024K)]
  0x000001ec50bd2ab0 JavaThread "Thread-20"                  daemon [_thread_in_native, id=9332, stack(0x0000004ac8100000,0x0000004ac8200000) (1024K)]
  0x000001ec50bd65c0 JavaThread "Thread-21"                  daemon [_thread_in_native, id=19668, stack(0x0000004ac8200000,0x0000004ac8300000) (1024K)]
  0x000001ec50bd3140 JavaThread "Thread-22"                  daemon [_thread_in_native, id=9540, stack(0x0000004ac8300000,0x0000004ac8400000) (1024K)]
  0x000001ec50bd6c50 JavaThread "Thread-23"                  daemon [_thread_in_native, id=7104, stack(0x0000004ac8400000,0x0000004ac8500000) (1024K)]
  0x000001ec50bd37d0 JavaThread "Thread-24"                  daemon [_thread_in_native, id=4232, stack(0x0000004ac8500000,0x0000004ac8600000) (1024K)]
  0x000001ec50bd72e0 JavaThread "Thread-25"                  daemon [_thread_in_native, id=18984, stack(0x0000004ac8600000,0x0000004ac8700000) (1024K)]
  0x000001ec50bd8d20 JavaThread "Thread-26"                  daemon [_thread_in_native, id=17072, stack(0x0000004ac8700000,0x0000004ac8800000) (1024K)]
  0x000001ec50bd9a40 JavaThread "Thread-27"                  daemon [_thread_in_native, id=2932, stack(0x0000004ac8800000,0x0000004ac8900000) (1024K)]
  0x000001ec50bda0d0 JavaThread "Thread-28"                  daemon [_thread_in_native, id=13884, stack(0x0000004ac8900000,0x0000004ac8a00000) (1024K)]
  0x000001ec50bd8000 JavaThread "Thread-29"                  daemon [_thread_in_native, id=12400, stack(0x0000004ac8a00000,0x0000004ac8b00000) (1024K)]
  0x000001ec50bd7970 JavaThread "Thread-30"                  daemon [_thread_in_native, id=15452, stack(0x0000004ac8b00000,0x0000004ac8c00000) (1024K)]
  0x000001ec50bd8690 JavaThread "Thread-31"                  daemon [_thread_in_native, id=13172, stack(0x0000004ac8c00000,0x0000004ac8d00000) (1024K)]
  0x000001ec50bd93b0 JavaThread "Thread-32"                  daemon [_thread_in_native, id=19660, stack(0x0000004ac8d00000,0x0000004ac8e00000) (1024K)]
  0x000001ec5192b280 JavaThread "Thread-33"                  daemon [_thread_in_native, id=12312, stack(0x0000004ac8e00000,0x0000004ac8f00000) (1024K)]
  0x000001ec519291b0 JavaThread "Thread-34"                  daemon [_thread_in_native, id=5832, stack(0x0000004ac8f00000,0x0000004ac9000000) (1024K)]
  0x000001ec51929ed0 JavaThread "pool-2-thread-1"                   [_thread_blocked, id=20700, stack(0x0000004ac9000000,0x0000004ac9100000) (1024K)]
  0x000001ec51928b20 JavaThread "WorkspaceEventsHandler"            [_thread_blocked, id=7960, stack(0x0000004ac9500000,0x0000004ac9600000) (1024K)]
  0x000001ec5192bfa0 JavaThread "pool-1-thread-1"                   [_thread_blocked, id=14312, stack(0x0000004ac9600000,0x0000004ac9700000) (1024K)]
  0x000001ec50cef680 JavaThread "Java Debug Server"          daemon [_thread_in_native, id=23720, stack(0x0000004acd400000,0x0000004acd500000) (1024K)]
  0x000001ec50cee2d0 JavaThread "RxSchedulerPurge-1"         daemon [_thread_blocked, id=23728, stack(0x0000004acd600000,0x0000004acd700000) (1024K)]
  0x000001ec50cefd10 JavaThread "RxCachedWorkerPoolEvictor-1" daemon [_thread_blocked, id=23736, stack(0x0000004acd700000,0x0000004acd800000) (1024K)]
  0x000001ec60d01b90 JavaThread "Cleaner-0"                  daemon [_thread_blocked, id=6392, stack(0x0000004ac9200000,0x0000004ac9300000) (1024K)]
  0x000001ec60d007e0 JavaThread "Worker-13"                         [_thread_blocked, id=25888, stack(0x0000004ac5500000,0x0000004ac5600000) (1024K)]
  0x000001ec4e3f7a80 JavaThread "Worker-15"                         [_thread_blocked, id=11416, stack(0x0000004ac5100000,0x0000004ac5200000) (1024K)]
  0x000001ec50cea7c0 JavaThread "ForkJoinPool.commonPool-worker-32" daemon [_thread_blocked, id=26504, stack(0x0000004ac9700000,0x0000004ac9800000) (1024K)]
  0x000001ec50b9eb80 JavaThread "ForkJoinPool.commonPool-worker-33" daemon [_thread_blocked, id=7956, stack(0x0000004ac4600000,0x0000004ac4700000) (1024K)]
  0x000001ec50b9f8a0 JavaThread "ForkJoinPool.commonPool-worker-34" daemon [_thread_blocked, id=21752, stack(0x0000004ac5700000,0x0000004ac5800000) (1024K)]
  0x000001ec50ba12e0 JavaThread "Compiler Source File Reader" daemon [_thread_blocked, id=26780, stack(0x0000004ac3200000,0x0000004ac3300000) (1024K)]
  0x000001ec60cfccd0 JavaThread "Compiler Source File Reader" daemon [_thread_blocked, id=3384, stack(0x0000004ac3400000,0x0000004ac3500000) (1024K)]
  0x000001ec60cfeda0 JavaThread "Worker-18"                         [_thread_blocked, id=20016, stack(0x0000004ac3300000,0x0000004ac3400000) (1024K)]
  0x000001ec60cff430 JavaThread "Compiler Source File Reader" daemon [_thread_blocked, id=11268, stack(0x0000004ac5800000,0x0000004ac5900000) (1024K)]
  0x000001ec60cfd360 JavaThread "Compiler Processing Task"   daemon [_thread_blocked, id=26772, stack(0x0000004ac5900000,0x0000004ac5a00000) (1024K)]
  0x000001ec60cfd9f0 JavaThread "Compiler Source File Reader" daemon [_thread_blocked, id=21388, stack(0x0000004ac5e00000,0x0000004ac5f00000) (1024K)]
  0x000001ec60d03c60 JavaThread "Compiler Source File Reader" daemon [_thread_blocked, id=10696, stack(0x0000004ac5f00000,0x0000004ac6000000) (1024K)]
  0x000001ec60d042f0 JavaThread "ForkJoinPool.commonPool-worker-35" daemon [_thread_blocked, id=25500, stack(0x0000004ac6000000,0x0000004ac6100000) (1024K)]
  0x000001ec60d02220 JavaThread "ForkJoinPool.commonPool-worker-36" daemon [_thread_blocked, id=25260, stack(0x0000004ac6c00000,0x0000004ac6d00000) (1024K)]
  0x000001ec60d02f40 JavaThread "ForkJoinPool.commonPool-worker-37" daemon [_thread_blocked, id=27436, stack(0x0000004ac6d00000,0x0000004ac6e00000) (1024K)]
  0x000001ec60d00e70 JavaThread "Worker-19"                         [_thread_blocked, id=2272, stack(0x0000004ac6e00000,0x0000004ac6f00000) (1024K)]
  0x000001ec60cfe710 JavaThread "Compiler Source File Reader" daemon [_thread_blocked, id=25100, stack(0x0000004ac9100000,0x0000004ac9200000) (1024K)]
  0x000001ec60d035d0 JavaThread "Compiler Source File Reader" daemon [_thread_blocked, id=27444, stack(0x0000004ac9300000,0x0000004ac9400000) (1024K)]
  0x000001ec5192ed90 JavaThread "Compiler Source File Reader" daemon [_thread_blocked, id=16388, stack(0x0000004ac9400000,0x0000004ac9500000) (1024K)]
  0x000001ec5192fab0 JavaThread "Compiler Source File Reader" daemon [_thread_blocked, id=25568, stack(0x0000004ac6200000,0x0000004ac6300000) (1024K)]
Total: 80

Other Threads:
  0x000001ec6cffe940 VMThread "VM Thread"                           [id=13908, stack(0x0000004ac3800000,0x0000004ac3900000) (1024K)]
  0x000001ec6cdcca00 WatcherThread "VM Periodic Task Thread"        [id=22748, stack(0x0000004ac3700000,0x0000004ac3800000) (1024K)]
  0x000001ec6cf5a7e0 WorkerThread "GC Thread#0"                     [id=19948, stack(0x0000004ac3600000,0x0000004ac3700000) (1024K)]
  0x000001ec4e0f8b20 WorkerThread "GC Thread#1"                     [id=2744, stack(0x0000004ac4800000,0x0000004ac4900000) (1024K)]
  0x000001ec4e13d080 WorkerThread "GC Thread#2"                     [id=12008, stack(0x0000004ac4900000,0x0000004ac4a00000) (1024K)]
  0x000001ec4e481b10 WorkerThread "GC Thread#3"                     [id=6932, stack(0x0000004ac4a00000,0x0000004ac4b00000) (1024K)]
  0x000001ec4e3a1b70 WorkerThread "GC Thread#4"                     [id=15568, stack(0x0000004ac4b00000,0x0000004ac4c00000) (1024K)]
  0x000001ec4e0f7580 WorkerThread "GC Thread#5"                     [id=14600, stack(0x0000004ac4c00000,0x0000004ac4d00000) (1024K)]
  0x000001ec4e0f8130 WorkerThread "GC Thread#6"                     [id=11620, stack(0x0000004ac4d00000,0x0000004ac4e00000) (1024K)]
  0x000001ec4e464df0 WorkerThread "GC Thread#7"                     [id=15504, stack(0x0000004ac5400000,0x0000004ac5500000) (1024K)]
  0x000001ec4968f4a0 WorkerThread "GC Thread#8"                     [id=2328, stack(0x0000004ac4e00000,0x0000004ac4f00000) (1024K)]
  0x000001ec49717fa0 WorkerThread "GC Thread#9"                     [id=2280, stack(0x0000004ac4f00000,0x0000004ac5000000) (1024K)]
  0x000001ec49718340 WorkerThread "GC Thread#10"                    [id=11436, stack(0x0000004ac5000000,0x0000004ac5100000) (1024K)]
  0x000001ec49718e20 WorkerThread "GC Thread#11"                    [id=21148, stack(0x0000004ac5600000,0x0000004ac5700000) (1024K)]
  0x000001ec49718a80 WorkerThread "GC Thread#12"                    [id=20396, stack(0x0000004ac5b00000,0x0000004ac5c00000) (1024K)]
  0x000001ec49719560 WorkerThread "GC Thread#13"                    [id=10232, stack(0x0000004ac5c00000,0x0000004ac5d00000) (1024K)]
  0x000001ec49719900 WorkerThread "GC Thread#14"                    [id=22684, stack(0x0000004ac5d00000,0x0000004ac5e00000) (1024K)]
  0x000001ec4f754170 WorkerThread "GC Thread#15"                    [id=4036, stack(0x0000004ac6100000,0x0000004ac6200000) (1024K)]
  0x000001ec4f753690 WorkerThread "GC Thread#16"                    [id=11552, stack(0x0000004ac6300000,0x0000004ac6400000) (1024K)]
  0x000001ec4f752470 WorkerThread "GC Thread#17"                    [id=11604, stack(0x0000004ac6400000,0x0000004ac6500000) (1024K)]
  0x000001ec4f7548b0 WorkerThread "GC Thread#18"                    [id=22156, stack(0x0000004ac6500000,0x0000004ac6600000) (1024K)]
  0x000001ec4f753a30 WorkerThread "GC Thread#19"                    [id=5232, stack(0x0000004ac6700000,0x0000004ac6800000) (1024K)]
  0x000001ec4f755730 WorkerThread "GC Thread#20"                    [id=21632, stack(0x0000004ac6800000,0x0000004ac6900000) (1024K)]
  0x000001ec4f753dd0 WorkerThread "GC Thread#21"                    [id=12964, stack(0x0000004ac6900000,0x0000004ac6a00000) (1024K)]
  0x000001ec4f755ad0 WorkerThread "GC Thread#22"                    [id=20768, stack(0x0000004ac6a00000,0x0000004ac6b00000) (1024K)]
Total: 25

Threads with active compile tasks:
C2 CompilerThread0  6799474 30851   !   4       org.eclipse.jdt.internal.compiler.classfmt.ClassFileReader::<init> (2135 bytes)
Total: 1

VM state: not at safepoint (normal execution)

VM Mutex/Monitor currently owned by a thread: None

Heap address: 0x0000000080000000, size: 2048 MB, Compressed Oops mode: 32-bit

CDS archive(s) mapped at: [0x000001ec04000000-0x000001ec04ba0000-0x000001ec04ba0000), size 12189696, SharedBaseAddress: 0x000001ec04000000, ArchiveRelocationMode: 1.
Compressed class space mapped at: 0x000001ec05000000-0x000001ec45000000, reserved size: 1073741824
Narrow klass base: 0x000001ec04000000, Narrow klass shift: 0, Narrow klass range: 0x100000000

GC Precious Log:
 CardTable entry size: 512
 CPUs: 32 total, 32 available
 Memory: 16088M
 Large Page Support: Disabled
 NUMA Support: Disabled
 Compressed Oops: Enabled (32-bit)
 Alignments: Space 512K, Generation 512K, Heap 2M
 Heap Min Capacity: 100M
 Heap Initial Capacity: 100M
 Heap Max Capacity: 2G
 Pre-touch: Disabled
 Parallel Workers: 23

Heap:
 PSYoungGen      total 6656K, used 2876K [0x00000000d5580000, 0x00000000d5e80000, 0x0000000100000000)
  eden space 4608K, 20% used [0x00000000d5580000,0x00000000d5669890,0x00000000d5a00000)
  from space 2048K, 94% used [0x00000000d5c80000,0x00000000d5e65850,0x00000000d5e80000)
  to   space 2048K, 0% used [0x00000000d5a80000,0x00000000d5a80000,0x00000000d5c80000)
 ParOldGen       total 292352K, used 291848K [0x0000000080000000, 0x0000000091d80000, 0x00000000d5580000)
  object space 292352K, 99% used [0x0000000080000000,0x0000000091d02020,0x0000000091d80000)
 Metaspace       used 91388K, committed 92992K, reserved 1179648K
  class space    used 8850K, committed 9600K, reserved 1048576K

Card table byte_map: [0x000001ec6c8e0000,0x000001ec6ccf0000] _byte_map_base: 0x000001ec6c4e0000

Marking Bits: (ParMarkBitMap*) 0x00007ffc7aa031f0
 Begin Bits: [0x000001ec00000000, 0x000001ec02000000)
 End Bits:   [0x000001ec02000000, 0x000001ec04000000)

Polling page: 0x000001ec6aa90000

Metaspace:

Usage:
  Non-class:     80.60 MB used.
      Class:      8.64 MB used.
       Both:     89.25 MB used.

Virtual space:
  Non-class space:      128.00 MB reserved,      81.44 MB ( 64%) committed,  2 nodes.
      Class space:        1.00 GB reserved,       9.38 MB ( <1%) committed,  1 nodes.
             Both:        1.12 GB reserved,      90.81 MB (  8%) committed. 

Chunk freelists:
   Non-Class:  14.47 MB
       Class:  6.68 MB
        Both:  21.15 MB

MaxMetaspaceSize: unlimited
CompressedClassSpaceSize: 1.00 GB
Initial GC threshold: 21.00 MB
Current GC threshold: 151.06 MB
CDS: on
 - commit_granule_bytes: 65536.
 - commit_granule_words: 8192.
 - virtual_space_node_default_size: 8388608.
 - enlarge_chunks_in_place: 1.
 - use_allocation_guard: 0.


Internal statistics:

num_allocs_failed_limit: 9.
num_arena_births: 1736.
num_arena_deaths: 430.
num_vsnodes_births: 3.
num_vsnodes_deaths: 0.
num_space_committed: 1453.
num_space_uncommitted: 0.
num_chunks_returned_to_freelist: 508.
num_chunks_taken_from_freelist: 6325.
num_chunk_merges: 135.
num_chunk_splits: 3688.
num_chunks_enlarged: 2037.
num_inconsistent_stats: 0.

CodeHeap 'non-profiled nmethods': size=118848Kb used=27661Kb max_used=31618Kb free=91186Kb
 bounds [0x000001ec77d20000, 0x000001ec79c10000, 0x000001ec7f130000]
CodeHeap 'profiled nmethods': size=118848Kb used=29247Kb max_used=51222Kb free=89600Kb
 bounds [0x000001ec70130000, 0x000001ec73340000, 0x000001ec77540000]
CodeHeap 'non-nmethods': size=8064Kb used=1543Kb max_used=3896Kb free=6521Kb
 bounds [0x000001ec77540000, 0x000001ec77940000, 0x000001ec77d20000]
 total_blobs=15449 nmethods=14582 adapters=763
 compilation: enabled
              stopped_count=0, restarted_count=0
 full_count=0

Compilation events (20 events):
Event: 6799.290 Thread 0x000001ec460fbe40 30844       3       org.eclipse.jdt.internal.core.search.matching.OrLocator::setFlavors (35 bytes)
Event: 6799.291 Thread 0x000001ec460fbe40 nmethod 30844 0x000001ec707dab90 code [0x000001ec707dad40, 0x000001ec707db008]
Event: 6799.291 Thread 0x000001ec460fbe40 30843       1       org.eclipse.jdt.internal.core.search.matching.PatternLocator::match (2 bytes)
Event: 6799.291 Thread 0x000001ec460fbe40 nmethod 30843 0x000001ec77e7a690 code [0x000001ec77e7a820, 0x000001ec77e7a8e8]
Event: 6799.303 Thread 0x000001ec460fbe40 30846       3       org.eclipse.jdt.core.dom.DocCommentParser::parseTag (1439 bytes)
Event: 6799.305 Thread 0x000001ec460fbe40 nmethod 30846 0x000001ec70aacb10 code [0x000001ec70aad1a0, 0x000001ec70ab1180]
Event: 6799.306 Thread 0x000001ec460fbe40 30847       3       org.eclipse.jdt.core.dom.AbstractTagElement::setTagName (22 bytes)
Event: 6799.307 Thread 0x000001ec460fbe40 nmethod 30847 0x000001ec703d0c90 code [0x000001ec703d0e80, 0x000001ec703d1238]
Event: 6799.308 Thread 0x000001ec460fbe40 30848       3       org.jsoup.parser.CharacterReader::consumeData (100 bytes)
Event: 6799.309 Thread 0x000001ec460fbe40 nmethod 30848 0x000001ec709dde10 code [0x000001ec709ddfe0, 0x000001ec709de300]
Event: 6799.309 Thread 0x000001ec460fbe40 30849       3       org.jsoup.nodes.Attributes::isEmpty (13 bytes)
Event: 6799.309 Thread 0x000001ec460fbe40 nmethod 30849 0x000001ec701e5c90 code [0x000001ec701e5e20, 0x000001ec701e5f80]
Event: 6799.316 Thread 0x000001ec460e7920 nmethod 30840% 0x000001ec7912de90 code [0x000001ec7912e880, 0x000001ec791381c0]
Event: 6799.316 Thread 0x000001ec460e7920 30845       4       org.eclipse.jdt.internal.core.search.matching.OrLocator::match (63 bytes)
Event: 6799.321 Thread 0x000001ec460e7920 nmethod 30845 0x000001ec782beb90 code [0x000001ec782bedc0, 0x000001ec782bf738]
Event: 6799.321 Thread 0x000001ec460e7920 30850       4       java.util.regex.Pattern$Ques::match (192 bytes)
Event: 6799.336 Thread 0x000001ec460e7920 nmethod 30850 0x000001ec780af490 code [0x000001ec780af800, 0x000001ec780b0ea8]
Event: 6799.336 Thread 0x000001ec460e7920 30842       4       org.eclipse.jdt.internal.codeassist.impl.AssistParser::consumeOpenBlock (186 bytes)
Event: 6799.341 Thread 0x000001ec460e7920 nmethod 30842 0x000001ec77d4aa90 code [0x000001ec77d4ac80, 0x000001ec77d4b230]
Event: 6799.413 Thread 0x000001ec460e7920 30851   !   4       org.eclipse.jdt.internal.compiler.classfmt.ClassFileReader::<init> (2135 bytes)

GC Heap History (20 events):
Event: 6798.838 GC heap before
{Heap before GC invocations=9754 (full 9):
 PSYoungGen      total 4608K, used 4234K [0x00000000d5580000, 0x00000000d5c80000, 0x0000000100000000)
  eden space 3072K, 100% used [0x00000000d5580000,0x00000000d5880000,0x00000000d5880000)
  from space 1536K, 75% used [0x00000000d5880000,0x00000000d59a2a58,0x00000000d5a00000)
  to   space 1536K, 0% used [0x00000000d5b00000,0x00000000d5b00000,0x00000000d5c80000)
 ParOldGen       total 285696K, used 285615K [0x0000000080000000, 0x0000000091700000, 0x00000000d5580000)
  object space 285696K, 99% used [0x0000000080000000,0x00000000916ebc10,0x0000000091700000)
 Metaspace       used 91352K, committed 92928K, reserved 1179648K
  class space    used 8850K, committed 9600K, reserved 1048576K
}
Event: 6798.839 GC heap after
{Heap after GC invocations=9754 (full 9):
 PSYoungGen      total 5120K, used 896K [0x00000000d5580000, 0x00000000d5c00000, 0x0000000100000000)
  eden space 4096K, 0% used [0x00000000d5580000,0x00000000d5580000,0x00000000d5980000)
  from space 1024K, 87% used [0x00000000d5b00000,0x00000000d5be0020,0x00000000d5c00000)
  to   space 1024K, 0% used [0x00000000d5a00000,0x00000000d5a00000,0x00000000d5b00000)
 ParOldGen       total 286720K, used 286456K [0x0000000080000000, 0x0000000091800000, 0x00000000d5580000)
  object space 286720K, 99% used [0x0000000080000000,0x00000000917be330,0x0000000091800000)
 Metaspace       used 91352K, committed 92928K, reserved 1179648K
  class space    used 8850K, committed 9600K, reserved 1048576K
}
Event: 6798.846 GC heap before
{Heap before GC invocations=9755 (full 9):
 PSYoungGen      total 5120K, used 4992K [0x00000000d5580000, 0x00000000d5c00000, 0x0000000100000000)
  eden space 4096K, 100% used [0x00000000d5580000,0x00000000d5980000,0x00000000d5980000)
  from space 1024K, 87% used [0x00000000d5b00000,0x00000000d5be0020,0x00000000d5c00000)
  to   space 1024K, 0% used [0x00000000d5a00000,0x00000000d5a00000,0x00000000d5b00000)
 ParOldGen       total 286720K, used 286456K [0x0000000080000000, 0x0000000091800000, 0x00000000d5580000)
  object space 286720K, 99% used [0x0000000080000000,0x00000000917be330,0x0000000091800000)
 Metaspace       used 91355K, committed 92928K, reserved 1179648K
  class space    used 8850K, committed 9600K, reserved 1048576K
}
Event: 6798.847 GC heap after
{Heap after GC invocations=9755 (full 9):
 PSYoungGen      total 5632K, used 1024K [0x00000000d5580000, 0x00000000d5e80000, 0x0000000100000000)
  eden space 4608K, 0% used [0x00000000d5580000,0x00000000d5580000,0x00000000d5a00000)
  from space 1024K, 100% used [0x00000000d5a00000,0x00000000d5b00000,0x00000000d5b00000)
  to   space 2048K, 0% used [0x00000000d5c80000,0x00000000d5c80000,0x00000000d5e80000)
 ParOldGen       total 287232K, used 287208K [0x0000000080000000, 0x0000000091880000, 0x00000000d5580000)
  object space 287232K, 99% used [0x0000000080000000,0x000000009187a350,0x0000000091880000)
 Metaspace       used 91355K, committed 92928K, reserved 1179648K
  class space    used 8850K, committed 9600K, reserved 1048576K
}
Event: 6799.170 GC heap before
{Heap before GC invocations=9756 (full 9):
 PSYoungGen      total 5632K, used 5632K [0x00000000d5580000, 0x00000000d5e80000, 0x0000000100000000)
  eden space 4608K, 100% used [0x00000000d5580000,0x00000000d5a00000,0x00000000d5a00000)
  from space 1024K, 100% used [0x00000000d5a00000,0x00000000d5b00000,0x00000000d5b00000)
  to   space 2048K, 0% used [0x00000000d5c80000,0x00000000d5c80000,0x00000000d5e80000)
 ParOldGen       total 287232K, used 287208K [0x0000000080000000, 0x0000000091880000, 0x00000000d5580000)
  object space 287232K, 99% used [0x0000000080000000,0x000000009187a350,0x0000000091880000)
 Metaspace       used 91356K, committed 92928K, reserved 1179648K
  class space    used 8850K, committed 9600K, reserved 1048576K
}
Event: 6799.171 GC heap after
{Heap after GC invocations=9756 (full 9):
 PSYoungGen      total 6656K, used 1686K [0x00000000d5580000, 0x00000000d5e80000, 0x0000000100000000)
  eden space 4608K, 0% used [0x00000000d5580000,0x00000000d5580000,0x00000000d5a00000)
  from space 2048K, 82% used [0x00000000d5c80000,0x00000000d5e25850,0x00000000d5e80000)
  to   space 2048K, 0% used [0x00000000d5a80000,0x00000000d5a80000,0x00000000d5c80000)
 ParOldGen       total 288256K, used 288057K [0x0000000080000000, 0x0000000091980000, 0x00000000d5580000)
  object space 288256K, 99% used [0x0000000080000000,0x000000009194e5f0,0x0000000091980000)
 Metaspace       used 91356K, committed 92928K, reserved 1179648K
  class space    used 8850K, committed 9600K, reserved 1048576K
}
Event: 6799.179 GC heap before
{Heap before GC invocations=9757 (full 9):
 PSYoungGen      total 6656K, used 6294K [0x00000000d5580000, 0x00000000d5e80000, 0x0000000100000000)
  eden space 4608K, 100% used [0x00000000d5580000,0x00000000d5a00000,0x00000000d5a00000)
  from space 2048K, 82% used [0x00000000d5c80000,0x00000000d5e25850,0x00000000d5e80000)
  to   space 2048K, 0% used [0x00000000d5a80000,0x00000000d5a80000,0x00000000d5c80000)
 ParOldGen       total 288256K, used 288057K [0x0000000080000000, 0x0000000091980000, 0x00000000d5580000)
  object space 288256K, 99% used [0x0000000080000000,0x000000009194e5f0,0x0000000091980000)
 Metaspace       used 91356K, committed 92928K, reserved 1179648K
  class space    used 8850K, committed 9600K, reserved 1048576K
}
Event: 6799.181 GC heap after
{Heap after GC invocations=9757 (full 9):
 PSYoungGen      total 5632K, used 589K [0x00000000d5580000, 0x00000000d5d00000, 0x0000000100000000)
  eden space 4608K, 0% used [0x00000000d5580000,0x00000000d5580000,0x00000000d5a00000)
  from space 1024K, 57% used [0x00000000d5a80000,0x00000000d5b13530,0x00000000d5b80000)
  to   space 1024K, 0% used [0x00000000d5c00000,0x00000000d5c00000,0x00000000d5d00000)
 ParOldGen       total 288256K, used 288174K [0x0000000080000000, 0x0000000091980000, 0x00000000d5580000)
  object space 288256K, 99% used [0x0000000080000000,0x000000009196b978,0x0000000091980000)
 Metaspace       used 91356K, committed 92928K, reserved 1179648K
  class space    used 8850K, committed 9600K, reserved 1048576K
}
Event: 6799.185 GC heap before
{Heap before GC invocations=9758 (full 9):
 PSYoungGen      total 5632K, used 5197K [0x00000000d5580000, 0x00000000d5d00000, 0x0000000100000000)
  eden space 4608K, 100% used [0x00000000d5580000,0x00000000d5a00000,0x00000000d5a00000)
  from space 1024K, 57% used [0x00000000d5a80000,0x00000000d5b13530,0x00000000d5b80000)
  to   space 1024K, 0% used [0x00000000d5c00000,0x00000000d5c00000,0x00000000d5d00000)
 ParOldGen       total 288256K, used 288174K [0x0000000080000000, 0x0000000091980000, 0x00000000d5580000)
  object space 288256K, 99% used [0x0000000080000000,0x000000009196b978,0x0000000091980000)
 Metaspace       used 91356K, committed 92928K, reserved 1179648K
  class space    used 8850K, committed 9600K, reserved 1048576K
}
Event: 6799.186 GC heap after
{Heap after GC invocations=9758 (full 9):
 PSYoungGen      total 5632K, used 698K [0x00000000d5580000, 0x00000000d5d00000, 0x0000000100000000)
  eden space 4608K, 0% used [0x00000000d5580000,0x00000000d5580000,0x00000000d5a00000)
  from space 1024K, 68% used [0x00000000d5c00000,0x00000000d5caea60,0x00000000d5d00000)
  to   space 1024K, 0% used [0x00000000d5a80000,0x00000000d5a80000,0x00000000d5b80000)
 ParOldGen       total 288768K, used 288390K [0x0000000080000000, 0x0000000091a00000, 0x00000000d5580000)
  object space 288768K, 99% used [0x0000000080000000,0x00000000919a1a58,0x0000000091a00000)
 Metaspace       used 91356K, committed 92928K, reserved 1179648K
  class space    used 8850K, committed 9600K, reserved 1048576K
}
Event: 6799.284 GC heap before
{Heap before GC invocations=9759 (full 9):
 PSYoungGen      total 5632K, used 5306K [0x00000000d5580000, 0x00000000d5d00000, 0x0000000100000000)
  eden space 4608K, 100% used [0x00000000d5580000,0x00000000d5a00000,0x00000000d5a00000)
  from space 1024K, 68% used [0x00000000d5c00000,0x00000000d5caea60,0x00000000d5d00000)
  to   space 1024K, 0% used [0x00000000d5a80000,0x00000000d5a80000,0x00000000d5b80000)
 ParOldGen       total 288768K, used 288390K [0x0000000080000000, 0x0000000091a00000, 0x00000000d5580000)
  object space 288768K, 99% used [0x0000000080000000,0x00000000919a1a58,0x0000000091a00000)
 Metaspace       used 91356K, committed 92928K, reserved 1179648K
  class space    used 8850K, committed 9600K, reserved 1048576K
}
Event: 6799.286 GC heap after
{Heap after GC invocations=9759 (full 9):
 PSYoungGen      total 5632K, used 653K [0x00000000d5580000, 0x00000000d5c80000, 0x0000000100000000)
  eden space 4608K, 0% used [0x00000000d5580000,0x00000000d5580000,0x00000000d5a00000)
  from space 1024K, 63% used [0x00000000d5a80000,0x00000000d5b23530,0x00000000d5b80000)
  to   space 1024K, 0% used [0x00000000d5b80000,0x00000000d5b80000,0x00000000d5c80000)
 ParOldGen       total 288768K, used 288438K [0x0000000080000000, 0x0000000091a00000, 0x00000000d5580000)
  object space 288768K, 99% used [0x0000000080000000,0x00000000919ada58,0x0000000091a00000)
 Metaspace       used 91356K, committed 92928K, reserved 1179648K
  class space    used 8850K, committed 9600K, reserved 1048576K
}
Event: 6799.293 GC heap before
{Heap before GC invocations=9760 (full 9):
 PSYoungGen      total 5632K, used 5261K [0x00000000d5580000, 0x00000000d5c80000, 0x0000000100000000)
  eden space 4608K, 100% used [0x00000000d5580000,0x00000000d5a00000,0x00000000d5a00000)
  from space 1024K, 63% used [0x00000000d5a80000,0x00000000d5b23530,0x00000000d5b80000)
  to   space 1024K, 0% used [0x00000000d5b80000,0x00000000d5b80000,0x00000000d5c80000)
 ParOldGen       total 288768K, used 288438K [0x0000000080000000, 0x0000000091a00000, 0x00000000d5580000)
  object space 288768K, 99% used [0x0000000080000000,0x00000000919ada58,0x0000000091a00000)
 Metaspace       used 91357K, committed 92928K, reserved 1179648K
  class space    used 8850K, committed 9600K, reserved 1048576K
}
Event: 6799.296 GC heap after
{Heap after GC invocations=9760 (full 9):
 PSYoungGen      total 5632K, used 1014K [0x00000000d5580000, 0x00000000d5d00000, 0x0000000100000000)
  eden space 4608K, 0% used [0x00000000d5580000,0x00000000d5580000,0x00000000d5a00000)
  from space 1024K, 99% used [0x00000000d5b80000,0x00000000d5c7d830,0x00000000d5c80000)
  to   space 1536K, 0% used [0x00000000d5a00000,0x00000000d5a00000,0x00000000d5b80000)
 ParOldGen       total 288768K, used 288709K [0x0000000080000000, 0x0000000091a00000, 0x00000000d5580000)
  object space 288768K, 99% used [0x0000000080000000,0x00000000919f1478,0x0000000091a00000)
 Metaspace       used 91357K, committed 92928K, reserved 1179648K
  class space    used 8850K, committed 9600K, reserved 1048576K
}
Event: 6799.305 GC heap before
{Heap before GC invocations=9761 (full 9):
 PSYoungGen      total 5632K, used 4805K [0x00000000d5580000, 0x00000000d5d00000, 0x0000000100000000)
  eden space 4608K, 82% used [0x00000000d5580000,0x00000000d5933f08,0x00000000d5a00000)
  from space 1024K, 99% used [0x00000000d5b80000,0x00000000d5c7d830,0x00000000d5c80000)
  to   space 1536K, 0% used [0x00000000d5a00000,0x00000000d5a00000,0x00000000d5b80000)
 ParOldGen       total 288768K, used 288709K [0x0000000080000000, 0x0000000091a00000, 0x00000000d5580000)
  object space 288768K, 99% used [0x0000000080000000,0x00000000919f1478,0x0000000091a00000)
 Metaspace       used 91388K, committed 92992K, reserved 1179648K
  class space    used 8850K, committed 9600K, reserved 1048576K
}
Event: 6799.306 GC heap after
{Heap after GC invocations=9761 (full 9):
 PSYoungGen      total 5632K, used 640K [0x00000000d5580000, 0x00000000d5c00000, 0x0000000100000000)
  eden space 4608K, 0% used [0x00000000d5580000,0x00000000d5580000,0x00000000d5a00000)
  from space 1024K, 62% used [0x00000000d5a00000,0x00000000d5aa0000,0x00000000d5b00000)
  to   space 1024K, 0% used [0x00000000d5b00000,0x00000000d5b00000,0x00000000d5c00000)
 ParOldGen       total 289792K, used 289699K [0x0000000080000000, 0x0000000091b00000, 0x00000000d5580000)
  object space 289792K, 99% used [0x0000000080000000,0x0000000091ae8cf8,0x0000000091b00000)
 Metaspace       used 91388K, committed 92992K, reserved 1179648K
  class space    used 8850K, committed 9600K, reserved 1048576K
}
Event: 6799.413 GC heap before
{Heap before GC invocations=9762 (full 9):
 PSYoungGen      total 5632K, used 5247K [0x00000000d5580000, 0x00000000d5c00000, 0x0000000100000000)
  eden space 4608K, 99% used [0x00000000d5580000,0x00000000d59fffb8,0x00000000d5a00000)
  from space 1024K, 62% used [0x00000000d5a00000,0x00000000d5aa0000,0x00000000d5b00000)
  to   space 1024K, 0% used [0x00000000d5b00000,0x00000000d5b00000,0x00000000d5c00000)
 ParOldGen       total 289792K, used 289699K [0x0000000080000000, 0x0000000091b00000, 0x00000000d5580000)
  object space 289792K, 99% used [0x0000000080000000,0x0000000091ae8cf8,0x0000000091b00000)
 Metaspace       used 91388K, committed 92992K, reserved 1179648K
  class space    used 8850K, committed 9600K, reserved 1048576K
}
Event: 6799.414 GC heap after
{Heap after GC invocations=9762 (full 9):
 PSYoungGen      total 5632K, used 397K [0x00000000d5580000, 0x00000000d5c00000, 0x0000000100000000)
  eden space 4608K, 0% used [0x00000000d5580000,0x00000000d5580000,0x00000000d5a00000)
  from space 1024K, 38% used [0x00000000d5b00000,0x00000000d5b63530,0x00000000d5c00000)
  to   space 1024K, 0% used [0x00000000d5a00000,0x00000000d5a00000,0x00000000d5b00000)
 ParOldGen       total 290304K, used 289989K [0x0000000080000000, 0x0000000091b80000, 0x00000000d5580000)
  object space 290304K, 99% used [0x0000000080000000,0x0000000091b31660,0x0000000091b80000)
 Metaspace       used 91388K, committed 92992K, reserved 1179648K
  class space    used 8850K, committed 9600K, reserved 1048576K
}
Event: 6799.420 GC heap before
{Heap before GC invocations=9763 (full 9):
 PSYoungGen      total 5632K, used 5005K [0x00000000d5580000, 0x00000000d5c00000, 0x0000000100000000)
  eden space 4608K, 100% used [0x00000000d5580000,0x00000000d5a00000,0x00000000d5a00000)
  from space 1024K, 38% used [0x00000000d5b00000,0x00000000d5b63530,0x00000000d5c00000)
  to   space 1024K, 0% used [0x00000000d5a00000,0x00000000d5a00000,0x00000000d5b00000)
 ParOldGen       total 290304K, used 289989K [0x0000000080000000, 0x0000000091b80000, 0x00000000d5580000)
  object space 290304K, 99% used [0x0000000080000000,0x0000000091b31660,0x0000000091b80000)
 Metaspace       used 91388K, committed 92992K, reserved 1179648K
  class space    used 8850K, committed 9600K, reserved 1048576K
}
Event: 6799.421 GC heap after
{Heap after GC invocations=9763 (full 9):
 PSYoungGen      total 5632K, used 1024K [0x00000000d5580000, 0x00000000d5f00000, 0x0000000100000000)
  eden space 4608K, 0% used [0x00000000d5580000,0x00000000d5580000,0x00000000d5a00000)
  from space 1024K, 100% used [0x00000000d5a00000,0x00000000d5b00000,0x00000000d5b00000)
  to   space 2560K, 0% used [0x00000000d5c80000,0x00000000d5c80000,0x00000000d5f00000)
 ParOldGen       total 290816K, used 290808K [0x0000000080000000, 0x0000000091c00000, 0x00000000d5580000)
  object space 290816K, 99% used [0x0000000080000000,0x0000000091bfe020,0x0000000091c00000)
 Metaspace       used 91388K, committed 92992K, reserved 1179648K
  class space    used 8850K, committed 9600K, reserved 1048576K
}

Dll operation events (14 events):
Event: 0.008 Loaded shared library c:\Users\izzir\.vscode\extensions\redhat.java-1.42.0-win32-x64\jre\21.0.7-win32-x86_64\bin\java.dll
Event: 0.061 Loaded shared library c:\Users\izzir\.vscode\extensions\redhat.java-1.42.0-win32-x64\jre\21.0.7-win32-x86_64\bin\zip.dll
Event: 0.077 Loaded shared library C:\Users\izzir\.vscode\extensions\redhat.java-1.42.0-win32-x64\jre\21.0.7-win32-x86_64\bin\instrument.dll
Event: 0.080 Loaded shared library C:\Users\izzir\.vscode\extensions\redhat.java-1.42.0-win32-x64\jre\21.0.7-win32-x86_64\bin\net.dll
Event: 0.082 Loaded shared library C:\Users\izzir\.vscode\extensions\redhat.java-1.42.0-win32-x64\jre\21.0.7-win32-x86_64\bin\nio.dll
Event: 0.084 Loaded shared library C:\Users\izzir\.vscode\extensions\redhat.java-1.42.0-win32-x64\jre\21.0.7-win32-x86_64\bin\zip.dll
Event: 0.097 Loaded shared library C:\Users\izzir\.vscode\extensions\redhat.java-1.42.0-win32-x64\jre\21.0.7-win32-x86_64\bin\jimage.dll
Event: 0.159 Loaded shared library c:\Users\izzir\.vscode\extensions\redhat.java-1.42.0-win32-x64\jre\21.0.7-win32-x86_64\bin\verify.dll
Event: 7.954 Loaded shared library C:\Users\izzir\AppData\Roaming\Code\User\globalStorage\redhat.java\1.42.0\config_win\org.eclipse.equinox.launcher\org.eclipse.equinox.launcher.win32.win32.x86_64_1.2.1300.v20250331-1702\eclipse_11911.dll
Event: 19.597 Loaded shared library C:\Users\izzir\.vscode\extensions\redhat.java-1.42.0-win32-x64\jre\21.0.7-win32-x86_64\bin\management.dll
Event: 19.598 Loaded shared library C:\Users\izzir\.vscode\extensions\redhat.java-1.42.0-win32-x64\jre\21.0.7-win32-x86_64\bin\management_ext.dll
Event: 20.315 Loaded shared library C:\Users\izzir\AppData\Local\Temp\jna-100724818\jna14272702429794397469.dll
Event: 20.374 Loaded shared library C:\Users\izzir\.vscode\extensions\redhat.java-1.42.0-win32-x64\jre\21.0.7-win32-x86_64\bin\sunmscapi.dll
Event: 20.677 Loaded shared library C:\Users\izzir\.vscode\extensions\redhat.java-1.42.0-win32-x64\jre\21.0.7-win32-x86_64\bin\extnet.dll

Deoptimization events (20 events):
Event: 6798.924 Thread 0x000001ec60d00e70 DEOPT PACKING pc=0x000001ec783eae70 sp=0x0000004ac6efdee0
Event: 6798.924 Thread 0x000001ec60d00e70 DEOPT UNPACKING pc=0x000001ec77593aa2 sp=0x0000004ac6efde90 mode 2
Event: 6799.290 Thread 0x000001ec50cea7c0 Uncommon trap: trap_request=0xffffffbe fr.pc=0x000001ec79480c70 relative=0x0000000000000530
Event: 6799.290 Thread 0x000001ec50cea7c0 Uncommon trap: reason=profile_predicate action=maybe_recompile pc=0x000001ec79480c70 method=org.eclipse.jdt.internal.core.search.matching.OrLocator.match(Lorg/eclipse/jdt/internal/compiler/ast/Reference;Lorg/eclipse/jdt/internal/core/search/matching/Match
Event: 6799.290 Thread 0x000001ec50cea7c0 DEOPT PACKING pc=0x000001ec79480c70 sp=0x0000004ac97fe660
Event: 6799.290 Thread 0x000001ec50cea7c0 DEOPT UNPACKING pc=0x000001ec77593aa2 sp=0x0000004ac97fe600 mode 2
Event: 6799.291 Thread 0x000001ec50cea7c0 Uncommon trap: trap_request=0xffffffbe fr.pc=0x000001ec79480c70 relative=0x0000000000000530
Event: 6799.291 Thread 0x000001ec50cea7c0 Uncommon trap: reason=profile_predicate action=maybe_recompile pc=0x000001ec79480c70 method=org.eclipse.jdt.internal.core.search.matching.OrLocator.match(Lorg/eclipse/jdt/internal/compiler/ast/Reference;Lorg/eclipse/jdt/internal/core/search/matching/Match
Event: 6799.291 Thread 0x000001ec50cea7c0 DEOPT PACKING pc=0x000001ec79480c70 sp=0x0000004ac97fe660
Event: 6799.291 Thread 0x000001ec50cea7c0 DEOPT UNPACKING pc=0x000001ec77593aa2 sp=0x0000004ac97fe600 mode 2
Event: 6799.291 Thread 0x000001ec50cea7c0 Uncommon trap: trap_request=0xffffffbe fr.pc=0x000001ec79480c70 relative=0x0000000000000530
Event: 6799.291 Thread 0x000001ec50cea7c0 Uncommon trap: reason=profile_predicate action=maybe_recompile pc=0x000001ec79480c70 method=org.eclipse.jdt.internal.core.search.matching.OrLocator.match(Lorg/eclipse/jdt/internal/compiler/ast/Reference;Lorg/eclipse/jdt/internal/core/search/matching/Match
Event: 6799.291 Thread 0x000001ec50cea7c0 DEOPT PACKING pc=0x000001ec79480c70 sp=0x0000004ac97fe650
Event: 6799.291 Thread 0x000001ec50cea7c0 DEOPT UNPACKING pc=0x000001ec77593aa2 sp=0x0000004ac97fe5f0 mode 2
Event: 6799.291 Thread 0x000001ec50cea7c0 Uncommon trap: trap_request=0xffffffbe fr.pc=0x000001ec79480c70 relative=0x0000000000000530
Event: 6799.291 Thread 0x000001ec50cea7c0 Uncommon trap: reason=profile_predicate action=maybe_recompile pc=0x000001ec79480c70 method=org.eclipse.jdt.internal.core.search.matching.OrLocator.match(Lorg/eclipse/jdt/internal/compiler/ast/Reference;Lorg/eclipse/jdt/internal/core/search/matching/Match
Event: 6799.291 Thread 0x000001ec50cea7c0 DEOPT PACKING pc=0x000001ec79480c70 sp=0x0000004ac97fe660
Event: 6799.291 Thread 0x000001ec50cea7c0 DEOPT UNPACKING pc=0x000001ec77593aa2 sp=0x0000004ac97fe600 mode 2
Event: 6799.412 Thread 0x000001ec4e3f7a80 DEOPT PACKING pc=0x000001ec7217971a sp=0x0000004ac51fe330
Event: 6799.413 Thread 0x000001ec4e3f7a80 DEOPT UNPACKING pc=0x000001ec77594242 sp=0x0000004ac51fd8b8 mode 0

Classes loaded (20 events):
Event: 1742.074 Loading class java/util/Spliterators$IntArraySpliterator
Event: 1742.074 Loading class java/util/Spliterators$IntArraySpliterator done
Event: 1745.374 Loading class java/lang/Throwable$WrappedPrintWriter
Event: 1745.374 Loading class java/lang/Throwable$PrintStreamOrWriter
Event: 1745.374 Loading class java/lang/Throwable$PrintStreamOrWriter done
Event: 1745.374 Loading class java/lang/Throwable$WrappedPrintWriter done
Event: 1884.707 Loading class jdk/internal/icu/text/NormalizerBase$NFCModeImpl
Event: 1884.707 Loading class jdk/internal/icu/text/NormalizerBase$NFCModeImpl done
Event: 1884.707 Loading class jdk/internal/icu/impl/Norm2AllModes$NFCSingleton
Event: 1884.707 Loading class jdk/internal/icu/impl/Norm2AllModes$NFCSingleton done
Event: 1884.707 Loading class java/nio/StringCharBuffer
Event: 1884.707 Loading class java/nio/StringCharBuffer done
Event: 1903.882 Loading class java/nio/channels/CompletionHandler
Event: 1903.882 Loading class java/nio/channels/CompletionHandler done
Event: 2142.886 Loading class java/util/DualPivotQuicksort$Sorter
Event: 2142.886 Loading class java/util/DualPivotQuicksort$Sorter done
Event: 2962.366 Loading class java/util/stream/ReferencePipeline$15
Event: 2962.367 Loading class java/util/stream/ReferencePipeline$15 done
Event: 2962.367 Loading class java/util/stream/ReferencePipeline$15$1
Event: 2962.367 Loading class java/util/stream/ReferencePipeline$15$1 done

Classes unloaded (20 events):
Event: 5529.364 Thread 0x000001ec6cffe940 Unloading class 0x000001ec05082400 'java/lang/invoke/LambdaForm$MH+0x000001ec05082400'
Event: 5529.364 Thread 0x000001ec6cffe940 Unloading class 0x000001ec05081c00 'java/lang/invoke/LambdaForm$MH+0x000001ec05081c00'
Event: 5529.364 Thread 0x000001ec6cffe940 Unloading class 0x000001ec05081800 'java/lang/invoke/LambdaForm$MH+0x000001ec05081800'
Event: 5529.364 Thread 0x000001ec6cffe940 Unloading class 0x000001ec05081400 'java/lang/invoke/LambdaForm$MH+0x000001ec05081400'
Event: 5529.364 Thread 0x000001ec6cffe940 Unloading class 0x000001ec05081000 'java/lang/invoke/LambdaForm$MH+0x000001ec05081000'
Event: 5529.364 Thread 0x000001ec6cffe940 Unloading class 0x000001ec05080800 'java/lang/invoke/LambdaForm$MH+0x000001ec05080800'
Event: 5529.364 Thread 0x000001ec6cffe940 Unloading class 0x000001ec05080400 'java/lang/invoke/LambdaForm$MH+0x000001ec05080400'
Event: 5529.364 Thread 0x000001ec6cffe940 Unloading class 0x000001ec05080000 'java/lang/invoke/LambdaForm$MH+0x000001ec05080000'
Event: 5529.364 Thread 0x000001ec6cffe940 Unloading class 0x000001ec0501f800 'java/lang/invoke/LambdaForm$MH+0x000001ec0501f800'
Event: 5529.364 Thread 0x000001ec6cffe940 Unloading class 0x000001ec0501e800 'java/lang/invoke/LambdaForm$MH+0x000001ec0501e800'
Event: 5529.364 Thread 0x000001ec6cffe940 Unloading class 0x000001ec0501e400 'java/lang/invoke/LambdaForm$MH+0x000001ec0501e400'
Event: 5529.364 Thread 0x000001ec6cffe940 Unloading class 0x000001ec0501dc00 'java/lang/invoke/LambdaForm$MH+0x000001ec0501dc00'
Event: 5529.364 Thread 0x000001ec6cffe940 Unloading class 0x000001ec0501d400 'java/lang/invoke/LambdaForm$MH+0x000001ec0501d400'
Event: 5529.364 Thread 0x000001ec6cffe940 Unloading class 0x000001ec05019400 'java/lang/invoke/LambdaForm$MH+0x000001ec05019400'
Event: 5529.364 Thread 0x000001ec6cffe940 Unloading class 0x000001ec05018400 'java/lang/invoke/LambdaForm$MH+0x000001ec05018400'
Event: 5529.364 Thread 0x000001ec6cffe940 Unloading class 0x000001ec05018000 'java/lang/invoke/LambdaForm$MH+0x000001ec05018000'
Event: 5529.364 Thread 0x000001ec6cffe940 Unloading class 0x000001ec05017400 'java/lang/invoke/LambdaForm$MH+0x000001ec05017400'
Event: 5529.364 Thread 0x000001ec6cffe940 Unloading class 0x000001ec05016400 'java/lang/invoke/LambdaForm$MH+0x000001ec05016400'
Event: 5529.364 Thread 0x000001ec6cffe940 Unloading class 0x000001ec05014800 'java/lang/invoke/LambdaForm$MH+0x000001ec05014800'
Event: 5529.364 Thread 0x000001ec6cffe940 Unloading class 0x000001ec05000400 'java/lang/invoke/LambdaForm$MH+0x000001ec05000400'

Classes redefined (0 events):
No events

Internal exceptions (20 events):
Event: 6766.152 Thread 0x000001ec49cfe810 Exception <a 'sun/nio/fs/WindowsException'{0x00000000d56f8e28}> (0x00000000d56f8e28) 
thrown [s\src\hotspot\share\prims\jni.cpp, line 520]
Event: 6766.211 Thread 0x000001ec49cfe810 Exception <a 'sun/nio/fs/WindowsException'{0x00000000d57e6a60}> (0x00000000d57e6a60) 
thrown [s\src\hotspot\share\prims\jni.cpp, line 520]
Event: 6767.384 Thread 0x000001ec49cfe810 Exception <a 'sun/nio/fs/WindowsException'{0x00000000d5a6a478}> (0x00000000d5a6a478) 
thrown [s\src\hotspot\share\prims\jni.cpp, line 520]
Event: 6767.433 Thread 0x000001ec49cfe810 Exception <a 'sun/nio/fs/WindowsException'{0x00000000d5af3bb8}> (0x00000000d5af3bb8) 
thrown [s\src\hotspot\share\prims\jni.cpp, line 520]
Event: 6775.617 Thread 0x000001ec50b9f8a0 Exception <a 'java/lang/ClassNotFoundException'{0x00000000d5872c50}: sun/net/www/protocol/eclipse-javadoc/Handler> (0x00000000d5872c50) 
thrown [s\src\hotspot\share\classfile\systemDictionary.cpp, line 312]
Event: 6775.617 Thread 0x000001ec50b9f8a0 Exception <a 'java/lang/ClassNotFoundException'{0x00000000d5885758}: sun/net/www/protocol/eclipse-javadoc/Handler> (0x00000000d5885758) 
thrown [s\src\hotspot\share\classfile\systemDictionary.cpp, line 312]
Event: 6775.617 Thread 0x000001ec50b9f8a0 Exception <a 'java/lang/ClassNotFoundException'{0x00000000d5889180}: sun/net/www/protocol/jdt/Handler> (0x00000000d5889180) 
thrown [s\src\hotspot\share\classfile\systemDictionary.cpp, line 312]
Event: 6775.617 Thread 0x000001ec50b9f8a0 Exception <a 'java/lang/ClassNotFoundException'{0x00000000d588b950}: sun/net/www/protocol/jdt/Handler> (0x00000000d588b950) 
thrown [s\src\hotspot\share\classfile\systemDictionary.cpp, line 312]
Event: 6785.229 Thread 0x000001ec49cfe810 Exception <a 'sun/nio/fs/WindowsException'{0x00000000d579cc10}> (0x00000000d579cc10) 
thrown [s\src\hotspot\share\prims\jni.cpp, line 520]
Event: 6785.459 Thread 0x000001ec49cfe810 Exception <a 'sun/nio/fs/WindowsException'{0x00000000d57177b0}> (0x00000000d57177b0) 
thrown [s\src\hotspot\share\prims\jni.cpp, line 520]
Event: 6786.802 Thread 0x000001ec49cfe810 Exception <a 'sun/nio/fs/WindowsException'{0x00000000d567f378}> (0x00000000d567f378) 
thrown [s\src\hotspot\share\prims\jni.cpp, line 520]
Event: 6786.864 Thread 0x000001ec49cfe810 Exception <a 'sun/nio/fs/WindowsException'{0x00000000d55d3450}> (0x00000000d55d3450) 
thrown [s\src\hotspot\share\prims\jni.cpp, line 520]
Event: 6791.110 Thread 0x000001ec50b9f8a0 Implicit null exception at 0x000001ec7967300d to 0x000001ec79673338
Event: 6794.360 Thread 0x000001ec5192bfa0 Exception <a 'java/lang/IncompatibleClassChangeError'{0x00000000d5720460}: Found class java.lang.Object, but interface was expected> (0x00000000d5720460) 
thrown [s\src\hotspot\share\interpreter\linkResolver.cpp, line 840]
Event: 6794.360 Thread 0x000001ec5192bfa0 Implicit null exception at 0x000001ec7803f939 to 0x000001ec7803fba4
Event: 6795.424 Thread 0x000001ec49cfe810 Exception <a 'sun/nio/fs/WindowsException'{0x00000000d5607550}> (0x00000000d5607550) 
thrown [s\src\hotspot\share\prims\jni.cpp, line 520]
Event: 6795.466 Thread 0x000001ec49cfe810 Exception <a 'sun/nio/fs/WindowsException'{0x00000000d58454e8}> (0x00000000d58454e8) 
thrown [s\src\hotspot\share\prims\jni.cpp, line 520]
Event: 6798.754 Thread 0x000001ec49cfe810 Exception <a 'sun/nio/fs/WindowsException'{0x00000000d5a114e0}> (0x00000000d5a114e0) 
thrown [s\src\hotspot\share\prims\jni.cpp, line 520]
Event: 6798.803 Thread 0x000001ec49cfe810 Exception <a 'sun/nio/fs/WindowsException'{0x00000000d577c190}> (0x00000000d577c190) 
thrown [s\src\hotspot\share\prims\jni.cpp, line 520]
Event: 6799.308 Thread 0x000001ec50cea7c0 Exception <a 'java/lang/ClassNotFoundException'{0x00000000d57410e8}: sun/net/www/protocol/jdt/Handler> (0x00000000d57410e8) 
thrown [s\src\hotspot\share\classfile\systemDictionary.cpp, line 312]

ZGC Phase Switch (0 events):
No events

VM Operations (20 events):
Event: 6798.838 Executing VM operation: ParallelGCFailedAllocation (Allocation Failure)
Event: 6798.839 Executing VM operation: ParallelGCFailedAllocation (Allocation Failure) done
Event: 6798.846 Executing VM operation: ParallelGCFailedAllocation (Allocation Failure)
Event: 6798.847 Executing VM operation: ParallelGCFailedAllocation (Allocation Failure) done
Event: 6799.170 Executing VM operation: ParallelGCFailedAllocation (Allocation Failure)
Event: 6799.171 Executing VM operation: ParallelGCFailedAllocation (Allocation Failure) done
Event: 6799.179 Executing VM operation: ParallelGCFailedAllocation (Allocation Failure)
Event: 6799.181 Executing VM operation: ParallelGCFailedAllocation (Allocation Failure) done
Event: 6799.185 Executing VM operation: ParallelGCFailedAllocation (Allocation Failure)
Event: 6799.186 Executing VM operation: ParallelGCFailedAllocation (Allocation Failure) done
Event: 6799.284 Executing VM operation: ParallelGCFailedAllocation (Allocation Failure)
Event: 6799.286 Executing VM operation: ParallelGCFailedAllocation (Allocation Failure) done
Event: 6799.293 Executing VM operation: ParallelGCFailedAllocation (Allocation Failure)
Event: 6799.296 Executing VM operation: ParallelGCFailedAllocation (Allocation Failure) done
Event: 6799.305 Executing VM operation: ParallelGCFailedAllocation (Allocation Failure)
Event: 6799.306 Executing VM operation: ParallelGCFailedAllocation (Allocation Failure) done
Event: 6799.413 Executing VM operation: ParallelGCFailedAllocation (Allocation Failure)
Event: 6799.414 Executing VM operation: ParallelGCFailedAllocation (Allocation Failure) done
Event: 6799.420 Executing VM operation: ParallelGCFailedAllocation (Allocation Failure)
Event: 6799.421 Executing VM operation: ParallelGCFailedAllocation (Allocation Failure) done

Memory protections (0 events):
No events

Nmethod flushes (20 events):
Event: 6785.331 Thread 0x000001ec6cffe940 flushing  nmethod 0x000001ec732b6c10
Event: 6785.331 Thread 0x000001ec6cffe940 flushing  nmethod 0x000001ec732c5a10
Event: 6785.331 Thread 0x000001ec6cffe940 flushing  nmethod 0x000001ec732d5a90
Event: 6785.331 Thread 0x000001ec6cffe940 flushing  nmethod 0x000001ec732d6610
Event: 6785.331 Thread 0x000001ec6cffe940 flushing  nmethod 0x000001ec732d6990
Event: 6785.331 Thread 0x000001ec6cffe940 flushing  nmethod 0x000001ec732da310
Event: 6785.331 Thread 0x000001ec6cffe940 flushing  nmethod 0x000001ec732e7890
Event: 6785.331 Thread 0x000001ec6cffe940 flushing  nmethod 0x000001ec732e8610
Event: 6785.331 Thread 0x000001ec6cffe940 flushing  nmethod 0x000001ec732ecc10
Event: 6785.331 Thread 0x000001ec6cffe940 flushing  nmethod 0x000001ec732ed110
Event: 6785.331 Thread 0x000001ec6cffe940 flushing  nmethod 0x000001ec732ed890
Event: 6785.331 Thread 0x000001ec6cffe940 flushing  nmethod 0x000001ec732edd10
Event: 6785.331 Thread 0x000001ec6cffe940 flushing  nmethod 0x000001ec732f0b90
Event: 6785.331 Thread 0x000001ec6cffe940 flushing  nmethod 0x000001ec732f4f90
Event: 6785.331 Thread 0x000001ec6cffe940 flushing  nmethod 0x000001ec73301f10
Event: 6785.331 Thread 0x000001ec6cffe940 flushing  nmethod 0x000001ec73302790
Event: 6785.331 Thread 0x000001ec6cffe940 flushing  nmethod 0x000001ec73303410
Event: 6785.331 Thread 0x000001ec6cffe940 flushing  nmethod 0x000001ec7330c090
Event: 6785.331 Thread 0x000001ec6cffe940 flushing  nmethod 0x000001ec73310410
Event: 6785.331 Thread 0x000001ec6cffe940 flushing  nmethod 0x000001ec73312b90

Events (20 events):
Event: 6785.435 Thread 0x000001ec60cfeda0 Thread added: 0x000001ec60cfe710
Event: 6786.882 Thread 0x000001ec60d00e70 Thread added: 0x000001ec60d035d0
Event: 6786.963 Thread 0x000001ec460fbe40 Thread added: 0x000001ec61ef4a10
Event: 6788.491 Thread 0x000001ec61ef4a10 Thread exited: 0x000001ec61ef4a10
Event: 6791.275 Thread 0x000001ec460fbe40 Thread added: 0x000001ec61ef4a10
Event: 6791.275 Thread 0x000001ec460fbe40 Thread added: 0x000001ec61ef9bd0
Event: 6791.275 Thread 0x000001ec460fbe40 Thread added: 0x000001ec61efa2a0
Event: 6792.519 Thread 0x000001ec61efa2a0 Thread exited: 0x000001ec61efa2a0
Event: 6792.519 Thread 0x000001ec61ef9bd0 Thread exited: 0x000001ec61ef9bd0
Event: 6792.658 Thread 0x000001ec61ef4a10 Thread exited: 0x000001ec61ef4a10
Event: 6792.670 Thread 0x000001ec460fbe40 Thread added: 0x000001ec61ef4a10
Event: 6792.682 Thread 0x000001ec460fbe40 Thread added: 0x000001ec61ef8760
Event: 6794.386 Thread 0x000001ec61ef8760 Thread exited: 0x000001ec61ef8760
Event: 6794.386 Thread 0x000001ec61ef4a10 Thread exited: 0x000001ec61ef4a10
Event: 6794.399 Thread 0x000001ec460fbe40 Thread added: 0x000001ec61ef4a10
Event: 6794.399 Thread 0x000001ec460fbe40 Thread added: 0x000001ec61efa970
Event: 6794.633 Thread 0x000001ec61efa970 Thread exited: 0x000001ec61efa970
Event: 6794.635 Thread 0x000001ec61ef4a10 Thread exited: 0x000001ec61ef4a10
Event: 6795.557 Thread 0x000001ec60d007e0 Thread added: 0x000001ec5192ed90
Event: 6798.832 Thread 0x000001ec60d00e70 Thread added: 0x000001ec5192fab0


Dynamic libraries:
0x00007ff6baa20000 - 0x00007ff6baa2e000 	c:\Users\izzir\.vscode\extensions\redhat.java-1.42.0-win32-x64\jre\21.0.7-win32-x86_64\bin\java.exe
0x00007ffd3cfa0000 - 0x00007ffd3d206000 	C:\WINDOWS\SYSTEM32\ntdll.dll
0x00007ffd3b440000 - 0x00007ffd3b509000 	C:\WINDOWS\System32\KERNEL32.DLL
0x00007ffd3a4d0000 - 0x00007ffd3a89c000 	C:\WINDOWS\System32\KERNELBASE.dll
0x00007ffd3ac10000 - 0x00007ffd3ad5b000 	C:\WINDOWS\System32\ucrtbase.dll
0x00007ffd2f520000 - 0x00007ffd2f538000 	c:\Users\izzir\.vscode\extensions\redhat.java-1.42.0-win32-x64\jre\21.0.7-win32-x86_64\bin\jli.dll
0x00007ffd2ff80000 - 0x00007ffd2ff9e000 	c:\Users\izzir\.vscode\extensions\redhat.java-1.42.0-win32-x64\jre\21.0.7-win32-x86_64\bin\VCRUNTIME140.dll
0x00007ffd3af60000 - 0x00007ffd3b12a000 	C:\WINDOWS\System32\USER32.dll
0x00007ffd3a360000 - 0x00007ffd3a387000 	C:\WINDOWS\System32\win32u.dll
0x00007ffd16080000 - 0x00007ffd1631a000 	C:\WINDOWS\WinSxS\amd64_microsoft.windows.common-controls_6595b64144ccf1df_6.0.26100.3912_none_3e07963ce335137e\COMCTL32.dll
0x00007ffd3bf10000 - 0x00007ffd3bf3b000 	C:\WINDOWS\System32\GDI32.dll
0x00007ffd3b130000 - 0x00007ffd3b1d9000 	C:\WINDOWS\System32\msvcrt.dll
0x00007ffd3a390000 - 0x00007ffd3a4c2000 	C:\WINDOWS\System32\gdi32full.dll
0x00007ffd3a2b0000 - 0x00007ffd3a353000 	C:\WINDOWS\System32\msvcp_win.dll
0x00007ffd3bf40000 - 0x00007ffd3bf70000 	C:\WINDOWS\System32\IMM32.DLL
0x00007ffd31a80000 - 0x00007ffd31a8c000 	c:\Users\izzir\.vscode\extensions\redhat.java-1.42.0-win32-x64\jre\21.0.7-win32-x86_64\bin\vcruntime140_1.dll
0x00007ffd16890000 - 0x00007ffd1691d000 	c:\Users\izzir\.vscode\extensions\redhat.java-1.42.0-win32-x64\jre\21.0.7-win32-x86_64\bin\msvcp140.dll
0x00007ffc79d50000 - 0x00007ffc7aae0000 	c:\Users\izzir\.vscode\extensions\redhat.java-1.42.0-win32-x64\jre\21.0.7-win32-x86_64\bin\server\jvm.dll
0x00007ffd3b510000 - 0x00007ffd3b5c2000 	C:\WINDOWS\System32\ADVAPI32.dll
0x00007ffd3b9d0000 - 0x00007ffd3ba76000 	C:\WINDOWS\System32\sechost.dll
0x00007ffd3bf80000 - 0x00007ffd3c096000 	C:\WINDOWS\System32\RPCRT4.dll
0x00007ffd3cee0000 - 0x00007ffd3cf54000 	C:\WINDOWS\System32\WS2_32.dll
0x00007ffd38d60000 - 0x00007ffd38dbe000 	C:\WINDOWS\SYSTEM32\POWRPROF.dll
0x00007ffd2b0b0000 - 0x00007ffd2b0e6000 	C:\WINDOWS\SYSTEM32\WINMM.dll
0x00007ffd2e060000 - 0x00007ffd2e06b000 	C:\WINDOWS\SYSTEM32\VERSION.dll
0x00007ffd38d40000 - 0x00007ffd38d54000 	C:\WINDOWS\SYSTEM32\UMPDC.dll
0x00007ffd39010000 - 0x00007ffd3902a000 	C:\WINDOWS\SYSTEM32\kernel.appcore.dll
0x00007ffd30f50000 - 0x00007ffd30f5a000 	c:\Users\izzir\.vscode\extensions\redhat.java-1.42.0-win32-x64\jre\21.0.7-win32-x86_64\bin\jimage.dll
0x00007ffd377e0000 - 0x00007ffd37a21000 	C:\WINDOWS\SYSTEM32\DBGHELP.DLL
0x00007ffd3c3d0000 - 0x00007ffd3c754000 	C:\WINDOWS\System32\combase.dll
0x00007ffd3ae70000 - 0x00007ffd3af50000 	C:\WINDOWS\System32\OLEAUT32.dll
0x00007ffcf8270000 - 0x00007ffcf82a9000 	C:\WINDOWS\SYSTEM32\dbgcore.DLL
0x00007ffd3a9f0000 - 0x00007ffd3aa89000 	C:\WINDOWS\System32\bcryptPrimitives.dll
0x00007ffd30560000 - 0x00007ffd3056f000 	c:\Users\izzir\.vscode\extensions\redhat.java-1.42.0-win32-x64\jre\21.0.7-win32-x86_64\bin\instrument.dll
0x00007ffd204e0000 - 0x00007ffd204ff000 	c:\Users\izzir\.vscode\extensions\redhat.java-1.42.0-win32-x64\jre\21.0.7-win32-x86_64\bin\java.dll
0x00007ffd3c7b0000 - 0x00007ffd3cedd000 	C:\WINDOWS\System32\SHELL32.dll
0x00007ffd3aa90000 - 0x00007ffd3ac04000 	C:\WINDOWS\System32\wintypes.dll
0x00007ffd37da0000 - 0x00007ffd385f6000 	C:\WINDOWS\SYSTEM32\windows.storage.dll
0x00007ffd3b8d0000 - 0x00007ffd3b9bf000 	C:\WINDOWS\System32\SHCORE.dll
0x00007ffd3b5d0000 - 0x00007ffd3b639000 	C:\WINDOWS\System32\shlwapi.dll
0x00007ffd3a040000 - 0x00007ffd3a06f000 	C:\WINDOWS\SYSTEM32\profapi.dll
0x00007ffd204a0000 - 0x00007ffd204b8000 	c:\Users\izzir\.vscode\extensions\redhat.java-1.42.0-win32-x64\jre\21.0.7-win32-x86_64\bin\zip.dll
0x00007ffd2f1c0000 - 0x00007ffd2f1d0000 	C:\Users\izzir\.vscode\extensions\redhat.java-1.42.0-win32-x64\jre\21.0.7-win32-x86_64\bin\net.dll
0x00007ffd30dd0000 - 0x00007ffd30eee000 	C:\WINDOWS\SYSTEM32\WINHTTP.dll
0x00007ffd39580000 - 0x00007ffd395ea000 	C:\WINDOWS\system32\mswsock.dll
0x00007ffd1f9a0000 - 0x00007ffd1f9b6000 	C:\Users\izzir\.vscode\extensions\redhat.java-1.42.0-win32-x64\jre\21.0.7-win32-x86_64\bin\nio.dll
0x00007ffd2d3f0000 - 0x00007ffd2d400000 	c:\Users\izzir\.vscode\extensions\redhat.java-1.42.0-win32-x64\jre\21.0.7-win32-x86_64\bin\verify.dll
0x00007ffd18800000 - 0x00007ffd18845000 	C:\Users\izzir\AppData\Roaming\Code\User\globalStorage\redhat.java\1.42.0\config_win\org.eclipse.equinox.launcher\org.eclipse.equinox.launcher.win32.win32.x86_64_1.2.1300.v20250331-1702\eclipse_11911.dll
0x00007ffd3b720000 - 0x00007ffd3b8bf000 	C:\WINDOWS\System32\ole32.dll
0x00007ffd32090000 - 0x00007ffd3209a000 	C:\Users\izzir\.vscode\extensions\redhat.java-1.42.0-win32-x64\jre\21.0.7-win32-x86_64\bin\management.dll
0x00007ffd32080000 - 0x00007ffd3208b000 	C:\Users\izzir\.vscode\extensions\redhat.java-1.42.0-win32-x64\jre\21.0.7-win32-x86_64\bin\management_ext.dll
0x00007ffd3b430000 - 0x00007ffd3b438000 	C:\WINDOWS\System32\PSAPI.DLL
0x00007ffd39820000 - 0x00007ffd3983c000 	C:\WINDOWS\SYSTEM32\CRYPTSP.dll
0x00007ffd38f70000 - 0x00007ffd38faa000 	C:\WINDOWS\system32\rsaenh.dll
0x00007ffd39620000 - 0x00007ffd3964b000 	C:\WINDOWS\SYSTEM32\USERENV.dll
0x00007ffd3a010000 - 0x00007ffd3a036000 	C:\WINDOWS\SYSTEM32\bcrypt.dll
0x00007ffd39840000 - 0x00007ffd3984c000 	C:\WINDOWS\SYSTEM32\CRYPTBASE.dll
0x00007ffd38a50000 - 0x00007ffd38a83000 	C:\WINDOWS\SYSTEM32\IPHLPAPI.DLL
0x00007ffd3c3a0000 - 0x00007ffd3c3aa000 	C:\WINDOWS\System32\NSI.dll
0x00007ffd16d00000 - 0x00007ffd16d49000 	C:\Users\izzir\AppData\Local\Temp\jna-100724818\jna14272702429794397469.dll
0x00007ffd314a0000 - 0x00007ffd314bf000 	C:\WINDOWS\SYSTEM32\dhcpcsvc6.DLL
0x00007ffd31470000 - 0x00007ffd31495000 	C:\WINDOWS\SYSTEM32\dhcpcsvc.DLL
0x00007ffd31fe0000 - 0x00007ffd31fee000 	C:\Users\izzir\.vscode\extensions\redhat.java-1.42.0-win32-x64\jre\21.0.7-win32-x86_64\bin\sunmscapi.dll
0x00007ffd3a130000 - 0x00007ffd3a2a7000 	C:\WINDOWS\System32\CRYPT32.dll
0x00007ffd39a30000 - 0x00007ffd39a60000 	C:\WINDOWS\SYSTEM32\ncrypt.dll
0x00007ffd399e0000 - 0x00007ffd39a1f000 	C:\WINDOWS\SYSTEM32\NTASN1.dll
0x00007ffd38b20000 - 0x00007ffd38c47000 	C:\WINDOWS\SYSTEM32\DNSAPI.dll
0x00007ffd30590000 - 0x00007ffd3059b000 	C:\Windows\System32\rasadhlp.dll
0x00007ffd31810000 - 0x00007ffd31896000 	C:\WINDOWS\System32\fwpuclnt.dll
0x00007ffd31fd0000 - 0x00007ffd31fd9000 	C:\Users\izzir\.vscode\extensions\redhat.java-1.42.0-win32-x64\jre\21.0.7-win32-x86_64\bin\extnet.dll

dbghelp: loaded successfully - version: 4.0.5 - missing functions: none
symbol engine: initialized successfully - sym options: 0x614 - pdb path: .;c:\Users\izzir\.vscode\extensions\redhat.java-1.42.0-win32-x64\jre\21.0.7-win32-x86_64\bin;C:\WINDOWS\SYSTEM32;C:\WINDOWS\WinSxS\amd64_microsoft.windows.common-controls_6595b64144ccf1df_6.0.26100.3912_none_3e07963ce335137e;c:\Users\izzir\.vscode\extensions\redhat.java-1.42.0-win32-x64\jre\21.0.7-win32-x86_64\bin\server;C:\Users\izzir\AppData\Roaming\Code\User\globalStorage\redhat.java\1.42.0\config_win\org.eclipse.equinox.launcher\org.eclipse.equinox.launcher.win32.win32.x86_64_1.2.1300.v20250331-1702;C:\Users\izzir\AppData\Local\Temp\jna-100724818

VM Arguments:
jvm_args: --add-modules=ALL-SYSTEM --add-opens=java.base/java.util=ALL-UNNAMED --add-opens=java.base/java.lang=ALL-UNNAMED --add-opens=java.base/sun.nio.fs=ALL-UNNAMED -Declipse.application=org.eclipse.jdt.ls.core.id1 -Dosgi.bundles.defaultStartLevel=4 -Declipse.product=org.eclipse.jdt.ls.core.product -Djava.import.generatesMetadataFilesAtProjectRoot=false -DDetectVMInstallationsJob.disabled=true -Dfile.encoding=utf8 -XX:+UseParallelGC -XX:GCTimeRatio=4 -XX:AdaptiveSizePolicyWeight=90 -Dsun.zip.disableMemoryMapping=true -Xmx2G -Xms100m -Xlog:disable -javaagent:c:\Users\izzir\.vscode\extensions\redhat.java-1.42.0-win32-x64\lombok\lombok-1.18.36.jar -XX:+HeapDumpOnOutOfMemoryError -XX:HeapDumpPath=c:\Users\izzir\AppData\Roaming\Code\User\workspaceStorage\671d1b66211e74113c779bc18f7f62ec\redhat.java -Daether.dependencyCollector.impl=bf 
java_command: c:\Users\izzir\.vscode\extensions\redhat.java-1.42.0-win32-x64\server\plugins\org.eclipse.equinox.launcher_1.7.0.v20250424-1814.jar -configuration c:\Users\izzir\AppData\Roaming\Code\User\globalStorage\redhat.java\1.42.0\config_win -data c:\Users\izzir\AppData\Roaming\Code\User\workspaceStorage\671d1b66211e74113c779bc18f7f62ec\redhat.java\jdt_ws --pipe=\\.\pipe\lsp-21c5c1cdf7b68f970bd55f901e24d92e-sock
java_class_path (initial): c:\Users\izzir\.vscode\extensions\redhat.java-1.42.0-win32-x64\server\plugins\org.eclipse.equinox.launcher_1.7.0.v20250424-1814.jar
Launcher Type: SUN_STANDARD

[Global flags]
    uintx AdaptiveSizePolicyWeight                 = 90                                        {product} {command line}
     intx CICompilerCount                          = 15                                        {product} {ergonomic}
    uintx GCTimeRatio                              = 4                                         {product} {command line}
     bool HeapDumpOnOutOfMemoryError               = true                                   {manageable} {command line}
    ccstr HeapDumpPath                             = c:\Users\izzir\AppData\Roaming\Code\User\workspaceStorage\671d1b66211e74113c779bc18f7f62ec\redhat.java         {manageable} {command line}
   size_t InitialHeapSize                          = 104857600                                 {product} {command line}
   size_t MaxHeapSize                              = 2147483648                                {product} {command line}
   size_t MaxNewSize                               = 715653120                                 {product} {ergonomic}
   size_t MinHeapDeltaBytes                        = 524288                                    {product} {ergonomic}
   size_t MinHeapSize                              = 104857600                                 {product} {command line}
   size_t NewSize                                  = 34603008                                  {product} {ergonomic}
    uintx NonNMethodCodeHeapSize                   = 8192380                                {pd product} {ergonomic}
    uintx NonProfiledCodeHeapSize                  = 121732930                              {pd product} {ergonomic}
   size_t OldSize                                  = 70254592                                  {product} {ergonomic}
    uintx ProfiledCodeHeapSize                     = 121732930                              {pd product} {ergonomic}
    uintx ReservedCodeCacheSize                    = 251658240                              {pd product} {ergonomic}
     bool SegmentedCodeCache                       = true                                      {product} {ergonomic}
   size_t SoftMaxHeapSize                          = 2147483648                             {manageable} {ergonomic}
     bool UseCompressedOops                        = true                           {product lp64_product} {ergonomic}
     bool UseLargePagesIndividualAllocation        = false                                  {pd product} {ergonomic}
     bool UseParallelGC                            = true                                      {product} {command line}

Logging:
Log output configuration:
 #0: stdout all=off uptime,level,tags foldmultilines=false
 #1: stderr all=off uptime,level,tags foldmultilines=false

Environment Variables:
JAVA_HOME=C:\Program Files\Java\jdk-23.0.2
PATH=C:\Program Files\PlasticSCM5\server;C:\Program Files\PlasticSCM5\client;c:\windows\system32;c:\windows;c:\windows\system32\wbem;c:\windows\system32\windowspowershell\v1.0\;c:\windows\system32\openssh\;c:\program files\matlab\r2024b\runtime\win64;c:\program files\matlab\r2024b\bin;c:\program files\nvidia corporation\nvidia app\nvdlisr;c:\program files\java\jdk-23.0.2\bin;c:\program files\git\cmd;c:\users\izzir\appdata\local\programs\python\python310\;c:\users\izzir\appdata\local\programs\python\python310\scripts\;;C:\Program Files (x86)\NVIDIA Corporation\PhysX\Common;C:\Program Files\PowerShell\7-preview\preview;C:\Program Files\PowerShell\7\;C:\Program Files\dotnet\;C:\Program Files (x86)\Windows Kits\10\Windows Performance Toolkit\;C:\Users\izzir\AppData\Local\Microsoft\WindowsApps;C:\Users\izzir\AppData\Local\GitHubDesktop\bin;C:\Users\izzir\AppData\Local\Programs\Microsoft VS Code\bin;C:\Users\izzir\.dotnet\tools
USERNAME=izzir
OS=Windows_NT
PROCESSOR_IDENTIFIER=Intel64 Family 6 Model 183 Stepping 1, GenuineIntel
TMP=C:\Users\izzir\AppData\Local\Temp
TEMP=C:\Users\izzir\AppData\Local\Temp




Periodic native trim disabled

---------------  S Y S T E M  ---------------

OS:
 Windows 11 , 64 bit Build 26100 (10.0.26100.3912)
OS uptime: 0 days 3:15 hours
Hyper-V role detected

CPU: total 32 (initial active 32) (16 cores per cpu, 2 threads per core) family 6 model 183 stepping 1 microcode 0x129, cx8, cmov, fxsr, ht, mmx, 3dnowpref, sse, sse2, sse3, ssse3, sse4.1, sse4.2, popcnt, lzcnt, tsc, tscinvbit, avx, avx2, aes, erms, clmul, bmi1, bmi2, adx, sha, fma, vzeroupper, clflush, clflushopt, clwb, hv, serialize, rdtscp, rdpid, fsrm, f16c, cet_ibt, cet_ss
Processor Information for processor 0
  Max Mhz: 2200, Current Mhz: 2200, Mhz Limit: 2200
Processor Information for processor 1
  Max Mhz: 2200, Current Mhz: 1466, Mhz Limit: 2200
Processor Information for processor 2
  Max Mhz: 2200, Current Mhz: 2200, Mhz Limit: 2200
Processor Information for processor 3
  Max Mhz: 2200, Current Mhz: 1466, Mhz Limit: 2200
Processor Information for processor 4
  Max Mhz: 2200, Current Mhz: 1466, Mhz Limit: 2200
Processor Information for processor 5
  Max Mhz: 2200, Current Mhz: 1466, Mhz Limit: 2200
Processor Information for processor 6
  Max Mhz: 2200, Current Mhz: 1466, Mhz Limit: 2200
Processor Information for processor 7
  Max Mhz: 2200, Current Mhz: 1466, Mhz Limit: 2200
Processor Information for processor 8
  Max Mhz: 2200, Current Mhz: 2200, Mhz Limit: 2200
Processor Information for processor 9
  Max Mhz: 2200, Current Mhz: 1466, Mhz Limit: 2200
Processor Information for processor 10
  Max Mhz: 2200, Current Mhz: 1466, Mhz Limit: 2200
Processor Information for processor 11
  Max Mhz: 2200, Current Mhz: 1466, Mhz Limit: 2200
Processor Information for processor 12
  Max Mhz: 2200, Current Mhz: 1466, Mhz Limit: 2200
Processor Information for processor 13
  Max Mhz: 2200, Current Mhz: 1466, Mhz Limit: 2200
Processor Information for processor 14
  Max Mhz: 2200, Current Mhz: 2200, Mhz Limit: 2200
Processor Information for processor 15
  Max Mhz: 2200, Current Mhz: 1466, Mhz Limit: 2200
Processor Information for processor 16
  Max Mhz: 2200, Current Mhz: 2200, Mhz Limit: 2200
Processor Information for processor 17
  Max Mhz: 2200, Current Mhz: 2200, Mhz Limit: 2200
Processor Information for processor 18
  Max Mhz: 2200, Current Mhz: 2200, Mhz Limit: 2200
Processor Information for processor 19
  Max Mhz: 2200, Current Mhz: 2200, Mhz Limit: 2200
Processor Information for processor 20
  Max Mhz: 2200, Current Mhz: 2200, Mhz Limit: 2200
Processor Information for processor 21
  Max Mhz: 2200, Current Mhz: 2200, Mhz Limit: 2200
Processor Information for processor 22
  Max Mhz: 2200, Current Mhz: 2200, Mhz Limit: 2200
Processor Information for processor 23
  Max Mhz: 2200, Current Mhz: 2200, Mhz Limit: 2200
Processor Information for processor 24
  Max Mhz: 2200, Current Mhz: 2200, Mhz Limit: 2200
Processor Information for processor 25
  Max Mhz: 2200, Current Mhz: 2200, Mhz Limit: 2200
Processor Information for processor 26
  Max Mhz: 2200, Current Mhz: 2200, Mhz Limit: 2200
Processor Information for processor 27
  Max Mhz: 2200, Current Mhz: 2200, Mhz Limit: 2200
Processor Information for processor 28
  Max Mhz: 2200, Current Mhz: 2200, Mhz Limit: 2200
Processor Information for processor 29
  Max Mhz: 2200, Current Mhz: 2200, Mhz Limit: 2200
Processor Information for processor 30
  Max Mhz: 2200, Current Mhz: 2200, Mhz Limit: 2200
Processor Information for processor 31
  Max Mhz: 2200, Current Mhz: 2200, Mhz Limit: 2200

Memory: 4k page, system-wide physical 16088M (5316M free)
TotalPageFile size 32472M (AvailPageFile size 16391M)
current process WorkingSet (physical memory assigned to process): 708M, peak: 1866M
current process commit charge ("private bytes"): 808M, peak: 1902M

vm_info: OpenJDK 64-Bit Server VM (21.0.7+6-LTS) for windows-amd64 JRE (21.0.7+6-LTS), built on 2025-04-15T00:00:00Z by "admin" with MS VC++ 17.7 (VS2022)

END.
